#
# A fatal error has been detected by the Java Runtime Environment:
#
#  Internal Error (javaCalls.cpp:51), pid=14536, tid=0x0000000000006bd4
#  guarantee(thread->is_Java_thread()) failed: crucial check - the VM thread cannot and must not escape to Java code
#
# JRE version: Java(TM) SE Runtime Environment (8.0_331-b09) (build 1.8.0_331-b09)
# Java VM: Java HotSpot(TM) 64-Bit Server VM (25.331-b09 mixed mode windows-amd64 compressed oops)
# Failed to write core dump. Minidumps are not enabled by default on client versions of Windows
#
# If you would like to submit a bug report, please visit:
#   http://bugreport.java.com/bugreport/crash.jsp
#

---------------  T H R E A D  ---------------

Current thread (0x00000149d63e7000):  VMThread [stack: 0x00000034b0b00000,0x00000034b0c00000] [id=27604]

Stack: [0x00000034b0b00000,0x00000034b0c00000]
Native frames: (J=compiled Java code, j=interpreted, Vv=VM code, C=native code)
V  [jvm.dll+0x32fc49]
V  [jvm.dll+0x2761a2]
V  [jvm.dll+0x276e4d]
V  [jvm.dll+0x26d777]
V  [jvm.dll+0x20b7bd]
V  [jvm.dll+0x20be07]
V  [jvm.dll+0x32fb62]
V  [jvm.dll+0x20c431]
V  [jvm.dll+0x26e9e5]
V  [jvm.dll+0x26ec2d]
V  [jvm.dll+0x26ed79]
V  [jvm.dll+0x10b618]
V  [jvm.dll+0x109139]
V  [jvm.dll+0x1098ae]
V  [jvm.dll+0x106eea]
V  [jvm.dll+0x10606a]
V  [jvm.dll+0xcd94b]
V  [jvm.dll+0xce4f4]
V  [jvm.dll+0x112eb4]
V  [jvm.dll+0x136220]
V  [jvm.dll+0x1b9851]
V  [jvm.dll+0x246507]
V  [jvm.dll+0x244c55]
V  [jvm.dll+0x2453ec]
V  [jvm.dll+0x2456fc]
V  [jvm.dll+0x292edc]
C  [ucrtbase.dll+0x21542]
C  [KERNEL32.DLL+0x16fd4]
C  [ntdll.dll+0x4cec1]

VM_Operation (0x00000034b10ff460): GetOrSetLocal, mode: safepoint, requested by thread 0x00000149d6465000


---------------  P R O C E S S  ---------------

Java Threads: ( => current thread )
  0x00000149dd384800 JavaThread "AWT-Windows" daemon [_thread_in_native, id=19180, stack(0x00000034b1b00000,0x00000034b1c00000)]
  0x00000149dd0e0800 JavaThread "Java2D Disposer" daemon [_thread_blocked, id=4192, stack(0x00000034b1900000,0x00000034b1a00000)]
  0x00000149d87b2800 JavaThread "Service Thread" daemon [_thread_blocked, id=6572, stack(0x00000034b1700000,0x00000034b1800000)]
  0x00000149d8702800 JavaThread "C1 CompilerThread3" daemon [_thread_blocked, id=17664, stack(0x00000034b1600000,0x00000034b1700000)]
  0x00000149d86ff800 JavaThread "C2 CompilerThread2" daemon [_thread_blocked, id=2588, stack(0x00000034b1500000,0x00000034b1600000)]
  0x00000149d87be800 JavaThread "C2 CompilerThread1" daemon [_thread_blocked, id=12528, stack(0x00000034b1400000,0x00000034b1500000)]
  0x00000149d87c8800 JavaThread "C2 CompilerThread0" daemon [_thread_blocked, id=15420, stack(0x00000034b1300000,0x00000034b1400000)]
  0x00000149d6468800 JavaThread "JDWP Command Reader" daemon [_thread_in_native, id=6664, stack(0x00000034b1200000,0x00000034b1300000)]
  0x00000149d6467800 JavaThread "JDWP Event Helper Thread" daemon [_thread_blocked, id=27092, stack(0x00000034b1100000,0x00000034b1200000)]
  0x00000149d6465000 JavaThread "JDWP Transport Listener: dt_socket" daemon [_thread_blocked, id=20880, stack(0x00000034b1000000,0x00000034b1100000)]
  0x00000149d6439800 JavaThread "Attach Listener" daemon [_thread_blocked, id=6432, stack(0x00000034b0f00000,0x00000034b1000000)]
  0x00000149d6438800 JavaThread "Signal Dispatcher" daemon [_thread_blocked, id=15004, stack(0x00000034b0e00000,0x00000034b0f00000)]
  0x00000149d6416800 JavaThread "Finalizer" daemon [_thread_blocked, id=18424, stack(0x00000034b0d00000,0x00000034b0e00000)]
  0x00000149d640e800 JavaThread "Reference Handler" daemon [_thread_blocked, id=16208, stack(0x00000034b0c00000,0x00000034b0d00000)]
  0x00000149bb8d8800 JavaThread "main" [_thread_blocked, id=12884, stack(0x00000034b0200000,0x00000034b0300000)]

Other Threads:
=>0x00000149d63e7000 VMThread [stack: 0x00000034b0b00000,0x00000034b0c00000] [id=27604]
  0x00000149d87b3800 WatcherThread [stack: 0x00000034b1800000,0x00000034b1900000] [id=16640]

VM state:at safepoint (normal execution)

VM Mutex/Monitor currently owned by a thread:  ([mutex/lock_event])
[0x00000149bb8d6b30] Threads_lock - owner thread: 0x00000149d63e7000

heap address: 0x00000006c4000000, size: 4032 MB, Compressed Oops mode: Zero based, Oop shift amount: 3
Narrow klass base: 0x0000000000000000, Narrow klass shift: 3
Compressed class space size: 1073741824 Address: 0x00000007c0000000

Heap:
 PSYoungGen      total 56832K, used 6378K [0x000000076c000000, 0x000000076f880000, 0x00000007c0000000)
  eden space 56320K, 11% used [0x000000076c000000,0x000000076c63aae8,0x000000076f700000)
  from space 512K, 0% used [0x000000076f800000,0x000000076f800000,0x000000076f880000)
  to   space 512K, 0% used [0x000000076f780000,0x000000076f780000,0x000000076f800000)
 ParOldGen       total 172032K, used 4872K [0x00000006c4000000, 0x00000006ce800000, 0x000000076c000000)
  object space 172032K, 2% used [0x00000006c4000000,0x00000006c44c20f8,0x00000006ce800000)
 Metaspace       used 16380K, capacity 16600K, committed 16768K, reserved 1064960K
  class space    used 1532K, capacity 1606K, committed 1664K, reserved 1048576K

Card table byte_map: [0x00000149cc660000,0x00000149cce50000] byte_map_base: 0x00000149c9040000

Marking Bits: (ParMarkBitMap*) 0x0000000070499030
 Begin Bits: [0x00000149cd390000, 0x00000149d1290000)
 End Bits:   [0x00000149d1290000, 0x00000149d5190000)

Polling page: 0x00000149bd270000

CodeCache: size=245760Kb used=6859Kb max_used=6897Kb free=238900Kb
 bounds [0x00000149bd2a0000, 0x00000149bd980000, 0x00000149cc2a0000]
 total_blobs=2193 nmethods=1599 adapters=515
 compilation: enabled

Compilation events (10 events):
Event: 22.251 Thread 0x00000149d87be800 1881   !   4       java.lang.StringCoding::encode (120 bytes)
Event: 22.258 Thread 0x00000149d87c8800 nmethod 1880 0x00000149bd950d50 code [0x00000149bd950f20, 0x00000149bd951a40]
Event: 22.267 Thread 0x00000149d87be800 nmethod 1881 0x00000149bd952750 code [0x00000149bd952900, 0x00000149bd953248]
Event: 22.296 Thread 0x00000149d86ff800 nmethod 1878 0x00000149bd958890 code [0x00000149bd958bc0, 0x00000149bd95c088]
Event: 672.232 Thread 0x00000149d87be800 1882       4       org.eclipse.jdt.launching.internal.org.objectweb.asm.MethodWriter::computeMethodInfoSize (685 bytes)
Event: 672.232 Thread 0x00000149d87c8800 1883       4       org.eclipse.jdt.launching.internal.org.objectweb.asm.MethodWriter::putMethodInfo (1428 bytes)
Event: 672.246 Thread 0x00000149d87be800 nmethod 1882 0x00000149bd957190 code [0x00000149bd9573c0, 0x00000149bd957ed0]
Event: 672.360 Thread 0x00000149d87c8800 nmethod 1883 0x00000149bd965ed0 code [0x00000149bd966400, 0x00000149bd96c118]
Event: 689.150 Thread 0x00000149d86ff800 1884       4       org.eclipse.jdt.launching.internal.org.objectweb.asm.Type::getArgumentsAndReturnSizes (138 bytes)
Event: 689.157 Thread 0x00000149d86ff800 nmethod 1884 0x00000149bd94e650 code [0x00000149bd94e7c0, 0x00000149bd94edf8]

GC Heap History (10 events):
Event: 22.098 GC heap before
{Heap before GC invocations=217 (full 103):
 PSYoungGen      total 56832K, used 224K [0x000000076c000000, 0x000000076f880000, 0x00000007c0000000)
  eden space 56320K, 0% used [0x000000076c000000,0x000000076c000000,0x000000076f700000)
  from space 512K, 43% used [0x000000076f800000,0x000000076f838000,0x000000076f880000)
  to   space 512K, 0% used [0x000000076f780000,0x000000076f780000,0x000000076f800000)
 ParOldGen       total 172032K, used 4839K [0x00000006c4000000, 0x00000006ce800000, 0x000000076c000000)
  object space 172032K, 2% used [0x00000006c4000000,0x00000006c44b9ed0,0x00000006ce800000)
 Metaspace       used 16119K, capacity 16280K, committed 16512K, reserved 1064960K
  class space    used 1524K, capacity 1606K, committed 1664K, reserved 1048576K
Event: 22.117 GC heap after
Heap after GC invocations=217 (full 103):
 PSYoungGen      total 56832K, used 0K [0x000000076c000000, 0x000000076f880000, 0x00000007c0000000)
  eden space 56320K, 0% used [0x000000076c000000,0x000000076c000000,0x000000076f700000)
  from space 512K, 0% used [0x000000076f800000,0x000000076f800000,0x000000076f880000)
  to   space 512K, 0% used [0x000000076f780000,0x000000076f780000,0x000000076f800000)
 ParOldGen       total 172032K, used 4785K [0x00000006c4000000, 0x00000006ce800000, 0x000000076c000000)
  object space 172032K, 2% used [0x00000006c4000000,0x00000006c44ac518,0x00000006ce800000)
 Metaspace       used 16119K, capacity 16280K, committed 16512K, reserved 1064960K
  class space    used 1524K, capacity 1606K, committed 1664K, reserved 1048576K
}
Event: 22.118 GC heap before
{Heap before GC invocations=218 (full 103):
 PSYoungGen      total 56832K, used 1096K [0x000000076c000000, 0x000000076f880000, 0x00000007c0000000)
  eden space 56320K, 1% used [0x000000076c000000,0x000000076c112298,0x000000076f700000)
  from space 512K, 0% used [0x000000076f800000,0x000000076f800000,0x000000076f880000)
  to   space 512K, 0% used [0x000000076f780000,0x000000076f780000,0x000000076f800000)
 ParOldGen       total 172032K, used 4785K [0x00000006c4000000, 0x00000006ce800000, 0x000000076c000000)
  object space 172032K, 2% used [0x00000006c4000000,0x00000006c44ac518,0x00000006ce800000)
 Metaspace       used 16119K, capacity 16280K, committed 16512K, reserved 1064960K
  class space    used 1524K, capacity 1606K, committed 1664K, reserved 1048576K
Event: 22.119 GC heap after
Heap after GC invocations=218 (full 103):
 PSYoungGen      total 56832K, used 191K [0x000000076c000000, 0x000000076f880000, 0x00000007c0000000)
  eden space 56320K, 0% used [0x000000076c000000,0x000000076c000000,0x000000076f700000)
  from space 512K, 37% used [0x000000076f780000,0x000000076f7afc90,0x000000076f800000)
  to   space 512K, 0% used [0x000000076f800000,0x000000076f800000,0x000000076f880000)
 ParOldGen       total 172032K, used 4785K [0x00000006c4000000, 0x00000006ce800000, 0x000000076c000000)
  object space 172032K, 2% used [0x00000006c4000000,0x00000006c44ac518,0x00000006ce800000)
 Metaspace       used 16119K, capacity 16280K, committed 16512K, reserved 1064960K
  class space    used 1524K, capacity 1606K, committed 1664K, reserved 1048576K
}
Event: 22.119 GC heap before
{Heap before GC invocations=219 (full 104):
 PSYoungGen      total 56832K, used 191K [0x000000076c000000, 0x000000076f880000, 0x00000007c0000000)
  eden space 56320K, 0% used [0x000000076c000000,0x000000076c000000,0x000000076f700000)
  from space 512K, 37% used [0x000000076f780000,0x000000076f7afc90,0x000000076f800000)
  to   space 512K, 0% used [0x000000076f800000,0x000000076f800000,0x000000076f880000)
 ParOldGen       total 172032K, used 4785K [0x00000006c4000000, 0x00000006ce800000, 0x000000076c000000)
  object space 172032K, 2% used [0x00000006c4000000,0x00000006c44ac518,0x00000006ce800000)
 Metaspace       used 16119K, capacity 16280K, committed 16512K, reserved 1064960K
  class space    used 1524K, capacity 1606K, committed 1664K, reserved 1048576K
Event: 22.138 GC heap after
Heap after GC invocations=219 (full 104):
 PSYoungGen      total 56832K, used 0K [0x000000076c000000, 0x000000076f880000, 0x00000007c0000000)
  eden space 56320K, 0% used [0x000000076c000000,0x000000076c000000,0x000000076f700000)
  from space 512K, 0% used [0x000000076f780000,0x000000076f780000,0x000000076f800000)
  to   space 512K, 0% used [0x000000076f800000,0x000000076f800000,0x000000076f880000)
 ParOldGen       total 172032K, used 4833K [0x00000006c4000000, 0x00000006ce800000, 0x000000076c000000)
  object space 172032K, 2% used [0x00000006c4000000,0x00000006c44b8790,0x00000006ce800000)
 Metaspace       used 16119K, capacity 16280K, committed 16512K, reserved 1064960K
  class space    used 1524K, capacity 1606K, committed 1664K, reserved 1048576K
}
Event: 22.140 GC heap before
{Heap before GC invocations=220 (full 104):
 PSYoungGen      total 56832K, used 1096K [0x000000076c000000, 0x000000076f880000, 0x00000007c0000000)
  eden space 56320K, 1% used [0x000000076c000000,0x000000076c112298,0x000000076f700000)
  from space 512K, 0% used [0x000000076f780000,0x000000076f780000,0x000000076f800000)
  to   space 512K, 0% used [0x000000076f800000,0x000000076f800000,0x000000076f880000)
 ParOldGen       total 172032K, used 4833K [0x00000006c4000000, 0x00000006ce800000, 0x000000076c000000)
  object space 172032K, 2% used [0x00000006c4000000,0x00000006c44b8790,0x00000006ce800000)
 Metaspace       used 16119K, capacity 16280K, committed 16512K, reserved 1064960K
  class space    used 1524K, capacity 1606K, committed 1664K, reserved 1048576K
Event: 22.142 GC heap after
Heap after GC invocations=220 (full 104):
 PSYoungGen      total 56832K, used 191K [0x000000076c000000, 0x000000076f880000, 0x00000007c0000000)
  eden space 56320K, 0% used [0x000000076c000000,0x000000076c000000,0x000000076f700000)
  from space 512K, 37% used [0x000000076f800000,0x000000076f82fce0,0x000000076f880000)
  to   space 512K, 0% used [0x000000076f780000,0x000000076f780000,0x000000076f800000)
 ParOldGen       total 172032K, used 4833K [0x00000006c4000000, 0x00000006ce800000, 0x000000076c000000)
  object space 172032K, 2% used [0x00000006c4000000,0x00000006c44b8790,0x00000006ce800000)
 Metaspace       used 16119K, capacity 16280K, committed 16512K, reserved 1064960K
  class space    used 1524K, capacity 1606K, committed 1664K, reserved 1048576K
}
Event: 22.142 GC heap before
{Heap before GC invocations=221 (full 105):
 PSYoungGen      total 56832K, used 191K [0x000000076c000000, 0x000000076f880000, 0x00000007c0000000)
  eden space 56320K, 0% used [0x000000076c000000,0x000000076c000000,0x000000076f700000)
  from space 512K, 37% used [0x000000076f800000,0x000000076f82fce0,0x000000076f880000)
  to   space 512K, 0% used [0x000000076f780000,0x000000076f780000,0x000000076f800000)
 ParOldGen       total 172032K, used 4833K [0x00000006c4000000, 0x00000006ce800000, 0x000000076c000000)
  object space 172032K, 2% used [0x00000006c4000000,0x00000006c44b8790,0x00000006ce800000)
 Metaspace       used 16119K, capacity 16280K, committed 16512K, reserved 1064960K
  class space    used 1524K, capacity 1606K, committed 1664K, reserved 1048576K
Event: 22.161 GC heap after
Heap after GC invocations=221 (full 105):
 PSYoungGen      total 56832K, used 0K [0x000000076c000000, 0x000000076f880000, 0x00000007c0000000)
  eden space 56320K, 0% used [0x000000076c000000,0x000000076c000000,0x000000076f700000)
  from space 512K, 0% used [0x000000076f800000,0x000000076f800000,0x000000076f880000)
  to   space 512K, 0% used [0x000000076f780000,0x000000076f780000,0x000000076f800000)
 ParOldGen       total 172032K, used 4872K [0x00000006c4000000, 0x00000006ce800000, 0x000000076c000000)
  object space 172032K, 2% used [0x00000006c4000000,0x00000006c44c20f8,0x00000006ce800000)
 Metaspace       used 16119K, capacity 16280K, committed 16512K, reserved 1064960K
  class space    used 1524K, capacity 1606K, committed 1664K, reserved 1048576K
}

Deoptimization events (10 events):
Event: 15.922 Thread 0x00000149bb8d8800 Uncommon trap: reason=unstable_if action=reinterpret pc=0x00000149bd519f1c method=javajs.util.PT.parseFloatChecked(Ljava/lang/String;I[IZ)F @ 271
Event: 15.947 Thread 0x00000149bb8d8800 Uncommon trap: reason=unstable_if action=reinterpret pc=0x00000149bd499938 method=org.jmol.util.Edge.getCovalentBondOrder(I)I @ 47
Event: 16.613 Thread 0x00000149bb8d8800 Uncommon trap: reason=unstable_if action=reinterpret pc=0x00000149bd416e28 method=java.util.Hashtable.get(Ljava/lang/Object;)Ljava/lang/Object; @ 48
Event: 17.594 Thread 0x00000149bb8d8800 Uncommon trap: reason=unstable_if action=reinterpret pc=0x00000149bd83591c method=org.jmol.modelset.Atom.getEdges()[Lorg/jmol/util/Edge; @ 4
Event: 17.594 Thread 0x00000149bb8d8800 Uncommon trap: reason=unstable_if action=reinterpret pc=0x00000149bd466ba4 method=org.jmol.modelset.Atom.getCovalentBondCount()I @ 4
Event: 17.705 Thread 0x00000149bb8d8800 Uncommon trap: reason=unstable_if action=reinterpret pc=0x00000149bd8b7a5c method=javajs.util.PT.parseIntChecked(Ljava/lang/String;I[I)I @ 82
Event: 17.707 Thread 0x00000149bb8d8800 Uncommon trap: reason=unstable_if action=reinterpret pc=0x00000149bd88cd40 method=java.nio.charset.CharsetEncoder.encode(Ljava/nio/CharBuffer;Ljava/nio/ByteBuffer;Z)Ljava/nio/charset/CoderResult; @ 15
Event: 21.278 Thread 0x00000149bb8d8800 Uncommon trap: reason=unstable_if action=reinterpret pc=0x00000149bd881004 method=java.lang.AbstractStringBuilder.append(I)Ljava/lang/AbstractStringBuilder; @ 16
Event: 21.278 Thread 0x00000149bb8d8800 Uncommon trap: reason=unstable_if action=reinterpret pc=0x00000149bd4eb568 method=java.lang.Integer.getChars(II[C)V @ 7
Event: 22.174 Thread 0x00000149bb8d8800 Uncommon trap: reason=unstable_if action=reinterpret pc=0x00000149bd4dca5c method=java.util.ArrayList.indexOf(Ljava/lang/Object;)I @ 41

Classes redefined (6 events):
Event: 672.256 Thread 0x00000149d63e7000 redefined class name=com.integratedgraphics.ifd.Extractor$CacheRepresentation, count=1
Event: 672.263 Thread 0x00000149d63e7000 redefined class name=com.integratedgraphics.ifd.Extractor$ObjectParser, count=1
Event: 672.271 Thread 0x00000149d63e7000 redefined class name=com.integratedgraphics.ifd.Extractor, count=1
Event: 689.179 Thread 0x00000149d63e7000 redefined class name=com.integratedgraphics.ifd.Extractor$CacheRepresentation, count=2
Event: 689.186 Thread 0x00000149d63e7000 redefined class name=com.integratedgraphics.ifd.Extractor$ObjectParser, count=2
Event: 689.193 Thread 0x00000149d63e7000 redefined class name=com.integratedgraphics.ifd.Extractor, count=2

Internal exceptions (10 events):
Event: 2.751 Thread 0x00000149bb8d8800 Exception <a 'java/lang/ClassNotFoundException': java/lang/ObjectCustomizer> (0x000000076c6baf68) thrown at [C:\jenkins\workspace\8-2-build-windows-amd64-cygwin\jdk8u331\2416\hotspot\src\share\vm\classfile\systemDictionary.cpp, line 212]
Event: 2.759 Thread 0x00000149bb8d8800 Exception <a 'java/lang/ClassNotFoundException': org/apache/log4j/LayoutCustomizer> (0x000000076c6e9918) thrown at [C:\jenkins\workspace\8-2-build-windows-amd64-cygwin\jdk8u331\2416\hotspot\src\share\vm\classfile\systemDictionary.cpp, line 212]
Event: 2.761 Thread 0x00000149bb8d8800 Exception <a 'java/lang/ClassNotFoundException': org/apache/log4j/PatternLayoutCustomizer> (0x000000076c713750) thrown at [C:\jenkins\workspace\8-2-build-windows-amd64-cygwin\jdk8u331\2416\hotspot\src\share\vm\classfile\systemDictionary.cpp, line 212]
Event: 2.763 Thread 0x00000149bb8d8800 Exception <a 'java/lang/ClassNotFoundException': org/apache/log4j/ConsoleAppenderBeanInfo> (0x000000076c71eeb0) thrown at [C:\jenkins\workspace\8-2-build-windows-amd64-cygwin\jdk8u331\2416\hotspot\src\share\vm\classfile\systemDictionary.cpp, line 212]
Event: 2.763 Thread 0x00000149bb8d8800 Exception <a 'java/lang/ClassNotFoundException': org/apache/log4j/WriterAppenderBeanInfo> (0x000000076c723690) thrown at [C:\jenkins\workspace\8-2-build-windows-amd64-cygwin\jdk8u331\2416\hotspot\src\share\vm\classfile\systemDictionary.cpp, line 212]
Event: 2.764 Thread 0x00000149bb8d8800 Exception <a 'java/lang/ClassNotFoundException': org/apache/log4j/AppenderSkeletonBeanInfo> (0x000000076c727f78) thrown at [C:\jenkins\workspace\8-2-build-windows-amd64-cygwin\jdk8u331\2416\hotspot\src\share\vm\classfile\systemDictionary.cpp, line 212]
Event: 2.764 Thread 0x00000149bb8d8800 Exception <a 'java/lang/ClassNotFoundException': org/apache/log4j/AppenderSkeletonCustomizer> (0x000000076c72c9d8) thrown at [C:\jenkins\workspace\8-2-build-windows-amd64-cygwin\jdk8u331\2416\hotspot\src\share\vm\classfile\systemDictionary.cpp, line 212]
Event: 2.766 Thread 0x00000149bb8d8800 Exception <a 'java/lang/ClassNotFoundException': org/apache/log4j/WriterAppenderCustomizer> (0x000000076c7481e0) thrown at [C:\jenkins\workspace\8-2-build-windows-amd64-cygwin\jdk8u331\2416\hotspot\src\share\vm\classfile\systemDictionary.cpp, line 212]
Event: 2.767 Thread 0x00000149bb8d8800 Exception <a 'java/lang/ClassNotFoundException': org/apache/log4j/ConsoleAppenderCustomizer> (0x000000076c7599f0) thrown at [C:\jenkins\workspace\8-2-build-windows-amd64-cygwin\jdk8u331\2416\hotspot\src\share\vm\classfile\systemDictionary.cpp, line 212]
Event: 17.594 Thread 0x00000149bb8d8800 Implicit null exception at 0x00000149bd466752 to 0x00000149bd466b91

Events (10 events):
Event: 689.244 Executing VM operation: GetCurrentContendedMonitor done
Event: 689.244 Executing VM operation: GetOwnedMonitorInfo
Event: 689.244 Executing VM operation: GetOwnedMonitorInfo done
Event: 689.244 Executing VM operation: GetCurrentContendedMonitor
Event: 689.244 Executing VM operation: GetCurrentContendedMonitor done
Event: 689.244 Executing VM operation: GetCurrentContendedMonitor
Event: 689.245 Executing VM operation: GetCurrentContendedMonitor done
Event: 689.245 Executing VM operation: GetOwnedMonitorInfo
Event: 689.245 Executing VM operation: GetOwnedMonitorInfo done
Event: 689.947 Executing VM operation: GetOrSetLocal


Dynamic libraries:
0x00007ff6af8f0000 - 0x00007ff6af937000 	C:\Program Files\Java\jdk1.8.0_331\bin\javaw.exe
0x00007ff851a70000 - 0x00007ff851c64000 	C:\WINDOWS\SYSTEM32\ntdll.dll
0x00007ff84ffc0000 - 0x00007ff85007d000 	C:\WINDOWS\System32\KERNEL32.DLL
0x00007ff84f810000 - 0x00007ff84fad7000 	C:\WINDOWS\System32\KERNELBASE.dll
0x00007ff851980000 - 0x00007ff851a2a000 	C:\WINDOWS\System32\ADVAPI32.dll
0x00007ff850090000 - 0x00007ff85012e000 	C:\WINDOWS\System32\msvcrt.dll
0x00007ff850400000 - 0x00007ff85049b000 	C:\WINDOWS\System32\sechost.dll
0x00007ff850a30000 - 0x00007ff850b53000 	C:\WINDOWS\System32\RPCRT4.dll
0x00007ff84fe20000 - 0x00007ff84ffc0000 	C:\WINDOWS\System32\USER32.dll
0x00007ff84f680000 - 0x00007ff84f6a2000 	C:\WINDOWS\System32\win32u.dll
0x00007ff851760000 - 0x00007ff85178a000 	C:\WINDOWS\System32\GDI32.dll
0x00007ff84f4a0000 - 0x00007ff84f5a9000 	C:\WINDOWS\System32\gdi32full.dll
0x00007ff84f1c0000 - 0x00007ff84f25d000 	C:\WINDOWS\System32\msvcp_win.dll
0x00007ff84f710000 - 0x00007ff84f810000 	C:\WINDOWS\System32\ucrtbase.dll
0x00007ff840ba0000 - 0x00007ff840e3a000 	C:\WINDOWS\WinSxS\amd64_microsoft.windows.common-controls_6595b64144ccf1df_6.0.19041.1_none_b555e41d4684ddec\COMCTL32.dll
0x00007ff850920000 - 0x00007ff850950000 	C:\WINDOWS\System32\IMM32.DLL
0x00007ff84af50000 - 0x00007ff84af65000 	C:\Program Files\Java\jdk1.8.0_331\jre\bin\vcruntime140.dll
0x00007ff8219d0000 - 0x00007ff821a6b000 	C:\Program Files\Java\jdk1.8.0_331\jre\bin\msvcp140.dll
0x000000006fcb0000 - 0x0000000070511000 	C:\Program Files\Java\jdk1.8.0_331\jre\bin\server\jvm.dll
0x00007ff850910000 - 0x00007ff850918000 	C:\WINDOWS\System32\PSAPI.DLL
0x00007ff847f30000 - 0x00007ff847f3a000 	C:\WINDOWS\SYSTEM32\VERSION.dll
0x00007ff83ef00000 - 0x00007ff83ef27000 	C:\WINDOWS\SYSTEM32\WINMM.dll
0x00007ff83da20000 - 0x00007ff83da29000 	C:\WINDOWS\SYSTEM32\WSOCK32.dll
0x00007ff8516f0000 - 0x00007ff85175b000 	C:\WINDOWS\System32\WS2_32.dll
0x00007ff84d130000 - 0x00007ff84d143000 	C:\WINDOWS\SYSTEM32\kernel.appcore.dll
0x00007ff84b380000 - 0x00007ff84b390000 	C:\Program Files\Java\jdk1.8.0_331\jre\bin\verify.dll
0x00007ff83fba0000 - 0x00007ff83fbcb000 	C:\Program Files\Java\jdk1.8.0_331\jre\bin\java.dll
0x00007ff83df80000 - 0x00007ff83dfb6000 	C:\Program Files\Java\jdk1.8.0_331\jre\bin\jdwp.dll
0x00007ff84b2d0000 - 0x00007ff84b2d9000 	C:\Program Files\Java\jdk1.8.0_331\jre\bin\npt.dll
0x00007ff82dda0000 - 0x00007ff82ddd0000 	C:\Program Files\Java\jdk1.8.0_331\jre\bin\instrument.dll
0x00007ff84a650000 - 0x00007ff84a668000 	C:\Program Files\Java\jdk1.8.0_331\jre\bin\zip.dll
0x00007ff850c50000 - 0x00007ff851381000 	C:\WINDOWS\System32\SHELL32.dll
0x00007ff84d350000 - 0x00007ff84dada000 	C:\WINDOWS\SYSTEM32\windows.storage.dll
0x00007ff851390000 - 0x00007ff8516e4000 	C:\WINDOWS\System32\combase.dll
0x00007ff84ec40000 - 0x00007ff84ec6b000 	C:\WINDOWS\SYSTEM32\Wldp.dll
0x00007ff84fca0000 - 0x00007ff84fd4e000 	C:\WINDOWS\System32\SHCORE.dll
0x00007ff850340000 - 0x00007ff850395000 	C:\WINDOWS\System32\shlwapi.dll
0x00007ff84f100000 - 0x00007ff84f11f000 	C:\WINDOWS\SYSTEM32\profapi.dll
0x00007ff84a610000 - 0x00007ff84a61a000 	C:\Program Files\Java\jdk1.8.0_331\jre\bin\dt_socket.dll
0x00007ff82ef00000 - 0x00007ff82ef17000 	C:\WINDOWS\system32\napinsp.dll
0x00007ff82ef20000 - 0x00007ff82ef3b000 	C:\WINDOWS\system32\pnrpnsp.dll
0x00007ff84bb00000 - 0x00007ff84bb15000 	C:\WINDOWS\system32\wshbth.dll
0x00007ff84b8e0000 - 0x00007ff84b8fd000 	C:\WINDOWS\system32\NLAapi.dll
0x00007ff84e660000 - 0x00007ff84e69b000 	C:\WINDOWS\SYSTEM32\IPHLPAPI.DLL
0x00007ff84e9c0000 - 0x00007ff84ea2a000 	C:\WINDOWS\System32\mswsock.dll
0x00007ff84e6b0000 - 0x00007ff84e77a000 	C:\WINDOWS\SYSTEM32\DNSAPI.dll
0x00007ff84fae0000 - 0x00007ff84fae9000 	C:\WINDOWS\System32\NSI.dll
0x00007ff82ef40000 - 0x00007ff82ef52000 	C:\WINDOWS\System32\winrnr.dll
0x00007ff84b680000 - 0x00007ff84b6ff000 	C:\WINDOWS\System32\fwpuclnt.dll
0x00007ff84f3c0000 - 0x00007ff84f3e7000 	C:\WINDOWS\System32\bcrypt.dll
0x00007ff849610000 - 0x00007ff84961a000 	C:\Windows\System32\rasadhlp.dll
0x00007ff8028a0000 - 0x00007ff802a35000 	C:\Program Files\Java\jdk1.8.0_331\jre\bin\awt.dll
0x00007ff851790000 - 0x00007ff85185d000 	C:\WINDOWS\System32\OLEAUT32.dll
0x00007ff844aa0000 - 0x00007ff844b30000 	C:\WINDOWS\SYSTEM32\apphelp.dll
0x00007ff84ce40000 - 0x00007ff84ce6e000 	C:\WINDOWS\system32\DWMAPI.DLL
0x00007ff84cb90000 - 0x00007ff84cc2f000 	C:\WINDOWS\system32\uxtheme.dll
0x00007ff8203c0000 - 0x00007ff820409000 	C:\Program Files\Java\jdk1.8.0_331\jre\bin\fontmanager.dll
0x00007ff834350000 - 0x00007ff8344ac000 	C:\WINDOWS\system32\opengl32.dll
0x00007ff836840000 - 0x00007ff83686c000 	C:\WINDOWS\SYSTEM32\GLU32.dll
0x00007ff851860000 - 0x00007ff851975000 	C:\WINDOWS\System32\MSCTF.dll
0x00007ff84fb70000 - 0x00007ff84fc99000 	C:\WINDOWS\System32\ole32.dll
0x00007ff84f600000 - 0x00007ff84f67f000 	C:\WINDOWS\System32\bcryptPrimitives.dll
0x00007ff83dd50000 - 0x00007ff83dd6c000 	C:\Program Files\Java\jdk1.8.0_331\jre\bin\net.dll
0x00007ff83d160000 - 0x00007ff83d173000 	C:\Program Files\Java\jdk1.8.0_331\jre\bin\nio.dll
0x00007ff81ea30000 - 0x00007ff81ea73000 	C:\Program Files\Java\jdk1.8.0_331\jre\bin\t2k.dll
0x00007ff8162e0000 - 0x00007ff8163e4000 	C:\Users\hansonr\.jnati\repo\jniinchi\1.03_1\WINDOWS-AMD64\JniInchi-1.03_1-WINDOWS-AMD64.dll
0x00007ff841cd0000 - 0x00007ff841eb4000 	C:\WINDOWS\SYSTEM32\dbghelp.dll

VM Arguments:
jvm_args: -agentlib:jdwp=transport=dt_socket,suspend=y,address=localhost:57051 -javaagent:C:\Users\hansonr\eclipse\configuration\org.eclipse.osgi\437\0\.cp\lib\javaagent-shaded.jar -Dfile.encoding=UTF-8 
java_command: com.integratedgraphics.ifd.ExtractorTest
java_class_path (initial): C:\Program Files\Java\jdk1.8.0_331\jre\lib\resources.jar;C:\Program Files\Java\jdk1.8.0_331\jre\lib\rt.jar;C:\Program Files\Java\jdk1.8.0_331\jre\lib\jsse.jar;C:\Program Files\Java\jdk1.8.0_331\jre\lib\jce.jar;C:\Program Files\Java\jdk1.8.0_331\jre\lib\charsets.jar;C:\Program Files\Java\jdk1.8.0_331\jre\lib\jfr.jar;C:\Program Files\Java\jdk1.8.0_331\jre\lib\ext\access-bridge-64.jar;C:\Program Files\Java\jdk1.8.0_331\jre\lib\ext\cldrdata.jar;C:\Program Files\Java\jdk1.8.0_331\jre\lib\ext\dnsns.jar;C:\Program Files\Java\jdk1.8.0_331\jre\lib\ext\jaccess.jar;C:\Program Files\Java\jdk1.8.0_331\jre\lib\ext\jfxrt.jar;C:\Program Files\Java\jdk1.8.0_331\jre\lib\ext\localedata.jar;C:\Program Files\Java\jdk1.8.0_331\jre\lib\ext\nashorn.jar;C:\Program Files\Java\jdk1.8.0_331\jre\lib\ext\sunec.jar;C:\Program Files\Java\jdk1.8.0_331\jre\lib\ext\sunjce_provider.jar;C:\Program Files\Java\jdk1.8.0_331\jre\lib\ext\sunmscapi.jar;C:\Program Files\Java\jdk1.8.0_331\jre\lib\ext\sunpkcs11.jar;C:\Program Files\Java\jdk1.8.0_331\jre\lib\ext\zipfs.jar;C:\Users\hansonr\git\IUPAC-FAIRSpec-new\bin;C:\Users\hansonr\git\IUPAC-FAIRSpec-new\lib\Jmol.jar;C:\Users\hansonr\eclipse\configuration\org.eclipse.osgi\437\0\.cp\lib\javaagent-shaded.jar
Launcher Type: SUN_STANDARD

Environment Variables:
JAVA_HOME=c:\progra~1\java\jdk1.8.0_331
PATH=C:\Program Files\Java\jdk1.8.0_331\jre\bin;c:\progra2\java\jdk1.8.0_331;C:\Program Files (x86)\PerkinElmerInformatics\ChemOffice2021\ChemScript\Lib;C:\Program Files (x86)\Common Files\Oracle\Java\javapath;C:\WINDOWS\system32;C:\WINDOWS;C:\WINDOWS\System32\Wbem;C:\WINDOWS\System32\WindowsPowerShell\v1.0\;C:\WINDOWS\System32\OpenSSH\;C:\Users\hansonr\AppData\Local\Microsoft\WindowsApps;
USERNAME=hansonr
OS=Windows_NT
PROCESSOR_IDENTIFIER=Intel64 Family 6 Model 142 Stepping 12, GenuineIntel



---------------  S Y S T E M  ---------------

OS: Windows 10 , 64 bit Build 19041 (10.0.19041.207)

CPU:total 8 (initial active 8) (4 cores per cpu, 2 threads per core) family 6 model 142 stepping 12, cmov, cx8, fxsr, mmx, sse, sse2, sse3, ssse3, sse4.1, sse4.2, popcnt, avx, avx2, aes, clmul, erms, rtm, 3dnowpref, lzcnt, ht, tsc, tscinvbit, bmi1, bmi2, adx

Memory: 4k page, physical 16511268k(6518744k free), swap 24227104k(6993096k free)

vm_info: Java HotSpot(TM) 64-Bit Server VM (25.331-b09) for windows-amd64 JRE (1.8.0_331-b09), built on Mar 10 2022 03:14:38 by "java_re" with MS VC++ 15.9 (VS2017)

time: Sun Nov 13 09:55:11 2022
timezone: Central Standard Time
elapsed time: 689.980661 seconds (0d 0h 11m 29s)

