#
# A fatal error has been detected by the Java Runtime Environment:
#
#  EXCEPTION_ACCESS_VIOLATION (0xc0000005) at pc=0x00007ffc9af9b6e9, pid=2628, tid=12608
#
# JRE version: Java(TM) SE Runtime Environment 18.9 (11.0.8+10) (build 11.0.8+10-LTS)
# Java VM: Java HotSpot(TM) 64-Bit Server VM 18.9 (11.0.8+10-LTS, mixed mode, tiered, compressed oops, g1 gc, windows-amd64)
# Problematic frame:
# V  [jvm.dll+0x23b6e9]
#
# No core dump will be written. Minidumps are not enabled by default on client versions of Windows
#
# If you would like to submit a bug report, please visit:
#   https://bugreport.java.com/bugreport/crash.jsp
#

---------------  S U M M A R Y ------------

Command Line: -agentlib:jdwp=transport=dt_socket,suspend=y,address=localhost:58759 -javaagent:C:\Users\hansonr\jee-2021-03\eclipse\configuration\org.eclipse.osgi\412\0\.cp\lib\javaagent-shaded.jar -Dfile.encoding=UTF-8 com.integratedgraphics.ifs.ExtractorTest

Host: Intel(R) Core(TM) i7-8665U CPU @ 1.90GHz, 8 cores, 15G,  Windows 10 , 64 bit Build 19041 (10.0.19041.1023)
Time: Mon Jul 12 09:37:20 2021 Eastern Daylight Time elapsed time: 153 seconds (0d 0h 2m 33s)

---------------  T H R E A D  ---------------

Current thread (0x00000165e3b63800):  VMThread "VM Thread" [stack: 0x0000005274a00000,0x0000005274b00000] [id=12608]

Stack: [0x0000005274a00000,0x0000005274b00000],  sp=0x0000005274afef98,  free space=1019k
Native frames: (J=compiled Java code, j=interpreted, Vv=VM code, C=native code)
V  [jvm.dll+0x23b6e9]


siginfo: EXCEPTION_ACCESS_VIOLATION (0xc0000005), reading address 0x00000165e4d76080


Register to memory mapping:

RIP=0x00007ffc9af9b6e9 jvm.dll
RAX=0x00000000001940e0 is an unknown value
RBX=0x00000165e4be1670 is pointing into metadata
RCX=0x00000165e4be1fa0 is pointing into metadata
RDX=0x000000000000ca06 is an unknown value
RSP=0x0000005274afef98 points into unknown readable memory: 6e b7 f9 9a fc 7f 00 00
RBP=0x0000005274aff550 points into unknown readable memory: 98 bd 31 e3 65 01 00 00
RSI=0x0000005274aff6c0 points into unknown readable memory: a8 20 5e 9b fc 7f 00 00
RDI=0x0000005274aff6c0 points into unknown readable memory: a8 20 5e 9b fc 7f 00 00
R8 =0x0 is NULL
R9 =0x00000165e4be1670 is pointing into metadata
R10=0x0 is NULL
R11=0x0000000047000000 is an unknown value
R12=0x00000165e3c00bb0 points into unknown readable memory: 00 1a 60 9b 00 00 00 00
R13=0x0 is NULL
R14=0x00000165e4be11b7 is pointing into metadata
R15=0x000000000000001a is an unknown value


Registers:
RAX=0x00000000001940e0, RBX=0x00000165e4be1670, RCX=0x00000165e4be1fa0, RDX=0x000000000000ca06
RSP=0x0000005274afef98, RBP=0x0000005274aff550, RSI=0x0000005274aff6c0, RDI=0x0000005274aff6c0
R8 =0x0000000000000000, R9 =0x00000165e4be1670, R10=0x0000000000000000, R11=0x0000000047000000
R12=0x00000165e3c00bb0, R13=0x0000000000000000, R14=0x00000165e4be11b7, R15=0x000000000000001a
RIP=0x00007ffc9af9b6e9, EFLAGS=0x0000000000010202

Top of Stack: (sp=0x0000005274afef98)
0x0000005274afef98:   00007ffc9af9b76e 0000005274aff000
0x0000005274afefa8:   00007ffd17930d9e 00007ffd17920000
0x0000005274afefb8:   00007ffc9b3e155b 0000000000000000
0x0000005274afefc8:   00007ffc9b079e60 0000000000000000
0x0000005274afefd8:   0000005274aff6c0 0000000000000028
0x0000005274afefe8:   00000165e3b17a94 00007ffc9ad60000
0x0000005274afeff8:   ffffffffffffffff 00007ffc9b5a2148
0x0000005274aff008:   00000165e4142a90 0000000000000016
0x0000005274aff018:   00007ffc0000000e 0000005274aff040
0x0000005274aff028:   0000005200000002 0000000000000000
0x0000005274aff038:   00000165e331bad8 4fffffff4fffffff
0x0000005274aff048:   2fffffff2fffffff 00007ffc9b5a2148
0x0000005274aff058:   00000165e4073b90 000000000000003e
0x0000005274aff068:   0000000000000004 0000005274aff090
0x0000005274aff078:   0000000000000005 000000002fffffff
0x0000005274aff088:   00007ffc9b3e155b 4fffffff4fffffff 

Instructions: (pc=0x00007ffc9af9b6e9)
0x00007ffc9af9b6c9:   c2 48 ff c0 48 c1 e0 05 48 8b 04 08 0f b7 c8 41
0x00007ffc9af9b6d9:   0f b7 44 c9 42 c3 48 63 c2 48 ff c0 48 c1 e0 05
0x00007ffc9af9b6e9:   48 8b 04 08 0f b7 d0 48 63 c2 41 0f b7 44 c1 42
0x00007ffc9af9b6f9:   c3 49 8b 41 08 48 63 ca 0f b6 44 01 04 3c 12 74 


Stack slot to memory mapping:
stack at sp + 0 slots: 0x00007ffc9af9b76e jvm.dll
stack at sp + 1 slots: 0x0000005274aff000 points into unknown readable memory: 48 21 5a 9b fc 7f 00 00
stack at sp + 2 slots: 0x00007ffd17930d9e ucrtbase.dll
stack at sp + 3 slots: 0x00007ffd17920000 ucrtbase.dll
stack at sp + 4 slots: 0x00007ffc9b3e155b jvm.dll
stack at sp + 5 slots: 0x0 is NULL
stack at sp + 6 slots: 0x00007ffc9b079e60 jvm.dll
stack at sp + 7 slots: 0x0 is NULL

VM_Operation (0x00000052754ff700): GetOrSetLocal, mode: safepoint, requested by thread 0x00000165e3f0c000


---------------  P R O C E S S  ---------------

Threads class SMR info:
_java_thread_list=0x00000165e4143fc0, length=13, elements={
0x00000165bf367000, 0x00000165e3b65800, 0x00000165e3b91800, 0x00000165e3be5800,
0x00000165e3be7000, 0x00000165e3beb800, 0x00000165e3bfb000, 0x00000165e3c00000,
0x00000165e3d73000, 0x00000165e3f0c000, 0x00000165e3ef3000, 0x00000165e3ef6000,
0x00000165e4085000
}

Java Threads: ( => current thread )
  0x00000165bf367000 JavaThread "main" [_thread_blocked, id=15248, stack(0x0000005274400000,0x0000005274500000)]
  0x00000165e3b65800 JavaThread "Reference Handler" daemon [_thread_blocked, id=4064, stack(0x0000005274b00000,0x0000005274c00000)]
  0x00000165e3b91800 JavaThread "Finalizer" daemon [_thread_blocked, id=12540, stack(0x0000005274c00000,0x0000005274d00000)]
  0x00000165e3be5800 JavaThread "Signal Dispatcher" daemon [_thread_blocked, id=3208, stack(0x0000005274d00000,0x0000005274e00000)]
  0x00000165e3be7000 JavaThread "Attach Listener" daemon [_thread_blocked, id=17392, stack(0x0000005274e00000,0x0000005274f00000)]
  0x00000165e3beb800 JavaThread "C2 CompilerThread0" daemon [_thread_blocked, id=19260, stack(0x0000005274f00000,0x0000005275000000)]
  0x00000165e3bfb000 JavaThread "C1 CompilerThread0" daemon [_thread_blocked, id=9616, stack(0x0000005275000000,0x0000005275100000)]
  0x00000165e3c00000 JavaThread "Sweeper thread" daemon [_thread_blocked, id=18072, stack(0x0000005275100000,0x0000005275200000)]
  0x00000165e3d73000 JavaThread "Common-Cleaner" daemon [_thread_blocked, id=4400, stack(0x0000005275200000,0x0000005275300000)]
  0x00000165e3f0c000 JavaThread "JDWP Transport Listener: dt_socket" daemon [_thread_blocked, id=5452, stack(0x0000005275400000,0x0000005275500000)] _threads_hazard_ptr=0x00000165e4143fc0
  0x00000165e3ef3000 JavaThread "JDWP Event Helper Thread" daemon [_thread_blocked, id=14688, stack(0x0000005275500000,0x0000005275600000)]
  0x00000165e3ef6000 JavaThread "JDWP Command Reader" daemon [_thread_in_native, id=8140, stack(0x0000005275600000,0x0000005275700000)]
  0x00000165e4085000 JavaThread "Service Thread" daemon [_thread_blocked, id=20520, stack(0x0000005275700000,0x0000005275800000)]

Other Threads:
=>0x00000165e3b63800 VMThread "VM Thread" [stack: 0x0000005274a00000,0x0000005274b00000] [id=12608]
  0x00000165e406b800 WatcherThread [stack: 0x0000005275800000,0x0000005275900000] [id=13184]
  0x00000165bf37b800 GCTaskThread "GC Thread#0" [stack: 0x0000005274500000,0x0000005274600000] [id=18364]
  0x00000165bf3d8800 ConcurrentGCThread "G1 Main Marker" [stack: 0x0000005274600000,0x0000005274700000] [id=1180]
  0x00000165bf3db000 ConcurrentGCThread "G1 Conc#0" [stack: 0x0000005274700000,0x0000005274800000] [id=19664]
  0x00000165bf44e000 ConcurrentGCThread "G1 Refine#0" [stack: 0x0000005274800000,0x0000005274900000] [id=19216]
  0x00000165e31cd800 ConcurrentGCThread "G1 Young RemSet Sampling" [stack: 0x0000005274900000,0x0000005274a00000] [id=19460]

Threads with active compile tasks:

VM state:at safepoint (normal execution)

VM Mutex/Monitor currently owned by a thread:  ([mutex/lock_event])
[0x00000165bf364820] Threads_lock - owner thread: 0x00000165e3b63800

Heap address: 0x0000000704000000, size: 4032 MB, Compressed Oops mode: Zero based, Oop shift amount: 3
Narrow klass base: 0x0000000800000000, Narrow klass shift: 0
Compressed class space size: 1073741824 Address: 0x0000000800000000

Heap:
 garbage-first heap   total 258048K, used 13312K [0x0000000704000000, 0x0000000800000000)
  region size 1024K, 9 young (9216K), 0 survivors (0K)
 Metaspace       used 9441K, capacity 9622K, committed 9984K, reserved 1058816K
  class space    used 852K, capacity 905K, committed 1024K, reserved 1048576K
Heap Regions: E=young(eden), S=young(survivor), O=old, HS=humongous(starts), HC=humongous(continues), CS=collection set, F=free, A=archive, TAMS=top-at-mark-start (previous, next)
|   0|0x0000000704000000, 0x0000000704100000, 0x0000000704100000|100%|HS|  |TAMS 0x0000000704000000, 0x0000000704000000| Complete 
|   1|0x0000000704100000, 0x0000000704200000, 0x0000000704200000|100%|HS|  |TAMS 0x0000000704100000, 0x0000000704100000| Complete 
|   2|0x0000000704200000, 0x0000000704300000, 0x0000000704300000|100%|HC|  |TAMS 0x0000000704200000, 0x0000000704200000| Complete 
|   3|0x0000000704300000, 0x0000000704400000, 0x0000000704400000|100%|HS|  |TAMS 0x0000000704300000, 0x0000000704300000| Complete 
|   4|0x0000000704400000, 0x0000000704500000, 0x0000000704500000|100%|HS|  |TAMS 0x0000000704400000, 0x0000000704400000| Complete 
|   5|0x0000000704500000, 0x0000000704600000, 0x0000000704600000|100%|HC|  |TAMS 0x0000000704500000, 0x0000000704500000| Complete 
|   6|0x0000000704600000, 0x0000000704600000, 0x0000000704700000|  0%| F|  |TAMS 0x0000000704600000, 0x0000000704600000| Untracked 
|   7|0x0000000704700000, 0x0000000704700000, 0x0000000704800000|  0%| F|  |TAMS 0x0000000704700000, 0x0000000704700000| Untracked 
|   8|0x0000000704800000, 0x0000000704800000, 0x0000000704900000|  0%| F|  |TAMS 0x0000000704800000, 0x0000000704800000| Untracked 
|   9|0x0000000704900000, 0x0000000704900000, 0x0000000704a00000|  0%| F|  |TAMS 0x0000000704900000, 0x0000000704900000| Untracked 
|  10|0x0000000704a00000, 0x0000000704a00000, 0x0000000704b00000|  0%| F|  |TAMS 0x0000000704a00000, 0x0000000704a00000| Untracked 
|  11|0x0000000704b00000, 0x0000000704b00000, 0x0000000704c00000|  0%| F|  |TAMS 0x0000000704b00000, 0x0000000704b00000| Untracked 
|  12|0x0000000704c00000, 0x0000000704c00000, 0x0000000704d00000|  0%| F|  |TAMS 0x0000000704c00000, 0x0000000704c00000| Untracked 
|  13|0x0000000704d00000, 0x0000000704d00000, 0x0000000704e00000|  0%| F|  |TAMS 0x0000000704d00000, 0x0000000704d00000| Untracked 
|  14|0x0000000704e00000, 0x0000000704e00000, 0x0000000704f00000|  0%| F|  |TAMS 0x0000000704e00000, 0x0000000704e00000| Untracked 
|  15|0x0000000704f00000, 0x0000000704f00000, 0x0000000705000000|  0%| F|  |TAMS 0x0000000704f00000, 0x0000000704f00000| Untracked 
|  16|0x0000000705000000, 0x0000000705000000, 0x0000000705100000|  0%| F|  |TAMS 0x0000000705000000, 0x0000000705000000| Untracked 
|  17|0x0000000705100000, 0x0000000705100000, 0x0000000705200000|  0%| F|  |TAMS 0x0000000705100000, 0x0000000705100000| Untracked 
|  18|0x0000000705200000, 0x0000000705200000, 0x0000000705300000|  0%| F|  |TAMS 0x0000000705200000, 0x0000000705200000| Untracked 
|  19|0x0000000705300000, 0x0000000705300000, 0x0000000705400000|  0%| F|  |TAMS 0x0000000705300000, 0x0000000705300000| Untracked 
|  20|0x0000000705400000, 0x0000000705400000, 0x0000000705500000|  0%| F|  |TAMS 0x0000000705400000, 0x0000000705400000| Untracked 
|  21|0x0000000705500000, 0x0000000705500000, 0x0000000705600000|  0%| F|  |TAMS 0x0000000705500000, 0x0000000705500000| Untracked 
|  22|0x0000000705600000, 0x0000000705600000, 0x0000000705700000|  0%| F|  |TAMS 0x0000000705600000, 0x0000000705600000| Untracked 
|  23|0x0000000705700000, 0x0000000705700000, 0x0000000705800000|  0%| F|  |TAMS 0x0000000705700000, 0x0000000705700000| Untracked 
|  24|0x0000000705800000, 0x0000000705800000, 0x0000000705900000|  0%| F|  |TAMS 0x0000000705800000, 0x0000000705800000| Untracked 
|  25|0x0000000705900000, 0x0000000705900000, 0x0000000705a00000|  0%| F|  |TAMS 0x0000000705900000, 0x0000000705900000| Untracked 
|  26|0x0000000705a00000, 0x0000000705a00000, 0x0000000705b00000|  0%| F|  |TAMS 0x0000000705a00000, 0x0000000705a00000| Untracked 
|  27|0x0000000705b00000, 0x0000000705b00000, 0x0000000705c00000|  0%| F|  |TAMS 0x0000000705b00000, 0x0000000705b00000| Untracked 
|  28|0x0000000705c00000, 0x0000000705c00000, 0x0000000705d00000|  0%| F|  |TAMS 0x0000000705c00000, 0x0000000705c00000| Untracked 
|  29|0x0000000705d00000, 0x0000000705d00000, 0x0000000705e00000|  0%| F|  |TAMS 0x0000000705d00000, 0x0000000705d00000| Untracked 
|  30|0x0000000705e00000, 0x0000000705e00000, 0x0000000705f00000|  0%| F|  |TAMS 0x0000000705e00000, 0x0000000705e00000| Untracked 
|  31|0x0000000705f00000, 0x0000000705f00000, 0x0000000706000000|  0%| F|  |TAMS 0x0000000705f00000, 0x0000000705f00000| Untracked 
|  32|0x0000000706000000, 0x0000000706000000, 0x0000000706100000|  0%| F|  |TAMS 0x0000000706000000, 0x0000000706000000| Untracked 
|  33|0x0000000706100000, 0x0000000706100000, 0x0000000706200000|  0%| F|  |TAMS 0x0000000706100000, 0x0000000706100000| Untracked 
|  34|0x0000000706200000, 0x0000000706200000, 0x0000000706300000|  0%| F|  |TAMS 0x0000000706200000, 0x0000000706200000| Untracked 
|  35|0x0000000706300000, 0x0000000706300000, 0x0000000706400000|  0%| F|  |TAMS 0x0000000706300000, 0x0000000706300000| Untracked 
|  36|0x0000000706400000, 0x0000000706400000, 0x0000000706500000|  0%| F|  |TAMS 0x0000000706400000, 0x0000000706400000| Untracked 
|  37|0x0000000706500000, 0x0000000706500000, 0x0000000706600000|  0%| F|  |TAMS 0x0000000706500000, 0x0000000706500000| Untracked 
|  38|0x0000000706600000, 0x0000000706600000, 0x0000000706700000|  0%| F|  |TAMS 0x0000000706600000, 0x0000000706600000| Untracked 
|  39|0x0000000706700000, 0x0000000706700000, 0x0000000706800000|  0%| F|  |TAMS 0x0000000706700000, 0x0000000706700000| Untracked 
|  40|0x0000000706800000, 0x0000000706800000, 0x0000000706900000|  0%| F|  |TAMS 0x0000000706800000, 0x0000000706800000| Untracked 
|  41|0x0000000706900000, 0x0000000706900000, 0x0000000706a00000|  0%| F|  |TAMS 0x0000000706900000, 0x0000000706900000| Untracked 
|  42|0x0000000706a00000, 0x0000000706a00000, 0x0000000706b00000|  0%| F|  |TAMS 0x0000000706a00000, 0x0000000706a00000| Untracked 
|  43|0x0000000706b00000, 0x0000000706b00000, 0x0000000706c00000|  0%| F|  |TAMS 0x0000000706b00000, 0x0000000706b00000| Untracked 
|  44|0x0000000706c00000, 0x0000000706c00000, 0x0000000706d00000|  0%| F|  |TAMS 0x0000000706c00000, 0x0000000706c00000| Untracked 
|  45|0x0000000706d00000, 0x0000000706d00000, 0x0000000706e00000|  0%| F|  |TAMS 0x0000000706d00000, 0x0000000706d00000| Untracked 
|  46|0x0000000706e00000, 0x0000000706e00000, 0x0000000706f00000|  0%| F|  |TAMS 0x0000000706e00000, 0x0000000706e00000| Untracked 
|  47|0x0000000706f00000, 0x0000000706f00000, 0x0000000707000000|  0%| F|  |TAMS 0x0000000706f00000, 0x0000000706f00000| Untracked 
|  48|0x0000000707000000, 0x0000000707000000, 0x0000000707100000|  0%| F|  |TAMS 0x0000000707000000, 0x0000000707000000| Untracked 
|  49|0x0000000707100000, 0x0000000707100000, 0x0000000707200000|  0%| F|  |TAMS 0x0000000707100000, 0x0000000707100000| Untracked 
|  50|0x0000000707200000, 0x0000000707200000, 0x0000000707300000|  0%| F|  |TAMS 0x0000000707200000, 0x0000000707200000| Untracked 
|  51|0x0000000707300000, 0x0000000707300000, 0x0000000707400000|  0%| F|  |TAMS 0x0000000707300000, 0x0000000707300000| Untracked 
|  52|0x0000000707400000, 0x0000000707400000, 0x0000000707500000|  0%| F|  |TAMS 0x0000000707400000, 0x0000000707400000| Untracked 
|  53|0x0000000707500000, 0x0000000707500000, 0x0000000707600000|  0%| F|  |TAMS 0x0000000707500000, 0x0000000707500000| Untracked 
|  54|0x0000000707600000, 0x0000000707600000, 0x0000000707700000|  0%| F|  |TAMS 0x0000000707600000, 0x0000000707600000| Untracked 
|  55|0x0000000707700000, 0x0000000707700000, 0x0000000707800000|  0%| F|  |TAMS 0x0000000707700000, 0x0000000707700000| Untracked 
|  56|0x0000000707800000, 0x0000000707800000, 0x0000000707900000|  0%| F|  |TAMS 0x0000000707800000, 0x0000000707800000| Untracked 
|  57|0x0000000707900000, 0x0000000707900000, 0x0000000707a00000|  0%| F|  |TAMS 0x0000000707900000, 0x0000000707900000| Untracked 
|  58|0x0000000707a00000, 0x0000000707a00000, 0x0000000707b00000|  0%| F|  |TAMS 0x0000000707a00000, 0x0000000707a00000| Untracked 
|  59|0x0000000707b00000, 0x0000000707b00000, 0x0000000707c00000|  0%| F|  |TAMS 0x0000000707b00000, 0x0000000707b00000| Untracked 
|  60|0x0000000707c00000, 0x0000000707c00000, 0x0000000707d00000|  0%| F|  |TAMS 0x0000000707c00000, 0x0000000707c00000| Untracked 
|  61|0x0000000707d00000, 0x0000000707d00000, 0x0000000707e00000|  0%| F|  |TAMS 0x0000000707d00000, 0x0000000707d00000| Untracked 
|  62|0x0000000707e00000, 0x0000000707e00000, 0x0000000707f00000|  0%| F|  |TAMS 0x0000000707e00000, 0x0000000707e00000| Untracked 
|  63|0x0000000707f00000, 0x0000000707f00000, 0x0000000708000000|  0%| F|  |TAMS 0x0000000707f00000, 0x0000000707f00000| Untracked 
|  64|0x0000000708000000, 0x0000000708000000, 0x0000000708100000|  0%| F|  |TAMS 0x0000000708000000, 0x0000000708000000| Untracked 
|  65|0x0000000708100000, 0x0000000708100000, 0x0000000708200000|  0%| F|  |TAMS 0x0000000708100000, 0x0000000708100000| Untracked 
|  66|0x0000000708200000, 0x0000000708200000, 0x0000000708300000|  0%| F|  |TAMS 0x0000000708200000, 0x0000000708200000| Untracked 
|  67|0x0000000708300000, 0x0000000708300000, 0x0000000708400000|  0%| F|  |TAMS 0x0000000708300000, 0x0000000708300000| Untracked 
|  68|0x0000000708400000, 0x0000000708400000, 0x0000000708500000|  0%| F|  |TAMS 0x0000000708400000, 0x0000000708400000| Untracked 
|  69|0x0000000708500000, 0x0000000708500000, 0x0000000708600000|  0%| F|  |TAMS 0x0000000708500000, 0x0000000708500000| Untracked 
|  70|0x0000000708600000, 0x0000000708600000, 0x0000000708700000|  0%| F|  |TAMS 0x0000000708600000, 0x0000000708600000| Untracked 
|  71|0x0000000708700000, 0x0000000708700000, 0x0000000708800000|  0%| F|  |TAMS 0x0000000708700000, 0x0000000708700000| Untracked 
|  72|0x0000000708800000, 0x0000000708800000, 0x0000000708900000|  0%| F|  |TAMS 0x0000000708800000, 0x0000000708800000| Untracked 
|  73|0x0000000708900000, 0x0000000708900000, 0x0000000708a00000|  0%| F|  |TAMS 0x0000000708900000, 0x0000000708900000| Untracked 
|  74|0x0000000708a00000, 0x0000000708a00000, 0x0000000708b00000|  0%| F|  |TAMS 0x0000000708a00000, 0x0000000708a00000| Untracked 
|  75|0x0000000708b00000, 0x0000000708b00000, 0x0000000708c00000|  0%| F|  |TAMS 0x0000000708b00000, 0x0000000708b00000| Untracked 
|  76|0x0000000708c00000, 0x0000000708c00000, 0x0000000708d00000|  0%| F|  |TAMS 0x0000000708c00000, 0x0000000708c00000| Untracked 
|  77|0x0000000708d00000, 0x0000000708d00000, 0x0000000708e00000|  0%| F|  |TAMS 0x0000000708d00000, 0x0000000708d00000| Untracked 
|  78|0x0000000708e00000, 0x0000000708e00000, 0x0000000708f00000|  0%| F|  |TAMS 0x0000000708e00000, 0x0000000708e00000| Untracked 
|  79|0x0000000708f00000, 0x0000000708f00000, 0x0000000709000000|  0%| F|  |TAMS 0x0000000708f00000, 0x0000000708f00000| Untracked 
|  80|0x0000000709000000, 0x0000000709000000, 0x0000000709100000|  0%| F|  |TAMS 0x0000000709000000, 0x0000000709000000| Untracked 
|  81|0x0000000709100000, 0x0000000709100000, 0x0000000709200000|  0%| F|  |TAMS 0x0000000709100000, 0x0000000709100000| Untracked 
|  82|0x0000000709200000, 0x0000000709200000, 0x0000000709300000|  0%| F|  |TAMS 0x0000000709200000, 0x0000000709200000| Untracked 
|  83|0x0000000709300000, 0x0000000709300000, 0x0000000709400000|  0%| F|  |TAMS 0x0000000709300000, 0x0000000709300000| Untracked 
|  84|0x0000000709400000, 0x0000000709400000, 0x0000000709500000|  0%| F|  |TAMS 0x0000000709400000, 0x0000000709400000| Untracked 
|  85|0x0000000709500000, 0x0000000709500000, 0x0000000709600000|  0%| F|  |TAMS 0x0000000709500000, 0x0000000709500000| Untracked 
|  86|0x0000000709600000, 0x0000000709600000, 0x0000000709700000|  0%| F|  |TAMS 0x0000000709600000, 0x0000000709600000| Untracked 
|  87|0x0000000709700000, 0x0000000709700000, 0x0000000709800000|  0%| F|  |TAMS 0x0000000709700000, 0x0000000709700000| Untracked 
|  88|0x0000000709800000, 0x0000000709800000, 0x0000000709900000|  0%| F|  |TAMS 0x0000000709800000, 0x0000000709800000| Untracked 
|  89|0x0000000709900000, 0x0000000709900000, 0x0000000709a00000|  0%| F|  |TAMS 0x0000000709900000, 0x0000000709900000| Untracked 
|  90|0x0000000709a00000, 0x0000000709a00000, 0x0000000709b00000|  0%| F|  |TAMS 0x0000000709a00000, 0x0000000709a00000| Untracked 
|  91|0x0000000709b00000, 0x0000000709b00000, 0x0000000709c00000|  0%| F|  |TAMS 0x0000000709b00000, 0x0000000709b00000| Untracked 
|  92|0x0000000709c00000, 0x0000000709c00000, 0x0000000709d00000|  0%| F|  |TAMS 0x0000000709c00000, 0x0000000709c00000| Untracked 
|  93|0x0000000709d00000, 0x0000000709d00000, 0x0000000709e00000|  0%| F|  |TAMS 0x0000000709d00000, 0x0000000709d00000| Untracked 
|  94|0x0000000709e00000, 0x0000000709e00000, 0x0000000709f00000|  0%| F|  |TAMS 0x0000000709e00000, 0x0000000709e00000| Untracked 
|  95|0x0000000709f00000, 0x0000000709f00000, 0x000000070a000000|  0%| F|  |TAMS 0x0000000709f00000, 0x0000000709f00000| Untracked 
|  96|0x000000070a000000, 0x000000070a000000, 0x000000070a100000|  0%| F|  |TAMS 0x000000070a000000, 0x000000070a000000| Untracked 
|  97|0x000000070a100000, 0x000000070a100000, 0x000000070a200000|  0%| F|  |TAMS 0x000000070a100000, 0x000000070a100000| Untracked 
|  98|0x000000070a200000, 0x000000070a200000, 0x000000070a300000|  0%| F|  |TAMS 0x000000070a200000, 0x000000070a200000| Untracked 
|  99|0x000000070a300000, 0x000000070a300000, 0x000000070a400000|  0%| F|  |TAMS 0x000000070a300000, 0x000000070a300000| Untracked 
| 100|0x000000070a400000, 0x000000070a400000, 0x000000070a500000|  0%| F|  |TAMS 0x000000070a400000, 0x000000070a400000| Untracked 
| 101|0x000000070a500000, 0x000000070a500000, 0x000000070a600000|  0%| F|  |TAMS 0x000000070a500000, 0x000000070a500000| Untracked 
| 102|0x000000070a600000, 0x000000070a600000, 0x000000070a700000|  0%| F|  |TAMS 0x000000070a600000, 0x000000070a600000| Untracked 
| 103|0x000000070a700000, 0x000000070a700000, 0x000000070a800000|  0%| F|  |TAMS 0x000000070a700000, 0x000000070a700000| Untracked 
| 104|0x000000070a800000, 0x000000070a800000, 0x000000070a900000|  0%| F|  |TAMS 0x000000070a800000, 0x000000070a800000| Untracked 
| 105|0x000000070a900000, 0x000000070a900000, 0x000000070aa00000|  0%| F|  |TAMS 0x000000070a900000, 0x000000070a900000| Untracked 
| 106|0x000000070aa00000, 0x000000070aa00000, 0x000000070ab00000|  0%| F|  |TAMS 0x000000070aa00000, 0x000000070aa00000| Untracked 
| 107|0x000000070ab00000, 0x000000070ab00000, 0x000000070ac00000|  0%| F|  |TAMS 0x000000070ab00000, 0x000000070ab00000| Untracked 
| 108|0x000000070ac00000, 0x000000070ac00000, 0x000000070ad00000|  0%| F|  |TAMS 0x000000070ac00000, 0x000000070ac00000| Untracked 
| 109|0x000000070ad00000, 0x000000070ad00000, 0x000000070ae00000|  0%| F|  |TAMS 0x000000070ad00000, 0x000000070ad00000| Untracked 
| 110|0x000000070ae00000, 0x000000070ae00000, 0x000000070af00000|  0%| F|  |TAMS 0x000000070ae00000, 0x000000070ae00000| Untracked 
| 111|0x000000070af00000, 0x000000070af00000, 0x000000070b000000|  0%| F|  |TAMS 0x000000070af00000, 0x000000070af00000| Untracked 
| 112|0x000000070b000000, 0x000000070b000000, 0x000000070b100000|  0%| F|  |TAMS 0x000000070b000000, 0x000000070b000000| Untracked 
| 113|0x000000070b100000, 0x000000070b100000, 0x000000070b200000|  0%| F|  |TAMS 0x000000070b100000, 0x000000070b100000| Untracked 
| 114|0x000000070b200000, 0x000000070b200000, 0x000000070b300000|  0%| F|  |TAMS 0x000000070b200000, 0x000000070b200000| Untracked 
| 115|0x000000070b300000, 0x000000070b300000, 0x000000070b400000|  0%| F|  |TAMS 0x000000070b300000, 0x000000070b300000| Untracked 
| 116|0x000000070b400000, 0x000000070b400000, 0x000000070b500000|  0%| F|  |TAMS 0x000000070b400000, 0x000000070b400000| Untracked 
| 117|0x000000070b500000, 0x000000070b500000, 0x000000070b600000|  0%| F|  |TAMS 0x000000070b500000, 0x000000070b500000| Untracked 
| 118|0x000000070b600000, 0x000000070b600000, 0x000000070b700000|  0%| F|  |TAMS 0x000000070b600000, 0x000000070b600000| Untracked 
| 119|0x000000070b700000, 0x000000070b700000, 0x000000070b800000|  0%| F|  |TAMS 0x000000070b700000, 0x000000070b700000| Untracked 
| 120|0x000000070b800000, 0x000000070b800000, 0x000000070b900000|  0%| F|  |TAMS 0x000000070b800000, 0x000000070b800000| Untracked 
| 121|0x000000070b900000, 0x000000070b900000, 0x000000070ba00000|  0%| F|  |TAMS 0x000000070b900000, 0x000000070b900000| Untracked 
| 122|0x000000070ba00000, 0x000000070ba00000, 0x000000070bb00000|  0%| F|  |TAMS 0x000000070ba00000, 0x000000070ba00000| Untracked 
| 123|0x000000070bb00000, 0x000000070bb00000, 0x000000070bc00000|  0%| F|  |TAMS 0x000000070bb00000, 0x000000070bb00000| Untracked 
| 124|0x000000070bc00000, 0x000000070bc00000, 0x000000070bd00000|  0%| F|  |TAMS 0x000000070bc00000, 0x000000070bc00000| Untracked 
| 125|0x000000070bd00000, 0x000000070bd00000, 0x000000070be00000|  0%| F|  |TAMS 0x000000070bd00000, 0x000000070bd00000| Untracked 
| 126|0x000000070be00000, 0x000000070be00000, 0x000000070bf00000|  0%| F|  |TAMS 0x000000070be00000, 0x000000070be00000| Untracked 
| 127|0x000000070bf00000, 0x000000070bf00000, 0x000000070c000000|  0%| F|  |TAMS 0x000000070bf00000, 0x000000070bf00000| Untracked 
| 128|0x000000070c000000, 0x000000070c000000, 0x000000070c100000|  0%| F|  |TAMS 0x000000070c000000, 0x000000070c000000| Untracked 
| 129|0x000000070c100000, 0x000000070c100000, 0x000000070c200000|  0%| F|  |TAMS 0x000000070c100000, 0x000000070c100000| Untracked 
| 130|0x000000070c200000, 0x000000070c200000, 0x000000070c300000|  0%| F|  |TAMS 0x000000070c200000, 0x000000070c200000| Untracked 
| 131|0x000000070c300000, 0x000000070c300000, 0x000000070c400000|  0%| F|  |TAMS 0x000000070c300000, 0x000000070c300000| Untracked 
| 132|0x000000070c400000, 0x000000070c400000, 0x000000070c500000|  0%| F|  |TAMS 0x000000070c400000, 0x000000070c400000| Untracked 
| 133|0x000000070c500000, 0x000000070c500000, 0x000000070c600000|  0%| F|  |TAMS 0x000000070c500000, 0x000000070c500000| Untracked 
| 134|0x000000070c600000, 0x000000070c600000, 0x000000070c700000|  0%| F|  |TAMS 0x000000070c600000, 0x000000070c600000| Untracked 
| 135|0x000000070c700000, 0x000000070c700000, 0x000000070c800000|  0%| F|  |TAMS 0x000000070c700000, 0x000000070c700000| Untracked 
| 136|0x000000070c800000, 0x000000070c800000, 0x000000070c900000|  0%| F|  |TAMS 0x000000070c800000, 0x000000070c800000| Untracked 
| 137|0x000000070c900000, 0x000000070c900000, 0x000000070ca00000|  0%| F|  |TAMS 0x000000070c900000, 0x000000070c900000| Untracked 
| 138|0x000000070ca00000, 0x000000070ca00000, 0x000000070cb00000|  0%| F|  |TAMS 0x000000070ca00000, 0x000000070ca00000| Untracked 
| 139|0x000000070cb00000, 0x000000070cb00000, 0x000000070cc00000|  0%| F|  |TAMS 0x000000070cb00000, 0x000000070cb00000| Untracked 
| 140|0x000000070cc00000, 0x000000070cc00000, 0x000000070cd00000|  0%| F|  |TAMS 0x000000070cc00000, 0x000000070cc00000| Untracked 
| 141|0x000000070cd00000, 0x000000070cd00000, 0x000000070ce00000|  0%| F|  |TAMS 0x000000070cd00000, 0x000000070cd00000| Untracked 
| 142|0x000000070ce00000, 0x000000070ce00000, 0x000000070cf00000|  0%| F|  |TAMS 0x000000070ce00000, 0x000000070ce00000| Untracked 
| 143|0x000000070cf00000, 0x000000070cf00000, 0x000000070d000000|  0%| F|  |TAMS 0x000000070cf00000, 0x000000070cf00000| Untracked 
| 144|0x000000070d000000, 0x000000070d000000, 0x000000070d100000|  0%| F|  |TAMS 0x000000070d000000, 0x000000070d000000| Untracked 
| 145|0x000000070d100000, 0x000000070d100000, 0x000000070d200000|  0%| F|  |TAMS 0x000000070d100000, 0x000000070d100000| Untracked 
| 146|0x000000070d200000, 0x000000070d200000, 0x000000070d300000|  0%| F|  |TAMS 0x000000070d200000, 0x000000070d200000| Untracked 
| 147|0x000000070d300000, 0x000000070d300000, 0x000000070d400000|  0%| F|  |TAMS 0x000000070d300000, 0x000000070d300000| Untracked 
| 148|0x000000070d400000, 0x000000070d400000, 0x000000070d500000|  0%| F|  |TAMS 0x000000070d400000, 0x000000070d400000| Untracked 
| 149|0x000000070d500000, 0x000000070d500000, 0x000000070d600000|  0%| F|  |TAMS 0x000000070d500000, 0x000000070d500000| Untracked 
| 150|0x000000070d600000, 0x000000070d600000, 0x000000070d700000|  0%| F|  |TAMS 0x000000070d600000, 0x000000070d600000| Untracked 
| 151|0x000000070d700000, 0x000000070d700000, 0x000000070d800000|  0%| F|  |TAMS 0x000000070d700000, 0x000000070d700000| Untracked 
| 152|0x000000070d800000, 0x000000070d800000, 0x000000070d900000|  0%| F|  |TAMS 0x000000070d800000, 0x000000070d800000| Untracked 
| 153|0x000000070d900000, 0x000000070d900000, 0x000000070da00000|  0%| F|  |TAMS 0x000000070d900000, 0x000000070d900000| Untracked 
| 154|0x000000070da00000, 0x000000070da00000, 0x000000070db00000|  0%| F|  |TAMS 0x000000070da00000, 0x000000070da00000| Untracked 
| 155|0x000000070db00000, 0x000000070db00000, 0x000000070dc00000|  0%| F|  |TAMS 0x000000070db00000, 0x000000070db00000| Untracked 
| 156|0x000000070dc00000, 0x000000070dc00000, 0x000000070dd00000|  0%| F|  |TAMS 0x000000070dc00000, 0x000000070dc00000| Untracked 
| 157|0x000000070dd00000, 0x000000070dd00000, 0x000000070de00000|  0%| F|  |TAMS 0x000000070dd00000, 0x000000070dd00000| Untracked 
| 158|0x000000070de00000, 0x000000070de00000, 0x000000070df00000|  0%| F|  |TAMS 0x000000070de00000, 0x000000070de00000| Untracked 
| 159|0x000000070df00000, 0x000000070df00000, 0x000000070e000000|  0%| F|  |TAMS 0x000000070df00000, 0x000000070df00000| Untracked 
| 160|0x000000070e000000, 0x000000070e000000, 0x000000070e100000|  0%| F|  |TAMS 0x000000070e000000, 0x000000070e000000| Untracked 
| 161|0x000000070e100000, 0x000000070e100000, 0x000000070e200000|  0%| F|  |TAMS 0x000000070e100000, 0x000000070e100000| Untracked 
| 162|0x000000070e200000, 0x000000070e200000, 0x000000070e300000|  0%| F|  |TAMS 0x000000070e200000, 0x000000070e200000| Untracked 
| 163|0x000000070e300000, 0x000000070e300000, 0x000000070e400000|  0%| F|  |TAMS 0x000000070e300000, 0x000000070e300000| Untracked 
| 164|0x000000070e400000, 0x000000070e400000, 0x000000070e500000|  0%| F|  |TAMS 0x000000070e400000, 0x000000070e400000| Untracked 
| 165|0x000000070e500000, 0x000000070e500000, 0x000000070e600000|  0%| F|  |TAMS 0x000000070e500000, 0x000000070e500000| Untracked 
| 166|0x000000070e600000, 0x000000070e600000, 0x000000070e700000|  0%| F|  |TAMS 0x000000070e600000, 0x000000070e600000| Untracked 
| 167|0x000000070e700000, 0x000000070e700000, 0x000000070e800000|  0%| F|  |TAMS 0x000000070e700000, 0x000000070e700000| Untracked 
| 168|0x000000070e800000, 0x000000070e800000, 0x000000070e900000|  0%| F|  |TAMS 0x000000070e800000, 0x000000070e800000| Untracked 
| 169|0x000000070e900000, 0x000000070e900000, 0x000000070ea00000|  0%| F|  |TAMS 0x000000070e900000, 0x000000070e900000| Untracked 
| 170|0x000000070ea00000, 0x000000070ea00000, 0x000000070eb00000|  0%| F|  |TAMS 0x000000070ea00000, 0x000000070ea00000| Untracked 
| 171|0x000000070eb00000, 0x000000070eb00000, 0x000000070ec00000|  0%| F|  |TAMS 0x000000070eb00000, 0x000000070eb00000| Untracked 
| 172|0x000000070ec00000, 0x000000070ec00000, 0x000000070ed00000|  0%| F|  |TAMS 0x000000070ec00000, 0x000000070ec00000| Untracked 
| 173|0x000000070ed00000, 0x000000070ed00000, 0x000000070ee00000|  0%| F|  |TAMS 0x000000070ed00000, 0x000000070ed00000| Untracked 
| 174|0x000000070ee00000, 0x000000070ee00000, 0x000000070ef00000|  0%| F|  |TAMS 0x000000070ee00000, 0x000000070ee00000| Untracked 
| 175|0x000000070ef00000, 0x000000070ef00000, 0x000000070f000000|  0%| F|  |TAMS 0x000000070ef00000, 0x000000070ef00000| Untracked 
| 176|0x000000070f000000, 0x000000070f000000, 0x000000070f100000|  0%| F|  |TAMS 0x000000070f000000, 0x000000070f000000| Untracked 
| 177|0x000000070f100000, 0x000000070f100000, 0x000000070f200000|  0%| F|  |TAMS 0x000000070f100000, 0x000000070f100000| Untracked 
| 178|0x000000070f200000, 0x000000070f200000, 0x000000070f300000|  0%| F|  |TAMS 0x000000070f200000, 0x000000070f200000| Untracked 
| 179|0x000000070f300000, 0x000000070f300000, 0x000000070f400000|  0%| F|  |TAMS 0x000000070f300000, 0x000000070f300000| Untracked 
| 180|0x000000070f400000, 0x000000070f400000, 0x000000070f500000|  0%| F|  |TAMS 0x000000070f400000, 0x000000070f400000| Untracked 
| 181|0x000000070f500000, 0x000000070f500000, 0x000000070f600000|  0%| F|  |TAMS 0x000000070f500000, 0x000000070f500000| Untracked 
| 182|0x000000070f600000, 0x000000070f600000, 0x000000070f700000|  0%| F|  |TAMS 0x000000070f600000, 0x000000070f600000| Untracked 
| 183|0x000000070f700000, 0x000000070f700000, 0x000000070f800000|  0%| F|  |TAMS 0x000000070f700000, 0x000000070f700000| Untracked 
| 184|0x000000070f800000, 0x000000070f800000, 0x000000070f900000|  0%| F|  |TAMS 0x000000070f800000, 0x000000070f800000| Untracked 
| 185|0x000000070f900000, 0x000000070f900000, 0x000000070fa00000|  0%| F|  |TAMS 0x000000070f900000, 0x000000070f900000| Untracked 
| 186|0x000000070fa00000, 0x000000070fa00000, 0x000000070fb00000|  0%| F|  |TAMS 0x000000070fa00000, 0x000000070fa00000| Untracked 
| 187|0x000000070fb00000, 0x000000070fb00000, 0x000000070fc00000|  0%| F|  |TAMS 0x000000070fb00000, 0x000000070fb00000| Untracked 
| 188|0x000000070fc00000, 0x000000070fc00000, 0x000000070fd00000|  0%| F|  |TAMS 0x000000070fc00000, 0x000000070fc00000| Untracked 
| 189|0x000000070fd00000, 0x000000070fd00000, 0x000000070fe00000|  0%| F|  |TAMS 0x000000070fd00000, 0x000000070fd00000| Untracked 
| 190|0x000000070fe00000, 0x000000070fe00000, 0x000000070ff00000|  0%| F|  |TAMS 0x000000070fe00000, 0x000000070fe00000| Untracked 
| 191|0x000000070ff00000, 0x000000070ff00000, 0x0000000710000000|  0%| F|  |TAMS 0x000000070ff00000, 0x000000070ff00000| Untracked 
| 192|0x0000000710000000, 0x0000000710000000, 0x0000000710100000|  0%| F|  |TAMS 0x0000000710000000, 0x0000000710000000| Untracked 
| 193|0x0000000710100000, 0x0000000710100000, 0x0000000710200000|  0%| F|  |TAMS 0x0000000710100000, 0x0000000710100000| Untracked 
| 194|0x0000000710200000, 0x0000000710200000, 0x0000000710300000|  0%| F|  |TAMS 0x0000000710200000, 0x0000000710200000| Untracked 
| 195|0x0000000710300000, 0x0000000710300000, 0x0000000710400000|  0%| F|  |TAMS 0x0000000710300000, 0x0000000710300000| Untracked 
| 196|0x0000000710400000, 0x0000000710400000, 0x0000000710500000|  0%| F|  |TAMS 0x0000000710400000, 0x0000000710400000| Untracked 
| 197|0x0000000710500000, 0x0000000710500000, 0x0000000710600000|  0%| F|  |TAMS 0x0000000710500000, 0x0000000710500000| Untracked 
| 198|0x0000000710600000, 0x0000000710600000, 0x0000000710700000|  0%| F|  |TAMS 0x0000000710600000, 0x0000000710600000| Untracked 
| 199|0x0000000710700000, 0x0000000710700000, 0x0000000710800000|  0%| F|  |TAMS 0x0000000710700000, 0x0000000710700000| Untracked 
| 200|0x0000000710800000, 0x0000000710800000, 0x0000000710900000|  0%| F|  |TAMS 0x0000000710800000, 0x0000000710800000| Untracked 
| 201|0x0000000710900000, 0x0000000710900000, 0x0000000710a00000|  0%| F|  |TAMS 0x0000000710900000, 0x0000000710900000| Untracked 
| 202|0x0000000710a00000, 0x0000000710a00000, 0x0000000710b00000|  0%| F|  |TAMS 0x0000000710a00000, 0x0000000710a00000| Untracked 
| 203|0x0000000710b00000, 0x0000000710b00000, 0x0000000710c00000|  0%| F|  |TAMS 0x0000000710b00000, 0x0000000710b00000| Untracked 
| 204|0x0000000710c00000, 0x0000000710c00000, 0x0000000710d00000|  0%| F|  |TAMS 0x0000000710c00000, 0x0000000710c00000| Untracked 
| 205|0x0000000710d00000, 0x0000000710d00000, 0x0000000710e00000|  0%| F|  |TAMS 0x0000000710d00000, 0x0000000710d00000| Untracked 
| 206|0x0000000710e00000, 0x0000000710e00000, 0x0000000710f00000|  0%| F|  |TAMS 0x0000000710e00000, 0x0000000710e00000| Untracked 
| 207|0x0000000710f00000, 0x0000000710f00000, 0x0000000711000000|  0%| F|  |TAMS 0x0000000710f00000, 0x0000000710f00000| Untracked 
| 208|0x0000000711000000, 0x0000000711000000, 0x0000000711100000|  0%| F|  |TAMS 0x0000000711000000, 0x0000000711000000| Untracked 
| 209|0x0000000711100000, 0x0000000711100000, 0x0000000711200000|  0%| F|  |TAMS 0x0000000711100000, 0x0000000711100000| Untracked 
| 210|0x0000000711200000, 0x0000000711200000, 0x0000000711300000|  0%| F|  |TAMS 0x0000000711200000, 0x0000000711200000| Untracked 
| 211|0x0000000711300000, 0x0000000711300000, 0x0000000711400000|  0%| F|  |TAMS 0x0000000711300000, 0x0000000711300000| Untracked 
| 212|0x0000000711400000, 0x0000000711400000, 0x0000000711500000|  0%| F|  |TAMS 0x0000000711400000, 0x0000000711400000| Untracked 
| 213|0x0000000711500000, 0x0000000711500000, 0x0000000711600000|  0%| F|  |TAMS 0x0000000711500000, 0x0000000711500000| Untracked 
| 214|0x0000000711600000, 0x0000000711600000, 0x0000000711700000|  0%| F|  |TAMS 0x0000000711600000, 0x0000000711600000| Untracked 
| 215|0x0000000711700000, 0x0000000711700000, 0x0000000711800000|  0%| F|  |TAMS 0x0000000711700000, 0x0000000711700000| Untracked 
| 216|0x0000000711800000, 0x0000000711800000, 0x0000000711900000|  0%| F|  |TAMS 0x0000000711800000, 0x0000000711800000| Untracked 
| 217|0x0000000711900000, 0x0000000711900000, 0x0000000711a00000|  0%| F|  |TAMS 0x0000000711900000, 0x0000000711900000| Untracked 
| 218|0x0000000711a00000, 0x0000000711a00000, 0x0000000711b00000|  0%| F|  |TAMS 0x0000000711a00000, 0x0000000711a00000| Untracked 
| 219|0x0000000711b00000, 0x0000000711b00000, 0x0000000711c00000|  0%| F|  |TAMS 0x0000000711b00000, 0x0000000711b00000| Untracked 
| 220|0x0000000711c00000, 0x0000000711c00000, 0x0000000711d00000|  0%| F|  |TAMS 0x0000000711c00000, 0x0000000711c00000| Untracked 
| 221|0x0000000711d00000, 0x0000000711d00000, 0x0000000711e00000|  0%| F|  |TAMS 0x0000000711d00000, 0x0000000711d00000| Untracked 
| 222|0x0000000711e00000, 0x0000000711e00000, 0x0000000711f00000|  0%| F|  |TAMS 0x0000000711e00000, 0x0000000711e00000| Untracked 
| 223|0x0000000711f00000, 0x0000000711f00000, 0x0000000712000000|  0%| F|  |TAMS 0x0000000711f00000, 0x0000000711f00000| Untracked 
| 224|0x0000000712000000, 0x0000000712000000, 0x0000000712100000|  0%| F|  |TAMS 0x0000000712000000, 0x0000000712000000| Untracked 
| 225|0x0000000712100000, 0x0000000712100000, 0x0000000712200000|  0%| F|  |TAMS 0x0000000712100000, 0x0000000712100000| Untracked 
| 226|0x0000000712200000, 0x0000000712200000, 0x0000000712300000|  0%| F|  |TAMS 0x0000000712200000, 0x0000000712200000| Untracked 
| 227|0x0000000712300000, 0x0000000712300000, 0x0000000712400000|  0%| F|  |TAMS 0x0000000712300000, 0x0000000712300000| Untracked 
| 228|0x0000000712400000, 0x0000000712400000, 0x0000000712500000|  0%| F|  |TAMS 0x0000000712400000, 0x0000000712400000| Untracked 
| 229|0x0000000712500000, 0x0000000712500000, 0x0000000712600000|  0%| F|  |TAMS 0x0000000712500000, 0x0000000712500000| Untracked 
| 230|0x0000000712600000, 0x0000000712600000, 0x0000000712700000|  0%| F|  |TAMS 0x0000000712600000, 0x0000000712600000| Untracked 
| 231|0x0000000712700000, 0x0000000712700000, 0x0000000712800000|  0%| F|  |TAMS 0x0000000712700000, 0x0000000712700000| Untracked 
| 232|0x0000000712800000, 0x0000000712800000, 0x0000000712900000|  0%| F|  |TAMS 0x0000000712800000, 0x0000000712800000| Untracked 
| 233|0x0000000712900000, 0x0000000712900000, 0x0000000712a00000|  0%| F|  |TAMS 0x0000000712900000, 0x0000000712900000| Untracked 
| 234|0x0000000712a00000, 0x0000000712a00000, 0x0000000712b00000|  0%| F|  |TAMS 0x0000000712a00000, 0x0000000712a00000| Untracked 
| 235|0x0000000712b00000, 0x0000000712b00000, 0x0000000712c00000|  0%| F|  |TAMS 0x0000000712b00000, 0x0000000712b00000| Untracked 
| 236|0x0000000712c00000, 0x0000000712c00000, 0x0000000712d00000|  0%| F|  |TAMS 0x0000000712c00000, 0x0000000712c00000| Untracked 
| 237|0x0000000712d00000, 0x0000000712d00000, 0x0000000712e00000|  0%| F|  |TAMS 0x0000000712d00000, 0x0000000712d00000| Untracked 
| 238|0x0000000712e00000, 0x0000000712e00000, 0x0000000712f00000|  0%| F|  |TAMS 0x0000000712e00000, 0x0000000712e00000| Untracked 
| 239|0x0000000712f00000, 0x0000000712f00000, 0x0000000713000000|  0%| F|  |TAMS 0x0000000712f00000, 0x0000000712f00000| Untracked 
| 240|0x0000000713000000, 0x0000000713000000, 0x0000000713100000|  0%| F|  |TAMS 0x0000000713000000, 0x0000000713000000| Untracked 
| 241|0x0000000713100000, 0x0000000713100000, 0x0000000713200000|  0%| F|  |TAMS 0x0000000713100000, 0x0000000713100000| Untracked 
| 242|0x0000000713200000, 0x0000000713200000, 0x0000000713300000|  0%| F|  |TAMS 0x0000000713200000, 0x0000000713200000| Untracked 
| 243|0x0000000713300000, 0x00000007133f6488, 0x0000000713400000| 96%| E|  |TAMS 0x0000000713300000, 0x0000000713300000| Complete 
| 244|0x0000000713400000, 0x0000000713500000, 0x0000000713500000|100%| E|CS|TAMS 0x0000000713400000, 0x0000000713400000| Complete 
| 245|0x0000000713500000, 0x0000000713600000, 0x0000000713600000|100%| E|  |TAMS 0x0000000713500000, 0x0000000713500000| Complete 
| 246|0x0000000713600000, 0x0000000713700000, 0x0000000713700000|100%| E|CS|TAMS 0x0000000713600000, 0x0000000713600000| Complete 
| 247|0x0000000713700000, 0x0000000713800000, 0x0000000713800000|100%| E|CS|TAMS 0x0000000713700000, 0x0000000713700000| Complete 
| 248|0x0000000713800000, 0x0000000713900000, 0x0000000713900000|100%| E|CS|TAMS 0x0000000713800000, 0x0000000713800000| Complete 
| 249|0x0000000713900000, 0x0000000713a00000, 0x0000000713a00000|100%| E|CS|TAMS 0x0000000713900000, 0x0000000713900000| Complete 
| 250|0x0000000713a00000, 0x0000000713b00000, 0x0000000713b00000|100%| E|CS|TAMS 0x0000000713a00000, 0x0000000713a00000| Complete 
| 251|0x0000000713b00000, 0x0000000713c00000, 0x0000000713c00000|100%| E|CS|TAMS 0x0000000713b00000, 0x0000000713b00000| Complete 

Card table byte_map: [0x00000165d79d0000,0x00000165d81b0000] _byte_map_base: 0x00000165d41b0000

Marking Bits (Prev, Next): (CMBitMap*) 0x00000165bf3c6158, (CMBitMap*) 0x00000165bf3c6190
 Prev Bits: [0x00000165d8990000, 0x00000165dc890000)
 Next Bits: [0x00000165dc890000, 0x00000165e0790000)

Polling page: 0x00000165bdad0000

Metaspace:

Usage:
  Non-class:      8.51 MB capacity,     8.39 MB ( 99%) used,   120.18 KB (  1%) free+waste,     7.81 KB ( <1%) overhead. 
      Class:    905.00 KB capacity,   852.19 KB ( 94%) used,    49.75 KB (  5%) free+waste,     3.06 KB ( <1%) overhead. 
       Both:      9.40 MB capacity,     9.22 MB ( 98%) used,   169.93 KB (  2%) free+waste,    10.88 KB ( <1%) overhead. 

Virtual space:
  Non-class space:       10.00 MB reserved,       8.75 MB ( 88%) committed 
      Class space:        1.00 GB reserved,       1.00 MB ( <1%) committed 
             Both:        1.01 GB reserved,       9.75 MB ( <1%) committed 

Chunk freelists:
   Non-Class:  6.38 KB
       Class:  2.88 KB
        Both:  9.25 KB

CodeHeap 'non-profiled nmethods': size=120000Kb used=168Kb max_used=168Kb free=119831Kb
 bounds [0x00000165cf250000, 0x00000165cf4c0000, 0x00000165d6780000]
CodeHeap 'profiled nmethods': size=120000Kb used=854Kb max_used=854Kb free=119145Kb
 bounds [0x00000165c7d20000, 0x00000165c7f90000, 0x00000165cf250000]
CodeHeap 'non-nmethods': size=5760Kb used=1159Kb max_used=1173Kb free=4600Kb
 bounds [0x00000165c7780000, 0x00000165c79f0000, 0x00000165c7d20000]
 total_blobs=915 nmethods=549 adapters=286
 compilation: enabled
              stopped_count=0, restarted_count=0
 full_count=0

Compilation events (10 events):
Event: 0.498 Thread 0x00000165e3d82000 nmethod 543 0x00000165cf278b10 code [0x00000165cf278ca0, 0x00000165cf278d98]
Event: 0.498 Thread 0x00000165e3d82000  544       4       java.nio.ByteBuffer::position (8 bytes)
Event: 0.498 Thread 0x00000165e3beb800 nmethod 546 0x00000165cf278f10 code [0x00000165cf2790a0, 0x00000165cf279138]
Event: 0.498 Thread 0x00000165e3d82000 nmethod 544 0x00000165cf279210 code [0x00000165cf2793a0, 0x00000165cf279478]
Event: 0.505 Thread 0x00000165e3bfb000  547 %     3       com.integratedgraphics.ifs.vendor.ByteBlockReader::findRef @ 21 (159 bytes)
Event: 0.506 Thread 0x00000165e3bfb000 nmethod 547% 0x00000165c7def910 code [0x00000165c7defd60, 0x00000165c7df1de0]
Event: 0.507 Thread 0x00000165e3bfb000  548       3       com.integratedgraphics.ifs.vendor.ByteBlockReader::findRef (159 bytes)
Event: 0.509 Thread 0x00000165e3bfb000 nmethod 548 0x00000165c7df2a10 code [0x00000165c7df2e60, 0x00000165c7df4e00]
Event: 0.509 Thread 0x00000165e3beb800  549 %     4       com.integratedgraphics.ifs.vendor.ByteBlockReader::findRef @ 21 (159 bytes)
Event: 0.523 Thread 0x00000165e3beb800 nmethod 549% 0x00000165cf279590 code [0x00000165cf279740, 0x00000165cf279e78]

GC Heap History (0 events):
No events

Deoptimization events (4 events):
Event: 0.254 Thread 0x00000165bf367000 Uncommon trap: reason=unstable_if action=reinterpret pc=0x00000165cf25ccb4 method=java.util.HashMap.putVal(ILjava/lang/Object;Ljava/lang/Object;ZZ)Ljava/lang/Object; @ 181 c2
Event: 0.329 Thread 0x00000165bf367000 Uncommon trap: reason=unstable_if action=reinterpret pc=0x00000165cf25d5fc method=java.lang.String.isLatin1()Z @ 10 c2
Event: 0.420 Thread 0x00000165bf367000 Uncommon trap: reason=unstable_if action=reinterpret pc=0x00000165cf26fb8c method=org.eclipse.jdt.launching.internal.org.objectweb.asm.ClassReader.readUtf(II[C)Ljava/lang/String; @ 41 c2
Event: 0.524 Thread 0x00000165bf367000 Uncommon trap: reason=unstable_if action=reinterpret pc=0x00000165cf279cf4 method=com.integratedgraphics.ifs.vendor.ByteBlockReader.findRef(I)V @ 151 c2

Classes redefined (1 events):
Event: 153.345 Thread 0x00000165e3b63800 redefined class name=com.integratedgraphics.ifs.vendor.mestrelab.MagicByteBlockReader, count=1

Internal exceptions (1 events):
Event: 0.404 Thread 0x00000165bf367000 Exception <a 'java/lang/NoSuchMethodError'{0x0000000713698ed8}: java.lang.invoke.DirectMethodHandle$Holder.invokeSpecialIFC(Ljava/lang/Object;Ljava/lang/Object;I)I> (0x0000000713698ed8) thrown at [./open/src/hotspot/share/interpreter/linkResolver.cpp, lin

Events (10 events):
Event: 153.362 Executing VM operation: GetOwnedMonitorInfo done
Event: 153.362 Executing VM operation: GetCurrentContendedMonitor
Event: 153.362 Executing VM operation: GetCurrentContendedMonitor done
Event: 153.363 Executing VM operation: GetCurrentContendedMonitor
Event: 153.363 Executing VM operation: GetCurrentContendedMonitor done
Event: 153.363 Executing VM operation: GetOwnedMonitorInfo
Event: 153.363 Executing VM operation: GetOwnedMonitorInfo done
Event: 153.442 Executing VM operation: GetFrameLocation
Event: 153.443 Executing VM operation: GetFrameLocation done
Event: 153.443 Executing VM operation: GetOrSetLocal


Dynamic libraries:
0x00007ff6b3dd0000 - 0x00007ff6b3ddf000 	C:\Program Files\Java\jdk-11.0.8\bin\javaw.exe
0x00007ffd19b30000 - 0x00007ffd19d25000 	C:\WINDOWS\SYSTEM32\ntdll.dll
0x00007ffd189e0000 - 0x00007ffd18a9d000 	C:\WINDOWS\System32\KERNEL32.DLL
0x00007ffd17620000 - 0x00007ffd178e8000 	C:\WINDOWS\System32\KERNELBASE.dll
0x00007ffd17920000 - 0x00007ffd17a20000 	C:\WINDOWS\System32\ucrtbase.dll
0x00007ffd0ff50000 - 0x00007ffd0ff68000 	C:\Program Files\Java\jdk-11.0.8\bin\jli.dll
0x00007ffd0ff30000 - 0x00007ffd0ff45000 	C:\Program Files\Java\jdk-11.0.8\bin\VCRUNTIME140.dll
0x00007ffd18be0000 - 0x00007ffd18c8c000 	C:\WINDOWS\System32\ADVAPI32.dll
0x00007ffd18360000 - 0x00007ffd183fe000 	C:\WINDOWS\System32\msvcrt.dll
0x00007ffd182c0000 - 0x00007ffd1835b000 	C:\WINDOWS\System32\sechost.dll
0x00007ffd17ba0000 - 0x00007ffd17ccb000 	C:\WINDOWS\System32\RPCRT4.dll
0x00007ffd18410000 - 0x00007ffd185b0000 	C:\WINDOWS\System32\USER32.dll
0x00007ffd00c60000 - 0x00007ffd00efa000 	C:\WINDOWS\WinSxS\amd64_microsoft.windows.common-controls_6595b64144ccf1df_6.0.19041.1052_none_60b8f8fd71f5e8cb\COMCTL32.dll
0x00007ffd178f0000 - 0x00007ffd17912000 	C:\WINDOWS\System32\win32u.dll
0x00007ffd18bb0000 - 0x00007ffd18bda000 	C:\WINDOWS\System32\GDI32.dll
0x00007ffd17270000 - 0x00007ffd1737b000 	C:\WINDOWS\System32\gdi32full.dll
0x00007ffd17b00000 - 0x00007ffd17b9d000 	C:\WINDOWS\System32\msvcp_win.dll
0x00007ffd035b0000 - 0x00007ffd035ba000 	C:\WINDOWS\SYSTEM32\VERSION.dll
0x00007ffd18930000 - 0x00007ffd18960000 	C:\WINDOWS\System32\IMM32.DLL
0x00007ffd0c4b0000 - 0x00007ffd0c54b000 	C:\Program Files\Java\jdk-11.0.8\bin\msvcp140.dll
0x00007ffc9ad60000 - 0x00007ffc9b846000 	C:\Program Files\Java\jdk-11.0.8\bin\server\jvm.dll
0x00007ffd18400000 - 0x00007ffd18408000 	C:\WINDOWS\System32\PSAPI.DLL
0x00007ffcf9290000 - 0x00007ffcf9299000 	C:\WINDOWS\SYSTEM32\WSOCK32.dll
0x00007ffcfd9c0000 - 0x00007ffcfd9e7000 	C:\WINDOWS\SYSTEM32\WINMM.dll
0x00007ffd18760000 - 0x00007ffd187cb000 	C:\WINDOWS\System32\WS2_32.dll
0x00007ffd15b40000 - 0x00007ffd15b52000 	C:\WINDOWS\SYSTEM32\kernel.appcore.dll
0x00007ffd0ff20000 - 0x00007ffd0ff30000 	C:\Program Files\Java\jdk-11.0.8\bin\verify.dll
0x00007ffd15170000 - 0x00007ffd15354000 	C:\WINDOWS\SYSTEM32\DBGHELP.DLL
0x00007ffcf8770000 - 0x00007ffcf879c000 	C:\WINDOWS\SYSTEM32\dbgcore.DLL
0x00007ffd17a20000 - 0x00007ffd17aa3000 	C:\WINDOWS\System32\bcryptPrimitives.dll
0x00007ffd0eb80000 - 0x00007ffd0eba8000 	C:\Program Files\Java\jdk-11.0.8\bin\java.dll
0x00007ffd0ff10000 - 0x00007ffd0ff1a000 	C:\Program Files\Java\jdk-11.0.8\bin\jimage.dll
0x00007ffcf16e0000 - 0x00007ffcf1718000 	C:\Program Files\Java\jdk-11.0.8\bin\jdwp.dll
0x00007ffd0c7d0000 - 0x00007ffd0c7de000 	C:\Program Files\Java\jdk-11.0.8\bin\instrument.dll
0x00007ffd0eaa0000 - 0x00007ffd0eab6000 	C:\Program Files\Java\jdk-11.0.8\bin\zip.dll
0x00007ffd18c90000 - 0x00007ffd193cf000 	C:\WINDOWS\System32\SHELL32.dll
0x00007ffd153a0000 - 0x00007ffd15b30000 	C:\WINDOWS\SYSTEM32\windows.storage.dll
0x00007ffd17f60000 - 0x00007ffd182b5000 	C:\WINDOWS\System32\combase.dll
0x00007ffd16ce0000 - 0x00007ffd16d0c000 	C:\WINDOWS\SYSTEM32\Wldp.dll
0x00007ffd195c0000 - 0x00007ffd1966e000 	C:\WINDOWS\System32\SHCORE.dll
0x00007ffd188b0000 - 0x00007ffd18905000 	C:\WINDOWS\System32\shlwapi.dll
0x00007ffd171b0000 - 0x00007ffd171cf000 	C:\WINDOWS\SYSTEM32\profapi.dll
0x00007ffd09160000 - 0x00007ffd0916a000 	C:\Program Files\Java\jdk-11.0.8\bin\dt_socket.dll
0x00007ffd16a50000 - 0x00007ffd16aba000 	C:\WINDOWS\System32\mswsock.dll
0x00007ffd16740000 - 0x00007ffd1680c000 	C:\WINDOWS\SYSTEM32\DNSAPI.dll
0x00007ffd166f0000 - 0x00007ffd1672b000 	C:\WINDOWS\SYSTEM32\IPHLPAPI.DLL
0x00007ffd19ae0000 - 0x00007ffd19ae8000 	C:\WINDOWS\System32\NSI.dll
0x00007ffd0ebc0000 - 0x00007ffd0ec3f000 	C:\WINDOWS\System32\fwpuclnt.dll
0x00007ffd17490000 - 0x00007ffd174b7000 	C:\WINDOWS\System32\bcrypt.dll
0x00007ffd0c860000 - 0x00007ffd0c86a000 	C:\Windows\System32\rasadhlp.dll
0x00007ffd0ea80000 - 0x00007ffd0ea99000 	C:\Program Files\Java\jdk-11.0.8\bin\net.dll
0x00007ffd0f3e0000 - 0x00007ffd0f4eb000 	C:\WINDOWS\SYSTEM32\WINHTTP.dll
0x00007ffd0ea60000 - 0x00007ffd0ea72000 	C:\Program Files\Java\jdk-11.0.8\bin\nio.dll

dbghelp: loaded successfully - version: 4.0.5 - missing functions: none
symbol engine: initialized successfully - sym options: 0x614 - pdb path: .;C:\Program Files\Java\jdk-11.0.8\bin;C:\WINDOWS\SYSTEM32;C:\WINDOWS\WinSxS\amd64_microsoft.windows.common-controls_6595b64144ccf1df_6.0.19041.1052_none_60b8f8fd71f5e8cb;C:\Program Files\Java\jdk-11.0.8\bin\server

VM Arguments:
jvm_args: -agentlib:jdwp=transport=dt_socket,suspend=y,address=localhost:58759 -javaagent:C:\Users\hansonr\jee-2021-03\eclipse\configuration\org.eclipse.osgi\412\0\.cp\lib\javaagent-shaded.jar -Dfile.encoding=UTF-8 
java_command: com.integratedgraphics.ifs.ExtractorTest
java_class_path (initial): C:\Users\hansonr\git\IUPAC-FAIRSpec\bin;C:\Users\hansonr\git\IUPAC-FAIRSpec\lib\Jmol.jar
Launcher Type: SUN_STANDARD

[Global flags]
     intx CICompilerCount                          = 4                                         {product} {ergonomic}
     uint ConcGCThreads                            = 2                                         {product} {ergonomic}
     uint G1ConcRefinementThreads                  = 8                                         {product} {ergonomic}
   size_t G1HeapRegionSize                         = 1048576                                   {product} {ergonomic}
    uintx GCDrainStackTargetSize                   = 64                                        {product} {ergonomic}
   size_t InitialHeapSize                          = 264241152                                 {product} {ergonomic}
   size_t MarkStackSize                            = 4194304                                   {product} {ergonomic}
   size_t MaxHeapSize                              = 4227858432                                {product} {ergonomic}
   size_t MaxNewSize                               = 2536505344                                {product} {ergonomic}
   size_t MinHeapDeltaBytes                        = 1048576                                   {product} {ergonomic}
    uintx NonNMethodCodeHeapSize                   = 5836300                                {pd product} {ergonomic}
    uintx NonProfiledCodeHeapSize                  = 122910970                              {pd product} {ergonomic}
    uintx ProfiledCodeHeapSize                     = 122910970                              {pd product} {ergonomic}
    uintx ReservedCodeCacheSize                    = 251658240                              {pd product} {ergonomic}
     bool SegmentedCodeCache                       = true                                      {product} {ergonomic}
     bool UseCompressedClassPointers               = true                                 {lp64_product} {ergonomic}
     bool UseCompressedOops                        = true                                 {lp64_product} {ergonomic}
     bool UseG1GC                                  = true                                      {product} {ergonomic}
     bool UseLargePagesIndividualAllocation        = false                                  {pd product} {ergonomic}

Logging:
Log output configuration:
 #0: stdout all=warning uptime,level,tags
 #1: stderr all=off uptime,level,tags

Environment Variables:
JAVA_HOME=C:\Progra~1\Java\jdk-11.0.8
CLASSPATH=.;c:\temp\dist\dist\djmolplatform1
PATH=C:\Program Files\PerkinElmerInformatics\ChemOffice2020\ChemScript\Lib;C:\Program Files\Common Files\Oracle\Java\javapath;C:\Program Files (x86)\Common Files\Oracle\Java\javapath;C:\WINDOWS\system32;C:\WINDOWS;C:\WINDOWS\System32\Wbem;C:\WINDOWS\System32\WindowsPowerShell\v1.0\;C:\WINDOWS\System32\OpenSSH\;c:\d_drive\work;c:\temp\dist\dist\djmolplatform1;C:\Users\hansonr\AppData\Local\Microsoft\WindowsApps;
USERNAME=hansonr
OS=Windows_NT
PROCESSOR_IDENTIFIER=Intel64 Family 6 Model 142 Stepping 12, GenuineIntel



---------------  S Y S T E M  ---------------

OS: Windows 10 , 64 bit Build 19041 (10.0.19041.1023)

CPU:total 8 (initial active 8) (4 cores per cpu, 2 threads per core) family 6 model 142 stepping 12, cmov, cx8, fxsr, mmx, sse, sse2, sse3, ssse3, sse4.1, sse4.2, popcnt, avx, avx2, aes, clmul, erms, rtm, 3dnowpref, lzcnt, ht, tsc, tscinvbit, bmi1, bmi2, adx, fma

Memory: 4k page, system-wide physical 16124M (7221M free)
TotalPageFile size 29436M (AvailPageFile size 15626M)
current process WorkingSet (physical memory assigned to process): 56M, peak: 60M
current process commit charge ("private bytes"): 341M, peak: 344M

vm_info: Java HotSpot(TM) 64-Bit Server VM (11.0.8+10-LTS) for windows-amd64 JRE (11.0.8+10-LTS), built on Jun 16 2020 05:53:08 by "mach5one" with unknown MS VC++:1916

END.
