#
# A fatal error has been detected by the Java Runtime Environment:
#
#  EXCEPTION_ACCESS_VIOLATION (0xc0000005) at pc=0x00007ffc81b2b6e9, pid=18412, tid=18788
#
# JRE version: Java(TM) SE Runtime Environment 18.9 (11.0.8+10) (build 11.0.8+10-LTS)
# Java VM: Java HotSpot(TM) 64-Bit Server VM 18.9 (11.0.8+10-LTS, mixed mode, tiered, compressed oops, g1 gc, windows-amd64)
# Problematic frame:
# V  [jvm.dll+0x23b6e9]
#
# No core dump will be written. Minidumps are not enabled by default on client versions of Windows
#
# If you would like to submit a bug report, please visit:
#   https://bugreport.java.com/bugreport/crash.jsp
#

---------------  S U M M A R Y ------------

Command Line: -agentlib:jdwp=transport=dt_socket,suspend=y,address=localhost:64987 -javaagent:C:\Users\hansonr\jee-2021-03\eclipse\configuration\org.eclipse.osgi\412\0\.cp\lib\javaagent-shaded.jar -Dfile.encoding=UTF-8 com.integratedgraphics.ifs.ExtractorTest

Host: Intel(R) Core(TM) i7-8665U CPU @ 1.90GHz, 8 cores, 15G,  Windows 10 , 64 bit Build 19041 (10.0.19041.928)
Time: Sat Jun 19 14:27:39 2021 Central Daylight Time elapsed time: 89 seconds (0d 0h 1m 29s)

---------------  T H R E A D  ---------------

Current thread (0x000001d18b7a5800):  VMThread "VM Thread" [stack: 0x000000121c900000,0x000000121ca00000] [id=18788]

Stack: [0x000000121c900000,0x000000121ca00000],  sp=0x000000121c9fec98,  free space=1019k
Native frames: (J=compiled Java code, j=interpreted, Vv=VM code, C=native code)
V  [jvm.dll+0x23b6e9]


siginfo: EXCEPTION_ACCESS_VIOLATION (0xc0000005), reading address 0x000001d18de97850


Register to memory mapping:

RIP=0x00007ffc81b2b6e9 jvm.dll
RAX=0x0000000000194320 is an unknown value
RBX=0x000001d18dd02450 is pointing into metadata
RCX=0x000001d18dd03530 is pointing into metadata
RDX=0x000000000000ca18 is an unknown value
RSP=0x000000121c9fec98 points into unknown readable memory: 6e b7 b2 81 fc 7f 00 00
RBP=0x000000121c9ff250 points into unknown readable memory: 58 c4 f5 8a d1 01 00 00
RSI=0x000000121c9ff3c0 points into unknown readable memory: a8 20 17 82 fc 7f 00 00
RDI=0x000000121c9ff3c0 points into unknown readable memory: a8 20 17 82 fc 7f 00 00
R8 =0x0 is NULL
R9 =0x000001d18dd02450 is pointing into metadata
R10=0x00007ffc818f0000 jvm.dll
R11=0x000000121c9ff160 points into unknown readable memory: 20 f2 9f 1c 12 00 00 00
R12=0x000001d18af5c1a0 points into unknown readable memory: 00 00 00 00 2d 00 00 00
R13=0x0000000000000050 is an unknown value
R14=0x000001d18dd0207a is pointing into metadata
R15=0x00000000000000a0 is an unknown value


Registers:
RAX=0x0000000000194320, RBX=0x000001d18dd02450, RCX=0x000001d18dd03530, RDX=0x000000000000ca18
RSP=0x000000121c9fec98, RBP=0x000000121c9ff250, RSI=0x000000121c9ff3c0, RDI=0x000000121c9ff3c0
R8 =0x0000000000000000, R9 =0x000001d18dd02450, R10=0x00007ffc818f0000, R11=0x000000121c9ff160
R12=0x000001d18af5c1a0, R13=0x0000000000000050, R14=0x000001d18dd0207a, R15=0x00000000000000a0
RIP=0x00007ffc81b2b6e9, EFLAGS=0x0000000000010202

Top of Stack: (sp=0x000000121c9fec98)
0x000000121c9fec98:   00007ffc81b2b76e 000000121c9fed00
0x000000121c9feca8:   00007ffcf6e00d9e 00007ffcf6df0000
0x000000121c9fecb8:   00007ffc81f7155b 0000000000000000
0x000000121c9fecc8:   00007ffc81c09e60 0000000000000000
0x000000121c9fecd8:   000000121c9ff3c0 000000000000008c
0x000000121c9fece8:   000001d18b7417b7 00007ffc818f0000
0x000000121c9fecf8:   ffffffffffffffff 00007ffc82132148
0x000000121c9fed08:   000001d18ae86070 0000000000000002
0x000000121c9fed18:   00007ffc0000000c 000000121c9fed40
0x000000121c9fed28:   0000001200000001 000000004600004f
0x000000121c9fed38:   000001d18af5c398 4fffffff4fffffff
0x000000121c9fed48:   4fffffff4fffffff 00007ffc82132148
0x000000121c9fed58:   000001d18b923fe0 000000000000004a
0x000000121c9fed68:   000000000000000c 000000121c9fed90
0x000000121c9fed78:   0000000000000005 000000004600007f
0x000000121c9fed88:   00007ffc81f7155b 4fffffff4fffffff 

Instructions: (pc=0x00007ffc81b2b6e9)
0x00007ffc81b2b6c9:   c2 48 ff c0 48 c1 e0 05 48 8b 04 08 0f b7 c8 41
0x00007ffc81b2b6d9:   0f b7 44 c9 42 c3 48 63 c2 48 ff c0 48 c1 e0 05
0x00007ffc81b2b6e9:   48 8b 04 08 0f b7 d0 48 63 c2 41 0f b7 44 c1 42
0x00007ffc81b2b6f9:   c3 49 8b 41 08 48 63 ca 0f b6 44 01 04 3c 12 74 


Stack slot to memory mapping:
stack at sp + 0 slots: 0x00007ffc81b2b76e jvm.dll
stack at sp + 1 slots: 0x000000121c9fed00 points into unknown readable memory: 48 21 13 82 fc 7f 00 00
stack at sp + 2 slots: 0x00007ffcf6e00d9e ucrtbase.dll
stack at sp + 3 slots: 0x00007ffcf6df0000 ucrtbase.dll
stack at sp + 4 slots: 0x00007ffc81f7155b jvm.dll
stack at sp + 5 slots: 0x0 is NULL
stack at sp + 6 slots: 0x00007ffc81c09e60 jvm.dll
stack at sp + 7 slots: 0x0 is NULL

VM_Operation (0x000000121d3ff120): GetOrSetLocal, mode: safepoint, requested by thread 0x000001d18ba98000


---------------  P R O C E S S  ---------------

Threads class SMR info:
_java_thread_list=0x000001d18be13b40, length=13, elements={
0x000001d1e6ef8800, 0x000001d18b7c8800, 0x000001d18b7d1800, 0x000001d18b824800,
0x000001d18b825800, 0x000001d18b830000, 0x000001d18b838800, 0x000001d18b83c800,
0x000001d18b760800, 0x000001d18ba98000, 0x000001d18bd27000, 0x000001d18bd29800,
0x000001d18bd42800
}

Java Threads: ( => current thread )
  0x000001d1e6ef8800 JavaThread "main" [_thread_blocked, id=24152, stack(0x000000121c300000,0x000000121c400000)]
  0x000001d18b7c8800 JavaThread "Reference Handler" daemon [_thread_blocked, id=19380, stack(0x000000121ca00000,0x000000121cb00000)]
  0x000001d18b7d1800 JavaThread "Finalizer" daemon [_thread_blocked, id=5948, stack(0x000000121cb00000,0x000000121cc00000)]
  0x000001d18b824800 JavaThread "Signal Dispatcher" daemon [_thread_blocked, id=4900, stack(0x000000121cc00000,0x000000121cd00000)]
  0x000001d18b825800 JavaThread "Attach Listener" daemon [_thread_blocked, id=14248, stack(0x000000121cd00000,0x000000121ce00000)]
  0x000001d18b830000 JavaThread "C2 CompilerThread0" daemon [_thread_blocked, id=20872, stack(0x000000121ce00000,0x000000121cf00000)]
  0x000001d18b838800 JavaThread "C1 CompilerThread0" daemon [_thread_blocked, id=20596, stack(0x000000121cf00000,0x000000121d000000)]
  0x000001d18b83c800 JavaThread "Sweeper thread" daemon [_thread_blocked, id=24312, stack(0x000000121d000000,0x000000121d100000)]
  0x000001d18b760800 JavaThread "Common-Cleaner" daemon [_thread_blocked, id=22932, stack(0x000000121d100000,0x000000121d200000)]
  0x000001d18ba98000 JavaThread "JDWP Transport Listener: dt_socket" daemon [_thread_blocked, id=10320, stack(0x000000121d300000,0x000000121d400000)] _threads_hazard_ptr=0x000001d18be13b40
  0x000001d18bd27000 JavaThread "JDWP Event Helper Thread" daemon [_thread_blocked, id=21848, stack(0x000000121d400000,0x000000121d500000)]
  0x000001d18bd29800 JavaThread "JDWP Command Reader" daemon [_thread_in_native, id=24024, stack(0x000000121d500000,0x000000121d600000)]
  0x000001d18bd42800 JavaThread "Service Thread" daemon [_thread_blocked, id=972, stack(0x000000121d600000,0x000000121d700000)]

Other Threads:
=>0x000001d18b7a5800 VMThread "VM Thread" [stack: 0x000000121c900000,0x000000121ca00000] [id=18788]
  0x000001d18bdcf000 WatcherThread [stack: 0x000000121d700000,0x000000121d800000] [id=16884]
  0x000001d1e6f0b800 GCTaskThread "GC Thread#0" [stack: 0x000000121c400000,0x000000121c500000] [id=8488]
  0x000001d18c021000 GCTaskThread "GC Thread#1" [stack: 0x000000121d900000,0x000000121da00000] [id=18076]
  0x000001d18c1e1800 GCTaskThread "GC Thread#2" [stack: 0x000000121da00000,0x000000121db00000] [id=19312]
  0x000001d18c02e800 GCTaskThread "GC Thread#3" [stack: 0x000000121db00000,0x000000121dc00000] [id=24192]
  0x000001d18bf9b000 GCTaskThread "GC Thread#4" [stack: 0x000000121dc00000,0x000000121dd00000] [id=9340]
  0x000001d18bf9c000 GCTaskThread "GC Thread#5" [stack: 0x000000121dd00000,0x000000121de00000] [id=9600]
  0x000001d1e6f67800 ConcurrentGCThread "G1 Main Marker" [stack: 0x000000121c500000,0x000000121c600000] [id=24544]
  0x000001d1e6f6b000 ConcurrentGCThread "G1 Conc#0" [stack: 0x000000121c600000,0x000000121c700000] [id=10476]
  0x000001d18ae0a000 ConcurrentGCThread "G1 Refine#0" [stack: 0x000000121c700000,0x000000121c800000] [id=14576]
  0x000001d18ae0b000 ConcurrentGCThread "G1 Young RemSet Sampling" [stack: 0x000000121c800000,0x000000121c900000] [id=16188]

Threads with active compile tasks:

VM state:at safepoint (normal execution)

VM Mutex/Monitor currently owned by a thread:  ([mutex/lock_event])
[0x000001d1e6ef4d80] Threads_lock - owner thread: 0x000001d18b7a5800

Heap address: 0x0000000704000000, size: 4032 MB, Compressed Oops mode: Zero based, Oop shift amount: 3
Narrow klass base: 0x0000000800000000, Narrow klass shift: 0
Compressed class space size: 1073741824 Address: 0x0000000800000000

Heap:
 garbage-first heap   total 258048K, used 9743K [0x0000000704000000, 0x0000000800000000)
  region size 1024K, 10 young (10240K), 3 survivors (3072K)
 Metaspace       used 15284K, capacity 15514K, committed 15744K, reserved 1062912K
  class space    used 1510K, capacity 1562K, committed 1664K, reserved 1048576K
Heap Regions: E=young(eden), S=young(survivor), O=old, HS=humongous(starts), HC=humongous(continues), CS=collection set, F=free, A=archive, TAMS=top-at-mark-start (previous, next)
|   0|0x0000000704000000, 0x0000000704083e00, 0x0000000704100000| 51%| O|  |TAMS 0x0000000704000000, 0x0000000704000000| Untracked 
|   1|0x0000000704100000, 0x0000000704100000, 0x0000000704200000|  0%| F|  |TAMS 0x0000000704100000, 0x0000000704100000| Untracked 
|   2|0x0000000704200000, 0x0000000704200000, 0x0000000704300000|  0%| F|  |TAMS 0x0000000704200000, 0x0000000704200000| Untracked 
|   3|0x0000000704300000, 0x0000000704300000, 0x0000000704400000|  0%| F|  |TAMS 0x0000000704300000, 0x0000000704300000| Untracked 
|   4|0x0000000704400000, 0x0000000704400000, 0x0000000704500000|  0%| F|  |TAMS 0x0000000704400000, 0x0000000704400000| Untracked 
|   5|0x0000000704500000, 0x0000000704500000, 0x0000000704600000|  0%| F|  |TAMS 0x0000000704500000, 0x0000000704500000| Untracked 
|   6|0x0000000704600000, 0x0000000704600000, 0x0000000704700000|  0%| F|  |TAMS 0x0000000704600000, 0x0000000704600000| Untracked 
|   7|0x0000000704700000, 0x0000000704700000, 0x0000000704800000|  0%| F|  |TAMS 0x0000000704700000, 0x0000000704700000| Untracked 
|   8|0x0000000704800000, 0x0000000704800000, 0x0000000704900000|  0%| F|  |TAMS 0x0000000704800000, 0x0000000704800000| Untracked 
|   9|0x0000000704900000, 0x0000000704900000, 0x0000000704a00000|  0%| F|  |TAMS 0x0000000704900000, 0x0000000704900000| Untracked 
|  10|0x0000000704a00000, 0x0000000704a00000, 0x0000000704b00000|  0%| F|  |TAMS 0x0000000704a00000, 0x0000000704a00000| Untracked 
|  11|0x0000000704b00000, 0x0000000704b00000, 0x0000000704c00000|  0%| F|  |TAMS 0x0000000704b00000, 0x0000000704b00000| Untracked 
|  12|0x0000000704c00000, 0x0000000704c00000, 0x0000000704d00000|  0%| F|  |TAMS 0x0000000704c00000, 0x0000000704c00000| Untracked 
|  13|0x0000000704d00000, 0x0000000704d00000, 0x0000000704e00000|  0%| F|  |TAMS 0x0000000704d00000, 0x0000000704d00000| Untracked 
|  14|0x0000000704e00000, 0x0000000704e00000, 0x0000000704f00000|  0%| F|  |TAMS 0x0000000704e00000, 0x0000000704e00000| Untracked 
|  15|0x0000000704f00000, 0x0000000704f00000, 0x0000000705000000|  0%| F|  |TAMS 0x0000000704f00000, 0x0000000704f00000| Untracked 
|  16|0x0000000705000000, 0x0000000705000000, 0x0000000705100000|  0%| F|  |TAMS 0x0000000705000000, 0x0000000705000000| Untracked 
|  17|0x0000000705100000, 0x0000000705100000, 0x0000000705200000|  0%| F|  |TAMS 0x0000000705100000, 0x0000000705100000| Untracked 
|  18|0x0000000705200000, 0x0000000705200000, 0x0000000705300000|  0%| F|  |TAMS 0x0000000705200000, 0x0000000705200000| Untracked 
|  19|0x0000000705300000, 0x0000000705300000, 0x0000000705400000|  0%| F|  |TAMS 0x0000000705300000, 0x0000000705300000| Untracked 
|  20|0x0000000705400000, 0x0000000705400000, 0x0000000705500000|  0%| F|  |TAMS 0x0000000705400000, 0x0000000705400000| Untracked 
|  21|0x0000000705500000, 0x0000000705500000, 0x0000000705600000|  0%| F|  |TAMS 0x0000000705500000, 0x0000000705500000| Untracked 
|  22|0x0000000705600000, 0x0000000705600000, 0x0000000705700000|  0%| F|  |TAMS 0x0000000705600000, 0x0000000705600000| Untracked 
|  23|0x0000000705700000, 0x0000000705700000, 0x0000000705800000|  0%| F|  |TAMS 0x0000000705700000, 0x0000000705700000| Untracked 
|  24|0x0000000705800000, 0x0000000705800000, 0x0000000705900000|  0%| F|  |TAMS 0x0000000705800000, 0x0000000705800000| Untracked 
|  25|0x0000000705900000, 0x0000000705900000, 0x0000000705a00000|  0%| F|  |TAMS 0x0000000705900000, 0x0000000705900000| Untracked 
|  26|0x0000000705a00000, 0x0000000705a00000, 0x0000000705b00000|  0%| F|  |TAMS 0x0000000705a00000, 0x0000000705a00000| Untracked 
|  27|0x0000000705b00000, 0x0000000705b00000, 0x0000000705c00000|  0%| F|  |TAMS 0x0000000705b00000, 0x0000000705b00000| Untracked 
|  28|0x0000000705c00000, 0x0000000705c00000, 0x0000000705d00000|  0%| F|  |TAMS 0x0000000705c00000, 0x0000000705c00000| Untracked 
|  29|0x0000000705d00000, 0x0000000705d00000, 0x0000000705e00000|  0%| F|  |TAMS 0x0000000705d00000, 0x0000000705d00000| Untracked 
|  30|0x0000000705e00000, 0x0000000705e00000, 0x0000000705f00000|  0%| F|  |TAMS 0x0000000705e00000, 0x0000000705e00000| Untracked 
|  31|0x0000000705f00000, 0x0000000705f00000, 0x0000000706000000|  0%| F|  |TAMS 0x0000000705f00000, 0x0000000705f00000| Untracked 
|  32|0x0000000706000000, 0x0000000706000000, 0x0000000706100000|  0%| F|  |TAMS 0x0000000706000000, 0x0000000706000000| Untracked 
|  33|0x0000000706100000, 0x0000000706100000, 0x0000000706200000|  0%| F|  |TAMS 0x0000000706100000, 0x0000000706100000| Untracked 
|  34|0x0000000706200000, 0x0000000706200000, 0x0000000706300000|  0%| F|  |TAMS 0x0000000706200000, 0x0000000706200000| Untracked 
|  35|0x0000000706300000, 0x0000000706300000, 0x0000000706400000|  0%| F|  |TAMS 0x0000000706300000, 0x0000000706300000| Untracked 
|  36|0x0000000706400000, 0x0000000706400000, 0x0000000706500000|  0%| F|  |TAMS 0x0000000706400000, 0x0000000706400000| Untracked 
|  37|0x0000000706500000, 0x0000000706500000, 0x0000000706600000|  0%| F|  |TAMS 0x0000000706500000, 0x0000000706500000| Untracked 
|  38|0x0000000706600000, 0x0000000706600000, 0x0000000706700000|  0%| F|  |TAMS 0x0000000706600000, 0x0000000706600000| Untracked 
|  39|0x0000000706700000, 0x0000000706700000, 0x0000000706800000|  0%| F|  |TAMS 0x0000000706700000, 0x0000000706700000| Untracked 
|  40|0x0000000706800000, 0x0000000706800000, 0x0000000706900000|  0%| F|  |TAMS 0x0000000706800000, 0x0000000706800000| Untracked 
|  41|0x0000000706900000, 0x0000000706900000, 0x0000000706a00000|  0%| F|  |TAMS 0x0000000706900000, 0x0000000706900000| Untracked 
|  42|0x0000000706a00000, 0x0000000706a00000, 0x0000000706b00000|  0%| F|  |TAMS 0x0000000706a00000, 0x0000000706a00000| Untracked 
|  43|0x0000000706b00000, 0x0000000706b00000, 0x0000000706c00000|  0%| F|  |TAMS 0x0000000706b00000, 0x0000000706b00000| Untracked 
|  44|0x0000000706c00000, 0x0000000706c00000, 0x0000000706d00000|  0%| F|  |TAMS 0x0000000706c00000, 0x0000000706c00000| Untracked 
|  45|0x0000000706d00000, 0x0000000706d00000, 0x0000000706e00000|  0%| F|  |TAMS 0x0000000706d00000, 0x0000000706d00000| Untracked 
|  46|0x0000000706e00000, 0x0000000706e00000, 0x0000000706f00000|  0%| F|  |TAMS 0x0000000706e00000, 0x0000000706e00000| Untracked 
|  47|0x0000000706f00000, 0x0000000706f00000, 0x0000000707000000|  0%| F|  |TAMS 0x0000000706f00000, 0x0000000706f00000| Untracked 
|  48|0x0000000707000000, 0x0000000707000000, 0x0000000707100000|  0%| F|  |TAMS 0x0000000707000000, 0x0000000707000000| Untracked 
|  49|0x0000000707100000, 0x0000000707100000, 0x0000000707200000|  0%| F|  |TAMS 0x0000000707100000, 0x0000000707100000| Untracked 
|  50|0x0000000707200000, 0x0000000707200000, 0x0000000707300000|  0%| F|  |TAMS 0x0000000707200000, 0x0000000707200000| Untracked 
|  51|0x0000000707300000, 0x0000000707300000, 0x0000000707400000|  0%| F|  |TAMS 0x0000000707300000, 0x0000000707300000| Untracked 
|  52|0x0000000707400000, 0x0000000707400000, 0x0000000707500000|  0%| F|  |TAMS 0x0000000707400000, 0x0000000707400000| Untracked 
|  53|0x0000000707500000, 0x0000000707500000, 0x0000000707600000|  0%| F|  |TAMS 0x0000000707500000, 0x0000000707500000| Untracked 
|  54|0x0000000707600000, 0x0000000707600000, 0x0000000707700000|  0%| F|  |TAMS 0x0000000707600000, 0x0000000707600000| Untracked 
|  55|0x0000000707700000, 0x0000000707700000, 0x0000000707800000|  0%| F|  |TAMS 0x0000000707700000, 0x0000000707700000| Untracked 
|  56|0x0000000707800000, 0x0000000707800000, 0x0000000707900000|  0%| F|  |TAMS 0x0000000707800000, 0x0000000707800000| Untracked 
|  57|0x0000000707900000, 0x0000000707900000, 0x0000000707a00000|  0%| F|  |TAMS 0x0000000707900000, 0x0000000707900000| Untracked 
|  58|0x0000000707a00000, 0x0000000707a00000, 0x0000000707b00000|  0%| F|  |TAMS 0x0000000707a00000, 0x0000000707a00000| Untracked 
|  59|0x0000000707b00000, 0x0000000707b00000, 0x0000000707c00000|  0%| F|  |TAMS 0x0000000707b00000, 0x0000000707b00000| Untracked 
|  60|0x0000000707c00000, 0x0000000707c00000, 0x0000000707d00000|  0%| F|  |TAMS 0x0000000707c00000, 0x0000000707c00000| Untracked 
|  61|0x0000000707d00000, 0x0000000707d00000, 0x0000000707e00000|  0%| F|  |TAMS 0x0000000707d00000, 0x0000000707d00000| Untracked 
|  62|0x0000000707e00000, 0x0000000707e00000, 0x0000000707f00000|  0%| F|  |TAMS 0x0000000707e00000, 0x0000000707e00000| Untracked 
|  63|0x0000000707f00000, 0x0000000707f00000, 0x0000000708000000|  0%| F|  |TAMS 0x0000000707f00000, 0x0000000707f00000| Untracked 
|  64|0x0000000708000000, 0x0000000708000000, 0x0000000708100000|  0%| F|  |TAMS 0x0000000708000000, 0x0000000708000000| Untracked 
|  65|0x0000000708100000, 0x0000000708100000, 0x0000000708200000|  0%| F|  |TAMS 0x0000000708100000, 0x0000000708100000| Untracked 
|  66|0x0000000708200000, 0x0000000708200000, 0x0000000708300000|  0%| F|  |TAMS 0x0000000708200000, 0x0000000708200000| Untracked 
|  67|0x0000000708300000, 0x0000000708300000, 0x0000000708400000|  0%| F|  |TAMS 0x0000000708300000, 0x0000000708300000| Untracked 
|  68|0x0000000708400000, 0x0000000708400000, 0x0000000708500000|  0%| F|  |TAMS 0x0000000708400000, 0x0000000708400000| Untracked 
|  69|0x0000000708500000, 0x0000000708500000, 0x0000000708600000|  0%| F|  |TAMS 0x0000000708500000, 0x0000000708500000| Untracked 
|  70|0x0000000708600000, 0x0000000708600000, 0x0000000708700000|  0%| F|  |TAMS 0x0000000708600000, 0x0000000708600000| Untracked 
|  71|0x0000000708700000, 0x0000000708700000, 0x0000000708800000|  0%| F|  |TAMS 0x0000000708700000, 0x0000000708700000| Untracked 
|  72|0x0000000708800000, 0x0000000708800000, 0x0000000708900000|  0%| F|  |TAMS 0x0000000708800000, 0x0000000708800000| Untracked 
|  73|0x0000000708900000, 0x0000000708900000, 0x0000000708a00000|  0%| F|  |TAMS 0x0000000708900000, 0x0000000708900000| Untracked 
|  74|0x0000000708a00000, 0x0000000708a00000, 0x0000000708b00000|  0%| F|  |TAMS 0x0000000708a00000, 0x0000000708a00000| Untracked 
|  75|0x0000000708b00000, 0x0000000708b00000, 0x0000000708c00000|  0%| F|  |TAMS 0x0000000708b00000, 0x0000000708b00000| Untracked 
|  76|0x0000000708c00000, 0x0000000708c00000, 0x0000000708d00000|  0%| F|  |TAMS 0x0000000708c00000, 0x0000000708c00000| Untracked 
|  77|0x0000000708d00000, 0x0000000708d00000, 0x0000000708e00000|  0%| F|  |TAMS 0x0000000708d00000, 0x0000000708d00000| Untracked 
|  78|0x0000000708e00000, 0x0000000708e00000, 0x0000000708f00000|  0%| F|  |TAMS 0x0000000708e00000, 0x0000000708e00000| Untracked 
|  79|0x0000000708f00000, 0x0000000708f00000, 0x0000000709000000|  0%| F|  |TAMS 0x0000000708f00000, 0x0000000708f00000| Untracked 
|  80|0x0000000709000000, 0x0000000709000000, 0x0000000709100000|  0%| F|  |TAMS 0x0000000709000000, 0x0000000709000000| Untracked 
|  81|0x0000000709100000, 0x0000000709100000, 0x0000000709200000|  0%| F|  |TAMS 0x0000000709100000, 0x0000000709100000| Untracked 
|  82|0x0000000709200000, 0x0000000709200000, 0x0000000709300000|  0%| F|  |TAMS 0x0000000709200000, 0x0000000709200000| Untracked 
|  83|0x0000000709300000, 0x0000000709300000, 0x0000000709400000|  0%| F|  |TAMS 0x0000000709300000, 0x0000000709300000| Untracked 
|  84|0x0000000709400000, 0x0000000709400000, 0x0000000709500000|  0%| F|  |TAMS 0x0000000709400000, 0x0000000709400000| Untracked 
|  85|0x0000000709500000, 0x0000000709500000, 0x0000000709600000|  0%| F|  |TAMS 0x0000000709500000, 0x0000000709500000| Untracked 
|  86|0x0000000709600000, 0x0000000709600000, 0x0000000709700000|  0%| F|  |TAMS 0x0000000709600000, 0x0000000709600000| Untracked 
|  87|0x0000000709700000, 0x0000000709700000, 0x0000000709800000|  0%| F|  |TAMS 0x0000000709700000, 0x0000000709700000| Untracked 
|  88|0x0000000709800000, 0x0000000709800000, 0x0000000709900000|  0%| F|  |TAMS 0x0000000709800000, 0x0000000709800000| Untracked 
|  89|0x0000000709900000, 0x0000000709900000, 0x0000000709a00000|  0%| F|  |TAMS 0x0000000709900000, 0x0000000709900000| Untracked 
|  90|0x0000000709a00000, 0x0000000709a00000, 0x0000000709b00000|  0%| F|  |TAMS 0x0000000709a00000, 0x0000000709a00000| Untracked 
|  91|0x0000000709b00000, 0x0000000709b00000, 0x0000000709c00000|  0%| F|  |TAMS 0x0000000709b00000, 0x0000000709b00000| Untracked 
|  92|0x0000000709c00000, 0x0000000709c00000, 0x0000000709d00000|  0%| F|  |TAMS 0x0000000709c00000, 0x0000000709c00000| Untracked 
|  93|0x0000000709d00000, 0x0000000709d00000, 0x0000000709e00000|  0%| F|  |TAMS 0x0000000709d00000, 0x0000000709d00000| Untracked 
|  94|0x0000000709e00000, 0x0000000709e00000, 0x0000000709f00000|  0%| F|  |TAMS 0x0000000709e00000, 0x0000000709e00000| Untracked 
|  95|0x0000000709f00000, 0x0000000709f00000, 0x000000070a000000|  0%| F|  |TAMS 0x0000000709f00000, 0x0000000709f00000| Untracked 
|  96|0x000000070a000000, 0x000000070a000000, 0x000000070a100000|  0%| F|  |TAMS 0x000000070a000000, 0x000000070a000000| Untracked 
|  97|0x000000070a100000, 0x000000070a100000, 0x000000070a200000|  0%| F|  |TAMS 0x000000070a100000, 0x000000070a100000| Untracked 
|  98|0x000000070a200000, 0x000000070a200000, 0x000000070a300000|  0%| F|  |TAMS 0x000000070a200000, 0x000000070a200000| Untracked 
|  99|0x000000070a300000, 0x000000070a300000, 0x000000070a400000|  0%| F|  |TAMS 0x000000070a300000, 0x000000070a300000| Untracked 
| 100|0x000000070a400000, 0x000000070a400000, 0x000000070a500000|  0%| F|  |TAMS 0x000000070a400000, 0x000000070a400000| Untracked 
| 101|0x000000070a500000, 0x000000070a500000, 0x000000070a600000|  0%| F|  |TAMS 0x000000070a500000, 0x000000070a500000| Untracked 
| 102|0x000000070a600000, 0x000000070a600000, 0x000000070a700000|  0%| F|  |TAMS 0x000000070a600000, 0x000000070a600000| Untracked 
| 103|0x000000070a700000, 0x000000070a700000, 0x000000070a800000|  0%| F|  |TAMS 0x000000070a700000, 0x000000070a700000| Untracked 
| 104|0x000000070a800000, 0x000000070a800000, 0x000000070a900000|  0%| F|  |TAMS 0x000000070a800000, 0x000000070a800000| Untracked 
| 105|0x000000070a900000, 0x000000070a900000, 0x000000070aa00000|  0%| F|  |TAMS 0x000000070a900000, 0x000000070a900000| Untracked 
| 106|0x000000070aa00000, 0x000000070aa00000, 0x000000070ab00000|  0%| F|  |TAMS 0x000000070aa00000, 0x000000070aa00000| Untracked 
| 107|0x000000070ab00000, 0x000000070ab00000, 0x000000070ac00000|  0%| F|  |TAMS 0x000000070ab00000, 0x000000070ab00000| Untracked 
| 108|0x000000070ac00000, 0x000000070ac00000, 0x000000070ad00000|  0%| F|  |TAMS 0x000000070ac00000, 0x000000070ac00000| Untracked 
| 109|0x000000070ad00000, 0x000000070ad00000, 0x000000070ae00000|  0%| F|  |TAMS 0x000000070ad00000, 0x000000070ad00000| Untracked 
| 110|0x000000070ae00000, 0x000000070ae00000, 0x000000070af00000|  0%| F|  |TAMS 0x000000070ae00000, 0x000000070ae00000| Untracked 
| 111|0x000000070af00000, 0x000000070af00000, 0x000000070b000000|  0%| F|  |TAMS 0x000000070af00000, 0x000000070af00000| Untracked 
| 112|0x000000070b000000, 0x000000070b000000, 0x000000070b100000|  0%| F|  |TAMS 0x000000070b000000, 0x000000070b000000| Untracked 
| 113|0x000000070b100000, 0x000000070b100000, 0x000000070b200000|  0%| F|  |TAMS 0x000000070b100000, 0x000000070b100000| Untracked 
| 114|0x000000070b200000, 0x000000070b200000, 0x000000070b300000|  0%| F|  |TAMS 0x000000070b200000, 0x000000070b200000| Untracked 
| 115|0x000000070b300000, 0x000000070b300000, 0x000000070b400000|  0%| F|  |TAMS 0x000000070b300000, 0x000000070b300000| Untracked 
| 116|0x000000070b400000, 0x000000070b400000, 0x000000070b500000|  0%| F|  |TAMS 0x000000070b400000, 0x000000070b400000| Untracked 
| 117|0x000000070b500000, 0x000000070b500000, 0x000000070b600000|  0%| F|  |TAMS 0x000000070b500000, 0x000000070b500000| Untracked 
| 118|0x000000070b600000, 0x000000070b600000, 0x000000070b700000|  0%| F|  |TAMS 0x000000070b600000, 0x000000070b600000| Untracked 
| 119|0x000000070b700000, 0x000000070b700000, 0x000000070b800000|  0%| F|  |TAMS 0x000000070b700000, 0x000000070b700000| Untracked 
| 120|0x000000070b800000, 0x000000070b800000, 0x000000070b900000|  0%| F|  |TAMS 0x000000070b800000, 0x000000070b800000| Untracked 
| 121|0x000000070b900000, 0x000000070b900000, 0x000000070ba00000|  0%| F|  |TAMS 0x000000070b900000, 0x000000070b900000| Untracked 
| 122|0x000000070ba00000, 0x000000070ba00000, 0x000000070bb00000|  0%| F|  |TAMS 0x000000070ba00000, 0x000000070ba00000| Untracked 
| 123|0x000000070bb00000, 0x000000070bb00000, 0x000000070bc00000|  0%| F|  |TAMS 0x000000070bb00000, 0x000000070bb00000| Untracked 
| 124|0x000000070bc00000, 0x000000070bc00000, 0x000000070bd00000|  0%| F|  |TAMS 0x000000070bc00000, 0x000000070bc00000| Untracked 
| 125|0x000000070bd00000, 0x000000070bd00000, 0x000000070be00000|  0%| F|  |TAMS 0x000000070bd00000, 0x000000070bd00000| Untracked 
| 126|0x000000070be00000, 0x000000070be00000, 0x000000070bf00000|  0%| F|  |TAMS 0x000000070be00000, 0x000000070be00000| Untracked 
| 127|0x000000070bf00000, 0x000000070bf00000, 0x000000070c000000|  0%| F|  |TAMS 0x000000070bf00000, 0x000000070bf00000| Untracked 
| 128|0x000000070c000000, 0x000000070c000000, 0x000000070c100000|  0%| F|  |TAMS 0x000000070c000000, 0x000000070c000000| Untracked 
| 129|0x000000070c100000, 0x000000070c100000, 0x000000070c200000|  0%| F|  |TAMS 0x000000070c100000, 0x000000070c100000| Untracked 
| 130|0x000000070c200000, 0x000000070c200000, 0x000000070c300000|  0%| F|  |TAMS 0x000000070c200000, 0x000000070c200000| Untracked 
| 131|0x000000070c300000, 0x000000070c300000, 0x000000070c400000|  0%| F|  |TAMS 0x000000070c300000, 0x000000070c300000| Untracked 
| 132|0x000000070c400000, 0x000000070c400000, 0x000000070c500000|  0%| F|  |TAMS 0x000000070c400000, 0x000000070c400000| Untracked 
| 133|0x000000070c500000, 0x000000070c500000, 0x000000070c600000|  0%| F|  |TAMS 0x000000070c500000, 0x000000070c500000| Untracked 
| 134|0x000000070c600000, 0x000000070c600000, 0x000000070c700000|  0%| F|  |TAMS 0x000000070c600000, 0x000000070c600000| Untracked 
| 135|0x000000070c700000, 0x000000070c700000, 0x000000070c800000|  0%| F|  |TAMS 0x000000070c700000, 0x000000070c700000| Untracked 
| 136|0x000000070c800000, 0x000000070c800000, 0x000000070c900000|  0%| F|  |TAMS 0x000000070c800000, 0x000000070c800000| Untracked 
| 137|0x000000070c900000, 0x000000070c900000, 0x000000070ca00000|  0%| F|  |TAMS 0x000000070c900000, 0x000000070c900000| Untracked 
| 138|0x000000070ca00000, 0x000000070ca00000, 0x000000070cb00000|  0%| F|  |TAMS 0x000000070ca00000, 0x000000070ca00000| Untracked 
| 139|0x000000070cb00000, 0x000000070cb00000, 0x000000070cc00000|  0%| F|  |TAMS 0x000000070cb00000, 0x000000070cb00000| Untracked 
| 140|0x000000070cc00000, 0x000000070cc00000, 0x000000070cd00000|  0%| F|  |TAMS 0x000000070cc00000, 0x000000070cc00000| Untracked 
| 141|0x000000070cd00000, 0x000000070cd00000, 0x000000070ce00000|  0%| F|  |TAMS 0x000000070cd00000, 0x000000070cd00000| Untracked 
| 142|0x000000070ce00000, 0x000000070ce00000, 0x000000070cf00000|  0%| F|  |TAMS 0x000000070ce00000, 0x000000070ce00000| Untracked 
| 143|0x000000070cf00000, 0x000000070cf00000, 0x000000070d000000|  0%| F|  |TAMS 0x000000070cf00000, 0x000000070cf00000| Untracked 
| 144|0x000000070d000000, 0x000000070d000000, 0x000000070d100000|  0%| F|  |TAMS 0x000000070d000000, 0x000000070d000000| Untracked 
| 145|0x000000070d100000, 0x000000070d100000, 0x000000070d200000|  0%| F|  |TAMS 0x000000070d100000, 0x000000070d100000| Untracked 
| 146|0x000000070d200000, 0x000000070d200000, 0x000000070d300000|  0%| F|  |TAMS 0x000000070d200000, 0x000000070d200000| Untracked 
| 147|0x000000070d300000, 0x000000070d300000, 0x000000070d400000|  0%| F|  |TAMS 0x000000070d300000, 0x000000070d300000| Untracked 
| 148|0x000000070d400000, 0x000000070d400000, 0x000000070d500000|  0%| F|  |TAMS 0x000000070d400000, 0x000000070d400000| Untracked 
| 149|0x000000070d500000, 0x000000070d500000, 0x000000070d600000|  0%| F|  |TAMS 0x000000070d500000, 0x000000070d500000| Untracked 
| 150|0x000000070d600000, 0x000000070d600000, 0x000000070d700000|  0%| F|  |TAMS 0x000000070d600000, 0x000000070d600000| Untracked 
| 151|0x000000070d700000, 0x000000070d700000, 0x000000070d800000|  0%| F|  |TAMS 0x000000070d700000, 0x000000070d700000| Untracked 
| 152|0x000000070d800000, 0x000000070d800000, 0x000000070d900000|  0%| F|  |TAMS 0x000000070d800000, 0x000000070d800000| Untracked 
| 153|0x000000070d900000, 0x000000070d900000, 0x000000070da00000|  0%| F|  |TAMS 0x000000070d900000, 0x000000070d900000| Untracked 
| 154|0x000000070da00000, 0x000000070da00000, 0x000000070db00000|  0%| F|  |TAMS 0x000000070da00000, 0x000000070da00000| Untracked 
| 155|0x000000070db00000, 0x000000070db00000, 0x000000070dc00000|  0%| F|  |TAMS 0x000000070db00000, 0x000000070db00000| Untracked 
| 156|0x000000070dc00000, 0x000000070dc00000, 0x000000070dd00000|  0%| F|  |TAMS 0x000000070dc00000, 0x000000070dc00000| Untracked 
| 157|0x000000070dd00000, 0x000000070dd00000, 0x000000070de00000|  0%| F|  |TAMS 0x000000070dd00000, 0x000000070dd00000| Untracked 
| 158|0x000000070de00000, 0x000000070de00000, 0x000000070df00000|  0%| F|  |TAMS 0x000000070de00000, 0x000000070de00000| Untracked 
| 159|0x000000070df00000, 0x000000070df00000, 0x000000070e000000|  0%| F|  |TAMS 0x000000070df00000, 0x000000070df00000| Untracked 
| 160|0x000000070e000000, 0x000000070e000000, 0x000000070e100000|  0%| F|  |TAMS 0x000000070e000000, 0x000000070e000000| Untracked 
| 161|0x000000070e100000, 0x000000070e100000, 0x000000070e200000|  0%| F|  |TAMS 0x000000070e100000, 0x000000070e100000| Untracked 
| 162|0x000000070e200000, 0x000000070e200000, 0x000000070e300000|  0%| F|  |TAMS 0x000000070e200000, 0x000000070e200000| Untracked 
| 163|0x000000070e300000, 0x000000070e300000, 0x000000070e400000|  0%| F|  |TAMS 0x000000070e300000, 0x000000070e300000| Untracked 
| 164|0x000000070e400000, 0x000000070e400000, 0x000000070e500000|  0%| F|  |TAMS 0x000000070e400000, 0x000000070e400000| Untracked 
| 165|0x000000070e500000, 0x000000070e500000, 0x000000070e600000|  0%| F|  |TAMS 0x000000070e500000, 0x000000070e500000| Untracked 
| 166|0x000000070e600000, 0x000000070e600000, 0x000000070e700000|  0%| F|  |TAMS 0x000000070e600000, 0x000000070e600000| Untracked 
| 167|0x000000070e700000, 0x000000070e700000, 0x000000070e800000|  0%| F|  |TAMS 0x000000070e700000, 0x000000070e700000| Untracked 
| 168|0x000000070e800000, 0x000000070e800000, 0x000000070e900000|  0%| F|  |TAMS 0x000000070e800000, 0x000000070e800000| Untracked 
| 169|0x000000070e900000, 0x000000070e900000, 0x000000070ea00000|  0%| F|  |TAMS 0x000000070e900000, 0x000000070e900000| Untracked 
| 170|0x000000070ea00000, 0x000000070ea00000, 0x000000070eb00000|  0%| F|  |TAMS 0x000000070ea00000, 0x000000070ea00000| Untracked 
| 171|0x000000070eb00000, 0x000000070eb00000, 0x000000070ec00000|  0%| F|  |TAMS 0x000000070eb00000, 0x000000070eb00000| Untracked 
| 172|0x000000070ec00000, 0x000000070ec00000, 0x000000070ed00000|  0%| F|  |TAMS 0x000000070ec00000, 0x000000070ec00000| Untracked 
| 173|0x000000070ed00000, 0x000000070ed00000, 0x000000070ee00000|  0%| F|  |TAMS 0x000000070ed00000, 0x000000070ed00000| Untracked 
| 174|0x000000070ee00000, 0x000000070ee00000, 0x000000070ef00000|  0%| F|  |TAMS 0x000000070ee00000, 0x000000070ee00000| Untracked 
| 175|0x000000070ef00000, 0x000000070ef00000, 0x000000070f000000|  0%| F|  |TAMS 0x000000070ef00000, 0x000000070ef00000| Untracked 
| 176|0x000000070f000000, 0x000000070f000000, 0x000000070f100000|  0%| F|  |TAMS 0x000000070f000000, 0x000000070f000000| Untracked 
| 177|0x000000070f100000, 0x000000070f100000, 0x000000070f200000|  0%| F|  |TAMS 0x000000070f100000, 0x000000070f100000| Untracked 
| 178|0x000000070f200000, 0x000000070f200000, 0x000000070f300000|  0%| F|  |TAMS 0x000000070f200000, 0x000000070f200000| Untracked 
| 179|0x000000070f300000, 0x000000070f300000, 0x000000070f400000|  0%| F|  |TAMS 0x000000070f300000, 0x000000070f300000| Untracked 
| 180|0x000000070f400000, 0x000000070f400000, 0x000000070f500000|  0%| F|  |TAMS 0x000000070f400000, 0x000000070f400000| Untracked 
| 181|0x000000070f500000, 0x000000070f500000, 0x000000070f600000|  0%| F|  |TAMS 0x000000070f500000, 0x000000070f500000| Untracked 
| 182|0x000000070f600000, 0x000000070f600000, 0x000000070f700000|  0%| F|  |TAMS 0x000000070f600000, 0x000000070f600000| Untracked 
| 183|0x000000070f700000, 0x000000070f700000, 0x000000070f800000|  0%| F|  |TAMS 0x000000070f700000, 0x000000070f700000| Untracked 
| 184|0x000000070f800000, 0x000000070f800000, 0x000000070f900000|  0%| F|  |TAMS 0x000000070f800000, 0x000000070f800000| Untracked 
| 185|0x000000070f900000, 0x000000070f900000, 0x000000070fa00000|  0%| F|  |TAMS 0x000000070f900000, 0x000000070f900000| Untracked 
| 186|0x000000070fa00000, 0x000000070fa00000, 0x000000070fb00000|  0%| F|  |TAMS 0x000000070fa00000, 0x000000070fa00000| Untracked 
| 187|0x000000070fb00000, 0x000000070fb00000, 0x000000070fc00000|  0%| F|  |TAMS 0x000000070fb00000, 0x000000070fb00000| Untracked 
| 188|0x000000070fc00000, 0x000000070fc00000, 0x000000070fd00000|  0%| F|  |TAMS 0x000000070fc00000, 0x000000070fc00000| Untracked 
| 189|0x000000070fd00000, 0x000000070fd00000, 0x000000070fe00000|  0%| F|  |TAMS 0x000000070fd00000, 0x000000070fd00000| Untracked 
| 190|0x000000070fe00000, 0x000000070fe00000, 0x000000070ff00000|  0%| F|  |TAMS 0x000000070fe00000, 0x000000070fe00000| Untracked 
| 191|0x000000070ff00000, 0x000000070ff00000, 0x0000000710000000|  0%| F|  |TAMS 0x000000070ff00000, 0x000000070ff00000| Untracked 
| 192|0x0000000710000000, 0x0000000710000000, 0x0000000710100000|  0%| F|  |TAMS 0x0000000710000000, 0x0000000710000000| Untracked 
| 193|0x0000000710100000, 0x0000000710100000, 0x0000000710200000|  0%| F|  |TAMS 0x0000000710100000, 0x0000000710100000| Untracked 
| 194|0x0000000710200000, 0x0000000710200000, 0x0000000710300000|  0%| F|  |TAMS 0x0000000710200000, 0x0000000710200000| Untracked 
| 195|0x0000000710300000, 0x0000000710300000, 0x0000000710400000|  0%| F|  |TAMS 0x0000000710300000, 0x0000000710300000| Untracked 
| 196|0x0000000710400000, 0x0000000710400000, 0x0000000710500000|  0%| F|  |TAMS 0x0000000710400000, 0x0000000710400000| Untracked 
| 197|0x0000000710500000, 0x0000000710500000, 0x0000000710600000|  0%| F|  |TAMS 0x0000000710500000, 0x0000000710500000| Untracked 
| 198|0x0000000710600000, 0x0000000710600000, 0x0000000710700000|  0%| F|  |TAMS 0x0000000710600000, 0x0000000710600000| Untracked 
| 199|0x0000000710700000, 0x0000000710700000, 0x0000000710800000|  0%| F|  |TAMS 0x0000000710700000, 0x0000000710700000| Untracked 
| 200|0x0000000710800000, 0x0000000710800000, 0x0000000710900000|  0%| F|  |TAMS 0x0000000710800000, 0x0000000710800000| Untracked 
| 201|0x0000000710900000, 0x0000000710900000, 0x0000000710a00000|  0%| F|  |TAMS 0x0000000710900000, 0x0000000710900000| Untracked 
| 202|0x0000000710a00000, 0x0000000710a00000, 0x0000000710b00000|  0%| F|  |TAMS 0x0000000710a00000, 0x0000000710a00000| Untracked 
| 203|0x0000000710b00000, 0x0000000710b00000, 0x0000000710c00000|  0%| F|  |TAMS 0x0000000710b00000, 0x0000000710b00000| Untracked 
| 204|0x0000000710c00000, 0x0000000710c00000, 0x0000000710d00000|  0%| F|  |TAMS 0x0000000710c00000, 0x0000000710c00000| Untracked 
| 205|0x0000000710d00000, 0x0000000710d00000, 0x0000000710e00000|  0%| F|  |TAMS 0x0000000710d00000, 0x0000000710d00000| Untracked 
| 206|0x0000000710e00000, 0x0000000710e00000, 0x0000000710f00000|  0%| F|  |TAMS 0x0000000710e00000, 0x0000000710e00000| Untracked 
| 207|0x0000000710f00000, 0x0000000710f00000, 0x0000000711000000|  0%| F|  |TAMS 0x0000000710f00000, 0x0000000710f00000| Untracked 
| 208|0x0000000711000000, 0x0000000711000000, 0x0000000711100000|  0%| F|  |TAMS 0x0000000711000000, 0x0000000711000000| Untracked 
| 209|0x0000000711100000, 0x0000000711100000, 0x0000000711200000|  0%| F|  |TAMS 0x0000000711100000, 0x0000000711100000| Untracked 
| 210|0x0000000711200000, 0x0000000711200000, 0x0000000711300000|  0%| F|  |TAMS 0x0000000711200000, 0x0000000711200000| Untracked 
| 211|0x0000000711300000, 0x0000000711300000, 0x0000000711400000|  0%| F|  |TAMS 0x0000000711300000, 0x0000000711300000| Untracked 
| 212|0x0000000711400000, 0x0000000711400000, 0x0000000711500000|  0%| F|  |TAMS 0x0000000711400000, 0x0000000711400000| Untracked 
| 213|0x0000000711500000, 0x0000000711500000, 0x0000000711600000|  0%| F|  |TAMS 0x0000000711500000, 0x0000000711500000| Untracked 
| 214|0x0000000711600000, 0x0000000711600000, 0x0000000711700000|  0%| F|  |TAMS 0x0000000711600000, 0x0000000711600000| Untracked 
| 215|0x0000000711700000, 0x0000000711700000, 0x0000000711800000|  0%| F|  |TAMS 0x0000000711700000, 0x0000000711700000| Untracked 
| 216|0x0000000711800000, 0x0000000711800000, 0x0000000711900000|  0%| F|  |TAMS 0x0000000711800000, 0x0000000711800000| Untracked 
| 217|0x0000000711900000, 0x0000000711900000, 0x0000000711a00000|  0%| F|  |TAMS 0x0000000711900000, 0x0000000711900000| Untracked 
| 218|0x0000000711a00000, 0x0000000711a00000, 0x0000000711b00000|  0%| F|  |TAMS 0x0000000711a00000, 0x0000000711a00000| Untracked 
| 219|0x0000000711b00000, 0x0000000711b00000, 0x0000000711c00000|  0%| F|  |TAMS 0x0000000711b00000, 0x0000000711b00000| Untracked 
| 220|0x0000000711c00000, 0x0000000711c00000, 0x0000000711d00000|  0%| F|  |TAMS 0x0000000711c00000, 0x0000000711c00000| Untracked 
| 221|0x0000000711d00000, 0x0000000711d00000, 0x0000000711e00000|  0%| F|  |TAMS 0x0000000711d00000, 0x0000000711d00000| Untracked 
| 222|0x0000000711e00000, 0x0000000711e00000, 0x0000000711f00000|  0%| F|  |TAMS 0x0000000711e00000, 0x0000000711e00000| Untracked 
| 223|0x0000000711f00000, 0x0000000711f00000, 0x0000000712000000|  0%| F|  |TAMS 0x0000000711f00000, 0x0000000711f00000| Untracked 
| 224|0x0000000712000000, 0x0000000712000000, 0x0000000712100000|  0%| F|  |TAMS 0x0000000712000000, 0x0000000712000000| Untracked 
| 225|0x0000000712100000, 0x0000000712200000, 0x0000000712200000|100%| S|CS|TAMS 0x0000000712100000, 0x0000000712100000| Complete 
| 226|0x0000000712200000, 0x0000000712300000, 0x0000000712300000|100%| S|CS|TAMS 0x0000000712200000, 0x0000000712200000| Complete 
| 227|0x0000000712300000, 0x0000000712400000, 0x0000000712400000|100%| S|CS|TAMS 0x0000000712300000, 0x0000000712300000| Complete 
| 228|0x0000000712400000, 0x0000000712400000, 0x0000000712500000|  0%| F|  |TAMS 0x0000000712400000, 0x0000000712400000| Untracked 
| 229|0x0000000712500000, 0x0000000712500000, 0x0000000712600000|  0%| F|  |TAMS 0x0000000712500000, 0x0000000712500000| Untracked 
| 230|0x0000000712600000, 0x0000000712600000, 0x0000000712700000|  0%| F|  |TAMS 0x0000000712600000, 0x0000000712600000| Untracked 
| 231|0x0000000712700000, 0x0000000712700000, 0x0000000712800000|  0%| F|  |TAMS 0x0000000712700000, 0x0000000712700000| Untracked 
| 232|0x0000000712800000, 0x0000000712800000, 0x0000000712900000|  0%| F|  |TAMS 0x0000000712800000, 0x0000000712800000| Untracked 
| 233|0x0000000712900000, 0x0000000712900000, 0x0000000712a00000|  0%| F|  |TAMS 0x0000000712900000, 0x0000000712900000| Untracked 
| 234|0x0000000712a00000, 0x0000000712a00000, 0x0000000712b00000|  0%| F|  |TAMS 0x0000000712a00000, 0x0000000712a00000| Untracked 
| 235|0x0000000712b00000, 0x0000000712b00000, 0x0000000712c00000|  0%| F|  |TAMS 0x0000000712b00000, 0x0000000712b00000| Untracked 
| 236|0x0000000712c00000, 0x0000000712c00000, 0x0000000712d00000|  0%| F|  |TAMS 0x0000000712c00000, 0x0000000712c00000| Untracked 
| 237|0x0000000712d00000, 0x0000000712d00000, 0x0000000712e00000|  0%| F|  |TAMS 0x0000000712d00000, 0x0000000712d00000| Untracked 
| 238|0x0000000712e00000, 0x0000000712e00000, 0x0000000712f00000|  0%| F|  |TAMS 0x0000000712e00000, 0x0000000712e00000| Untracked 
| 239|0x0000000712f00000, 0x0000000712f00000, 0x0000000713000000|  0%| F|  |TAMS 0x0000000712f00000, 0x0000000712f00000| Untracked 
| 240|0x0000000713000000, 0x0000000713000000, 0x0000000713100000|  0%| F|  |TAMS 0x0000000713000000, 0x0000000713000000| Untracked 
| 241|0x0000000713100000, 0x0000000713100000, 0x0000000713200000|  0%| F|  |TAMS 0x0000000713100000, 0x0000000713100000| Untracked 
| 242|0x0000000713200000, 0x0000000713200000, 0x0000000713300000|  0%| F|  |TAMS 0x0000000713200000, 0x0000000713200000| Untracked 
| 243|0x0000000713300000, 0x0000000713300000, 0x0000000713400000|  0%| F|  |TAMS 0x0000000713300000, 0x0000000713300000| Untracked 
| 244|0x0000000713400000, 0x0000000713400000, 0x0000000713500000|  0%| F|  |TAMS 0x0000000713400000, 0x0000000713400000| Untracked 
| 245|0x0000000713500000, 0x0000000713600000, 0x0000000713600000|100%| E|  |TAMS 0x0000000713500000, 0x0000000713500000| Complete 
| 246|0x0000000713600000, 0x0000000713700000, 0x0000000713700000|100%| E|CS|TAMS 0x0000000713600000, 0x0000000713600000| Complete 
| 247|0x0000000713700000, 0x0000000713800000, 0x0000000713800000|100%| E|CS|TAMS 0x0000000713700000, 0x0000000713700000| Complete 
| 248|0x0000000713800000, 0x0000000713900000, 0x0000000713900000|100%| E|CS|TAMS 0x0000000713800000, 0x0000000713800000| Complete 
| 249|0x0000000713900000, 0x0000000713a00000, 0x0000000713a00000|100%| E|CS|TAMS 0x0000000713900000, 0x0000000713900000| Complete 
| 250|0x0000000713a00000, 0x0000000713b00000, 0x0000000713b00000|100%| E|CS|TAMS 0x0000000713a00000, 0x0000000713a00000| Complete 
| 251|0x0000000713b00000, 0x0000000713c00000, 0x0000000713c00000|100%| E|CS|TAMS 0x0000000713b00000, 0x0000000713b00000| Complete 

Card table byte_map: [0x000001d1ff560000,0x000001d1ffd40000] _byte_map_base: 0x000001d1fbd40000

Marking Bits (Prev, Next): (CMBitMap*) 0x000001d1e6f56d38, (CMBitMap*) 0x000001d1e6f56d70
 Prev Bits: [0x000001d1807e0000, 0x000001d1846e0000)
 Next Bits: [0x000001d1846e0000, 0x000001d1885e0000)

Polling page: 0x000001d1e56e0000

Metaspace:

Usage:
  Non-class:     13.63 MB capacity,    13.45 MB ( 99%) used,   159.56 KB (  1%) free+waste,    17.75 KB ( <1%) overhead. 
      Class:      1.53 MB capacity,     1.47 MB ( 97%) used,    44.91 KB (  3%) free+waste,     7.06 KB ( <1%) overhead. 
       Both:     15.15 MB capacity,    14.93 MB ( 99%) used,   204.48 KB (  1%) free+waste,    24.81 KB ( <1%) overhead. 

Virtual space:
  Non-class space:       14.00 MB reserved,      13.75 MB ( 98%) committed 
      Class space:        1.00 GB reserved,       1.63 MB ( <1%) committed 
             Both:        1.01 GB reserved,      15.38 MB (  1%) committed 

Chunk freelists:
   Non-Class:  0 bytes
       Class:  768 bytes
        Both:  768 bytes

CodeHeap 'non-profiled nmethods': size=120000Kb used=521Kb max_used=521Kb free=119478Kb
 bounds [0x000001d1f6de0000, 0x000001d1f7050000, 0x000001d1fe310000]
CodeHeap 'profiled nmethods': size=120000Kb used=2534Kb max_used=2534Kb free=117465Kb
 bounds [0x000001d1ef8b0000, 0x000001d1efb30000, 0x000001d1f6de0000]
CodeHeap 'non-nmethods': size=5760Kb used=1202Kb max_used=1223Kb free=4557Kb
 bounds [0x000001d1ef310000, 0x000001d1ef580000, 0x000001d1ef8b0000]
 total_blobs=1659 nmethods=1236 adapters=343
 compilation: enabled
              stopped_count=0, restarted_count=0
 full_count=0

Compilation events (10 events):
Event: 26.464 Thread 0x000001d18b838800 1232   !   3       java.net.URL::<init> (543 bytes)
Event: 26.472 Thread 0x000001d18b838800 nmethod 1232 0x000001d1efb1f290 code [0x000001d1efb1fa00, 0x000001d1efb25b30]
Event: 26.472 Thread 0x000001d18b838800 1233       3       java.net.URLStreamHandler::setURL (73 bytes)
Event: 26.473 Thread 0x000001d18b838800 nmethod 1233 0x000001d1efb27e90 code [0x000001d1efb28160, 0x000001d1efb28f00]
Event: 32.491 Thread 0x000001d18b830000 1234       4       java.util.regex.Matcher::search (154 bytes)
Event: 32.491 Thread 0x000001d18b838800 1236       3       java.util.LinkedHashMap$LinkedKeyIterator::next (8 bytes)
Event: 32.492 Thread 0x000001d18b838800 nmethod 1236 0x000001d1efb29490 code [0x000001d1efb29640, 0x000001d1efb29810]
Event: 32.518 Thread 0x000001d18b830000 nmethod 1234 0x000001d1f6e5f490 code [0x000001d1f6e5f6c0, 0x000001d1f6e60968]
Event: 32.518 Thread 0x000001d18b830000 1235       4       java.util.regex.Pattern$Begin::match (62 bytes)
Event: 32.525 Thread 0x000001d18b830000 nmethod 1235 0x000001d1f6e61490 code [0x000001d1f6e61660, 0x000001d1f6e62048]

GC Heap History (2 events):
Event: 4.030 GC heap before
{Heap before GC invocations=0 (full 0):
 garbage-first heap   total 258048K, used 24576K [0x0000000704000000, 0x0000000800000000)
  region size 1024K, 24 young (24576K), 0 survivors (0K)
 Metaspace       used 15165K, capacity 15386K, committed 15488K, reserved 1062912K
  class space    used 1503K, capacity 1562K, committed 1664K, reserved 1048576K
}
Event: 4.034 GC heap after
{Heap after GC invocations=1 (full 0):
 garbage-first heap   total 258048K, used 3599K [0x0000000704000000, 0x0000000800000000)
  region size 1024K, 3 young (3072K), 3 survivors (3072K)
 Metaspace       used 15165K, capacity 15386K, committed 15488K, reserved 1062912K
  class space    used 1503K, capacity 1562K, committed 1664K, reserved 1048576K
}

Deoptimization events (10 events):
Event: 5.989 Thread 0x000001d1e6ef8800 Uncommon trap: reason=bimorphic_or_optimized_type_check action=maybe_recompile pc=0x000001d1f6e47b6c method=java.util.regex.Pattern$Slice.match(Ljava/util/regex/Matcher;ILjava/lang/CharSequence;)Z @ 75 c2
Event: 5.989 Thread 0x000001d1e6ef8800 Uncommon trap: reason=class_check action=maybe_recompile pc=0x000001d1f6e3e918 method=java.util.regex.Matcher.search(I)Z @ 121 c2
Event: 5.989 Thread 0x000001d1e6ef8800 Uncommon trap: reason=class_check action=maybe_recompile pc=0x000001d1f6e53a7c method=java.util.regex.Pattern$Begin.match(Ljava/util/regex/Matcher;ILjava/lang/CharSequence;)Z @ 30 c2
Event: 5.989 Thread 0x000001d1e6ef8800 Uncommon trap: reason=bimorphic_or_optimized_type_check action=maybe_recompile pc=0x000001d1f6e47b6c method=java.util.regex.Pattern$Slice.match(Ljava/util/regex/Matcher;ILjava/lang/CharSequence;)Z @ 75 c2
Event: 5.989 Thread 0x000001d1e6ef8800 Uncommon trap: reason=bimorphic_or_optimized_type_check action=maybe_recompile pc=0x000001d1f6e47b6c method=java.util.regex.Pattern$Slice.match(Ljava/util/regex/Matcher;ILjava/lang/CharSequence;)Z @ 75 c2
Event: 5.989 Thread 0x000001d1e6ef8800 Uncommon trap: reason=class_check action=maybe_recompile pc=0x000001d1f6e3e918 method=java.util.regex.Matcher.search(I)Z @ 121 c2
Event: 5.989 Thread 0x000001d1e6ef8800 Uncommon trap: reason=class_check action=maybe_recompile pc=0x000001d1f6e53a7c method=java.util.regex.Pattern$Begin.match(Ljava/util/regex/Matcher;ILjava/lang/CharSequence;)Z @ 30 c2
Event: 5.989 Thread 0x000001d1e6ef8800 Uncommon trap: reason=bimorphic_or_optimized_type_check action=maybe_recompile pc=0x000001d1f6e47b6c method=java.util.regex.Pattern$Slice.match(Ljava/util/regex/Matcher;ILjava/lang/CharSequence;)Z @ 75 c2
Event: 5.989 Thread 0x000001d1e6ef8800 Uncommon trap: reason=class_check action=maybe_recompile pc=0x000001d1f6e3e918 method=java.util.regex.Matcher.search(I)Z @ 121 c2
Event: 5.989 Thread 0x000001d1e6ef8800 Uncommon trap: reason=class_check action=maybe_recompile pc=0x000001d1f6e53a7c method=java.util.regex.Pattern$Begin.match(Ljava/util/regex/Matcher;ILjava/lang/CharSequence;)Z @ 30 c2

Classes redefined (1 events):
Event: 89.845 Thread 0x000001d18b7a5800 redefined class name=org.iupac.fairspec.spec.IFSSpecDataFindingAid, count=1

Internal exceptions (8 events):
Event: 0.395 Thread 0x000001d1e6ef8800 Exception <a 'java/lang/NoSuchMethodError'{0x00000007136933b0}: java.lang.invoke.DirectMethodHandle$Holder.invokeSpecialIFC(Ljava/lang/Object;Ljava/lang/Object;I)I> (0x00000007136933b0) thrown at [./open/src/hotspot/share/interpreter/linkResolver.cpp, lin
Event: 0.432 Thread 0x000001d1e6ef8800 Exception <a 'java/lang/NoSuchMethodError'{0x00000007134646b0}: java.lang.invoke.DirectMethodHandle$Holder.invokeStaticInit(Ljava/lang/Object;IIII)Ljava/lang/Object;> (0x00000007134646b0) thrown at [./open/src/hotspot/share/interpreter/linkResolver.cpp, l
Event: 0.434 Thread 0x000001d1e6ef8800 Exception <a 'sun/nio/fs/WindowsException'{0x000000071346e260}> (0x000000071346e260) thrown at [./open/src/hotspot/share/prims/jni.cpp, line 611]
Event: 0.444 Thread 0x000001d1e6ef8800 Exception <a 'java/lang/NoSuchMethodError'{0x00000007134c3be8}: java.lang.invoke.DirectMethodHandle$Holder.invokeStaticInit(Ljava/lang/Object;Ljava/lang/Object;Ljava/lang/Object;Ljava/lang/Object;)I> (0x00000007134c3be8) thrown at [./open/src/hotspot/shar
Event: 0.445 Thread 0x000001d1e6ef8800 Exception <a 'java/lang/IncompatibleClassChangeError'{0x00000007134cdb30}: Found class java.lang.Object, but interface was expected> (0x00000007134cdb30) thrown at [./open/src/hotspot/share/interpreter/linkResolver.cpp, line 838]
Event: 0.446 Thread 0x000001d1e6ef8800 Exception <a 'java/lang/NoSuchMethodError'{0x00000007134d1698}: java.lang.invoke.DirectMethodHandle$Holder.invokeStaticInit(Ljava/lang/Object;Ljava/lang/Object;)V> (0x00000007134d1698) thrown at [./open/src/hotspot/share/interpreter/linkResolver.cpp, line
Event: 0.447 Thread 0x000001d1e6ef8800 Exception <a 'java/lang/NoSuchMethodError'{0x00000007134d93e8}: java.lang.invoke.DirectMethodHandle$Holder.invokeStaticInit(Ljava/lang/Object;Ljava/lang/Object;)I> (0x00000007134d93e8) thrown at [./open/src/hotspot/share/interpreter/linkResolver.cpp, line
Event: 0.684 Thread 0x000001d1e6ef8800 Exception <a 'java/lang/NoSuchMethodError'{0x0000000712d55aa0}: java.lang.invoke.DirectMethodHandle$Holder.invokeStaticInit(Ljava/lang/Object;Ljava/lang/Object;IIII)Ljava/lang/Object;> (0x0000000712d55aa0) thrown at [./open/src/hotspot/share/interpreter/l

Events (10 events):
Event: 89.856 Executing VM operation: GetOwnedMonitorInfo done
Event: 89.856 Executing VM operation: GetCurrentContendedMonitor
Event: 89.856 Executing VM operation: GetCurrentContendedMonitor done
Event: 89.856 Executing VM operation: GetCurrentContendedMonitor
Event: 89.856 Executing VM operation: GetCurrentContendedMonitor done
Event: 89.856 Executing VM operation: GetOwnedMonitorInfo
Event: 89.856 Executing VM operation: GetOwnedMonitorInfo done
Event: 89.901 Executing VM operation: GetFrameLocation
Event: 89.901 Executing VM operation: GetFrameLocation done
Event: 89.901 Executing VM operation: GetOrSetLocal


Dynamic libraries:
0x00007ff618f00000 - 0x00007ff618f0f000 	C:\Program Files\Java\jdk-11.0.8\bin\javaw.exe
0x00007ffcf9450000 - 0x00007ffcf9645000 	C:\WINDOWS\SYSTEM32\ntdll.dll
0x00007ffcf74b0000 - 0x00007ffcf756d000 	C:\WINDOWS\System32\KERNEL32.DLL
0x00007ffcf71e0000 - 0x00007ffcf74a8000 	C:\WINDOWS\System32\KERNELBASE.dll
0x00007ffcf6df0000 - 0x00007ffcf6ef0000 	C:\WINDOWS\System32\ucrtbase.dll
0x00007ffce7370000 - 0x00007ffce7388000 	C:\Program Files\Java\jdk-11.0.8\bin\jli.dll
0x00007ffce6dd0000 - 0x00007ffce6de5000 	C:\Program Files\Java\jdk-11.0.8\bin\VCRUNTIME140.dll
0x00007ffcf79f0000 - 0x00007ffcf7a9c000 	C:\WINDOWS\System32\ADVAPI32.dll
0x00007ffcf7c50000 - 0x00007ffcf7cee000 	C:\WINDOWS\System32\msvcrt.dll
0x00007ffcf7db0000 - 0x00007ffcf7e4b000 	C:\WINDOWS\System32\sechost.dll
0x00007ffcf8aa0000 - 0x00007ffcf8bcb000 	C:\WINDOWS\System32\RPCRT4.dll
0x00007ffcf8080000 - 0x00007ffcf8220000 	C:\WINDOWS\System32\USER32.dll
0x00007ffcf6dc0000 - 0x00007ffcf6de2000 	C:\WINDOWS\System32\win32u.dll
0x00007ffcd9820000 - 0x00007ffcd9aba000 	C:\WINDOWS\WinSxS\amd64_microsoft.windows.common-controls_6595b64144ccf1df_6.0.19041.844_none_ca00b6081b84eb1d\COMCTL32.dll
0x00007ffcf7aa0000 - 0x00007ffcf7aca000 	C:\WINDOWS\System32\GDI32.dll
0x00007ffcf70d0000 - 0x00007ffcf71db000 	C:\WINDOWS\System32\gdi32full.dll
0x00007ffcf6c10000 - 0x00007ffcf6cad000 	C:\WINDOWS\System32\msvcp_win.dll
0x00007ffce73c0000 - 0x00007ffce73ca000 	C:\WINDOWS\SYSTEM32\VERSION.dll
0x00007ffcf75f0000 - 0x00007ffcf7620000 	C:\WINDOWS\System32\IMM32.DLL
0x00007ffccf070000 - 0x00007ffccf10b000 	C:\Program Files\Java\jdk-11.0.8\bin\msvcp140.dll
0x00007ffc818f0000 - 0x00007ffc823d6000 	C:\Program Files\Java\jdk-11.0.8\bin\server\jvm.dll
0x00007ffcf8410000 - 0x00007ffcf8418000 	C:\WINDOWS\System32\PSAPI.DLL
0x00007ffcdbf10000 - 0x00007ffcdbf19000 	C:\WINDOWS\SYSTEM32\WSOCK32.dll
0x00007ffcdefa0000 - 0x00007ffcdefc7000 	C:\WINDOWS\SYSTEM32\WINMM.dll
0x00007ffcf83a0000 - 0x00007ffcf840b000 	C:\WINDOWS\System32\WS2_32.dll
0x00007ffcf5460000 - 0x00007ffcf5472000 	C:\WINDOWS\SYSTEM32\kernel.appcore.dll
0x00007ffcf0240000 - 0x00007ffcf0250000 	C:\Program Files\Java\jdk-11.0.8\bin\verify.dll
0x00007ffcf4940000 - 0x00007ffcf4b24000 	C:\WINDOWS\SYSTEM32\DBGHELP.DLL
0x00007ffce7e90000 - 0x00007ffce7ebc000 	C:\WINDOWS\SYSTEM32\dbgcore.DLL
0x00007ffcf7050000 - 0x00007ffcf70d0000 	C:\WINDOWS\System32\bcryptPrimitives.dll
0x00007ffce2f10000 - 0x00007ffce2f38000 	C:\Program Files\Java\jdk-11.0.8\bin\java.dll
0x00007ffce7ec0000 - 0x00007ffce7eca000 	C:\Program Files\Java\jdk-11.0.8\bin\jimage.dll
0x00007ffcf4130000 - 0x00007ffcf4168000 	C:\Program Files\Java\jdk-11.0.8\bin\jdwp.dll
0x00007ffcf4240000 - 0x00007ffcf424e000 	C:\Program Files\Java\jdk-11.0.8\bin\instrument.dll
0x00007ffce6b40000 - 0x00007ffce6b56000 	C:\Program Files\Java\jdk-11.0.8\bin\zip.dll
0x00007ffcf8c60000 - 0x00007ffcf93a2000 	C:\WINDOWS\System32\SHELL32.dll
0x00007ffcf4cc0000 - 0x00007ffcf5450000 	C:\WINDOWS\SYSTEM32\windows.storage.dll
0x00007ffcf7690000 - 0x00007ffcf79e5000 	C:\WINDOWS\System32\combase.dll
0x00007ffcf6600000 - 0x00007ffcf662c000 	C:\WINDOWS\SYSTEM32\Wldp.dll
0x00007ffcf7d00000 - 0x00007ffcf7dae000 	C:\WINDOWS\System32\SHCORE.dll
0x00007ffcf8220000 - 0x00007ffcf8275000 	C:\WINDOWS\System32\shlwapi.dll
0x00007ffcf6ad0000 - 0x00007ffcf6aef000 	C:\WINDOWS\SYSTEM32\profapi.dll
0x00007ffcf4230000 - 0x00007ffcf423a000 	C:\Program Files\Java\jdk-11.0.8\bin\dt_socket.dll
0x00007ffcf6370000 - 0x00007ffcf63da000 	C:\WINDOWS\System32\mswsock.dll
0x00007ffcf6050000 - 0x00007ffcf611c000 	C:\WINDOWS\SYSTEM32\DNSAPI.dll
0x00007ffcf6010000 - 0x00007ffcf604b000 	C:\WINDOWS\SYSTEM32\IPHLPAPI.DLL
0x00007ffcf7680000 - 0x00007ffcf7688000 	C:\WINDOWS\System32\NSI.dll
0x00007ffce5ff0000 - 0x00007ffce606f000 	C:\WINDOWS\System32\fwpuclnt.dll
0x00007ffcf6b90000 - 0x00007ffcf6bb7000 	C:\WINDOWS\System32\bcrypt.dll
0x00007ffce2680000 - 0x00007ffce268a000 	C:\Windows\System32\rasadhlp.dll
0x00007ffce2ef0000 - 0x00007ffce2f09000 	C:\Program Files\Java\jdk-11.0.8\bin\net.dll
0x00007ffce7260000 - 0x00007ffce736b000 	C:\WINDOWS\SYSTEM32\WINHTTP.dll
0x00007ffce2df0000 - 0x00007ffce2e02000 	C:\Program Files\Java\jdk-11.0.8\bin\nio.dll
0x00007ffcd0690000 - 0x00007ffcd06b5000 	C:\Program Files\Java\jdk-11.0.8\bin\sunec.dll
0x00007ffcf6540000 - 0x00007ffcf6558000 	C:\WINDOWS\SYSTEM32\CRYPTSP.dll
0x00007ffcf5ca0000 - 0x00007ffcf5cd4000 	C:\WINDOWS\system32\rsaenh.dll
0x00007ffcf6a90000 - 0x00007ffcf6abe000 	C:\WINDOWS\SYSTEM32\USERENV.dll
0x00007ffcf6560000 - 0x00007ffcf656c000 	C:\WINDOWS\SYSTEM32\CRYPTBASE.dll
0x00007ffce39f0000 - 0x00007ffce3a07000 	C:\WINDOWS\SYSTEM32\dhcpcsvc6.DLL
0x00007ffce3920000 - 0x00007ffce393d000 	C:\WINDOWS\SYSTEM32\dhcpcsvc.DLL
0x00007ffce7e20000 - 0x00007ffce7e2d000 	C:\Program Files\Java\jdk-11.0.8\bin\sunmscapi.dll
0x00007ffcf6ef0000 - 0x00007ffcf704f000 	C:\WINDOWS\System32\CRYPT32.dll
0x00007ffcf6670000 - 0x00007ffcf6697000 	C:\WINDOWS\SYSTEM32\ncrypt.dll
0x00007ffcf6630000 - 0x00007ffcf666b000 	C:\WINDOWS\SYSTEM32\NTASN1.dll

dbghelp: loaded successfully - version: 4.0.5 - missing functions: none
symbol engine: initialized successfully - sym options: 0x614 - pdb path: .;C:\Program Files\Java\jdk-11.0.8\bin;C:\WINDOWS\SYSTEM32;C:\WINDOWS\WinSxS\amd64_microsoft.windows.common-controls_6595b64144ccf1df_6.0.19041.844_none_ca00b6081b84eb1d;C:\Program Files\Java\jdk-11.0.8\bin\server

VM Arguments:
jvm_args: -agentlib:jdwp=transport=dt_socket,suspend=y,address=localhost:64987 -javaagent:C:\Users\hansonr\jee-2021-03\eclipse\configuration\org.eclipse.osgi\412\0\.cp\lib\javaagent-shaded.jar -Dfile.encoding=UTF-8 
java_command: com.integratedgraphics.ifs.ExtractorTest
java_class_path (initial): C:\Users\hansonr\git\IUPAC-FAIRSpec\bin;C:\Users\hansonr\git\Jmol-SwingJS\bin;C:\Users\hansonr\git\Jmol-SwingJS\jars\netscape.jar;C:\Users\hansonr\git\Jmol-SwingJS\jars\jni-inchi-0.7-jar-with-dependencies.jar;C:\Users\hansonr\git\Jmol-SwingJS\jars\junit.jar;C:\Users\hansonr\git\Jmol-SwingJS\jars\naga-3_0.jar;C:\Users\hansonr\git\Jmol-SwingJS\jars\commons-cli-1.2.jar
Launcher Type: SUN_STANDARD

[Global flags]
     intx CICompilerCount                          = 4                                         {product} {ergonomic}
     uint ConcGCThreads                            = 2                                         {product} {ergonomic}
     uint G1ConcRefinementThreads                  = 8                                         {product} {ergonomic}
   size_t G1HeapRegionSize                         = 1048576                                   {product} {ergonomic}
    uintx GCDrainStackTargetSize                   = 64                                        {product} {ergonomic}
   size_t InitialHeapSize                          = 264241152                                 {product} {ergonomic}
   size_t MarkStackSize                            = 4194304                                   {product} {ergonomic}
   size_t MaxHeapSize                              = 4227858432                                {product} {ergonomic}
   size_t MaxNewSize                               = 2536505344                                {product} {ergonomic}
   size_t MinHeapDeltaBytes                        = 1048576                                   {product} {ergonomic}
    uintx NonNMethodCodeHeapSize                   = 5836300                                {pd product} {ergonomic}
    uintx NonProfiledCodeHeapSize                  = 122910970                              {pd product} {ergonomic}
    uintx ProfiledCodeHeapSize                     = 122910970                              {pd product} {ergonomic}
    uintx ReservedCodeCacheSize                    = 251658240                              {pd product} {ergonomic}
     bool SegmentedCodeCache                       = true                                      {product} {ergonomic}
     bool UseCompressedClassPointers               = true                                 {lp64_product} {ergonomic}
     bool UseCompressedOops                        = true                                 {lp64_product} {ergonomic}
     bool UseG1GC                                  = true                                      {product} {ergonomic}
     bool UseLargePagesIndividualAllocation        = false                                  {pd product} {ergonomic}

Logging:
Log output configuration:
 #0: stdout all=warning uptime,level,tags
 #1: stderr all=off uptime,level,tags

Environment Variables:
JAVA_HOME=C:\Progra~1\Java\jdk-11.0.8
CLASSPATH=.;c:\temp\dist\dist\djmolplatform1
PATH=C:\Program Files\PerkinElmerInformatics\ChemOffice2020\ChemScript\Lib;C:\Program Files\Common Files\Oracle\Java\javapath;C:\Program Files (x86)\Common Files\Oracle\Java\javapath;C:\WINDOWS\system32;C:\WINDOWS;C:\WINDOWS\System32\Wbem;C:\WINDOWS\System32\WindowsPowerShell\v1.0\;C:\WINDOWS\System32\OpenSSH\;c:\d_drive\work;c:\temp\dist\dist\djmolplatform1;C:\Users\hansonr\AppData\Local\Microsoft\WindowsApps;
USERNAME=hansonr
OS=Windows_NT
PROCESSOR_IDENTIFIER=Intel64 Family 6 Model 142 Stepping 12, GenuineIntel



---------------  S Y S T E M  ---------------

OS: Windows 10 , 64 bit Build 19041 (10.0.19041.928)

CPU:total 8 (initial active 8) (4 cores per cpu, 2 threads per core) family 6 model 142 stepping 12, cmov, cx8, fxsr, mmx, sse, sse2, sse3, ssse3, sse4.1, sse4.2, popcnt, avx, avx2, aes, clmul, erms, rtm, 3dnowpref, lzcnt, ht, tsc, tscinvbit, bmi1, bmi2, adx, fma

Memory: 4k page, system-wide physical 16124M (5490M free)
TotalPageFile size 22524M (AvailPageFile size 4594M)
current process WorkingSet (physical memory assigned to process): 88M, peak: 91M
current process commit charge ("private bytes"): 353M, peak: 356M

vm_info: Java HotSpot(TM) 64-Bit Server VM (11.0.8+10-LTS) for windows-amd64 JRE (11.0.8+10-LTS), built on Jun 16 2020 05:53:08 by "mach5one" with unknown MS VC++:1916

END.
