#
# A fatal error has been detected by the Java Runtime Environment:
#
#  Internal Error (./open/src/hotspot/share/oops/generateOopMap.cpp:2164), pid=4400, tid=16148
#  fatal error: Illegal class file encountered. Try running with -Xverify:all in method accept
#
# JRE version: Java(TM) SE Runtime Environment 18.9 (11.0.8+10) (build 11.0.8+10-LTS)
# Java VM: Java HotSpot(TM) 64-Bit Server VM 18.9 (11.0.8+10-LTS, mixed mode, tiered, compressed oops, g1 gc, windows-amd64)
# No core dump will be written. Minidumps are not enabled by default on client versions of Windows
#
# If you would like to submit a bug report, please visit:
#   https://bugreport.java.com/bugreport/crash.jsp
#

---------------  S U M M A R Y ------------

Command Line: -agentlib:jdwp=transport=dt_socket,suspend=y,address=localhost:50450 -javaagent:C:\Users\hansonr\jee-2021-03\eclipse\configuration\org.eclipse.osgi\412\0\.cp\lib\javaagent-shaded.jar -Dfile.encoding=UTF-8 com.integratedgraphics.ifs.ExtractorTest

Host: Intel(R) Core(TM) i7-8665U CPU @ 1.90GHz, 8 cores, 15G,  Windows 10 , 64 bit Build 19041 (10.0.19041.1023)
Time: Mon Jul 12 10:45:27 2021 Eastern Daylight Time elapsed time: 994 seconds (0d 0h 16m 34s)

---------------  T H R E A D  ---------------

Current thread (0x000001f44e4a3000):  VMThread "VM Thread" [stack: 0x00000007b7f00000,0x00000007b8000000] [id=16148]

Stack: [0x00000007b7f00000,0x00000007b8000000]
[error occurred during error reporting (printing stack bounds), id 0xc0000005, EXCEPTION_ACCESS_VIOLATION (0xc0000005) at pc=0x000001f432940dad]

Native frames: (J=compiled Java code, j=interpreted, Vv=VM code, C=native code)
V  [jvm.dll+0x601aea]
V  [jvm.dll+0x737fef]
V  [jvm.dll+0x739675]
V  [jvm.dll+0x739c55]
V  [jvm.dll+0x739c0b]
V  [jvm.dll+0x6013d3]
V  [jvm.dll+0x601798]
C  [ntdll.dll+0xa217f]
C  [ntdll.dll+0x51454]
C  [ntdll.dll+0xa0cae]
C  0x000001f432940dad

VM_Operation (0x00000007b89ff210): GetOrSetLocal, mode: safepoint, requested by thread 0x000001f44f0c3800


---------------  P R O C E S S  ---------------

Threads class SMR info:
_java_thread_list=0x000001f44f42ec40, length=13, elements={
0x000001f428d38800, 0x000001f44e4a5800, 0x000001f44e4d1800, 0x000001f44e4de000,
0x000001f44edaa800, 0x000001f44edb6000, 0x000001f44edbc000, 0x000001f44edc4000,
0x000001f44ed60800, 0x000001f44f0c3800, 0x000001f44efeb800, 0x000001f44efec800,
0x000001f44f2a2000
}

Java Threads: ( => current thread )
  0x000001f428d38800 JavaThread "main" [_thread_blocked, id=16372, stack(0x00000007b7900000,0x00000007b7a00000)]
  0x000001f44e4a5800 JavaThread "Reference Handler" daemon [_thread_blocked, id=18728, stack(0x00000007b8000000,0x00000007b8100000)]
  0x000001f44e4d1800 JavaThread "Finalizer" daemon [_thread_blocked, id=3548, stack(0x00000007b8100000,0x00000007b8200000)]
  0x000001f44e4de000 JavaThread "Signal Dispatcher" daemon [_thread_blocked, id=21704, stack(0x00000007b8200000,0x00000007b8300000)]
  0x000001f44edaa800 JavaThread "Attach Listener" daemon [_thread_blocked, id=16556, stack(0x00000007b8300000,0x00000007b8400000)]
  0x000001f44edb6000 JavaThread "C2 CompilerThread0" daemon [_thread_blocked, id=16124, stack(0x00000007b8400000,0x00000007b8500000)]
  0x000001f44edbc000 JavaThread "C1 CompilerThread0" daemon [_thread_blocked, id=21120, stack(0x00000007b8500000,0x00000007b8600000)]
  0x000001f44edc4000 JavaThread "Sweeper thread" daemon [_thread_blocked, id=21176, stack(0x00000007b8600000,0x00000007b8700000)]
  0x000001f44ed60800 JavaThread "Common-Cleaner" daemon [_thread_blocked, id=15624, stack(0x00000007b8700000,0x00000007b8800000)]
  0x000001f44f0c3800 JavaThread "JDWP Transport Listener: dt_socket" daemon [_thread_blocked, id=18568, stack(0x00000007b8900000,0x00000007b8a00000)] _threads_hazard_ptr=0x000001f44f42ec40
  0x000001f44efeb800 JavaThread "JDWP Event Helper Thread" daemon [_thread_blocked, id=3820, stack(0x00000007b8a00000,0x00000007b8b00000)]
  0x000001f44efec800 JavaThread "JDWP Command Reader" daemon [_thread_in_native, id=19112, stack(0x00000007b8b00000,0x00000007b8c00000)]
  0x000001f44f2a2000 JavaThread "Service Thread" daemon [_thread_blocked, id=7620, stack(0x00000007b8c00000,0x00000007b8d00000)]

Other Threads:
=>0x000001f44e4a3000 VMThread "VM Thread" [stack: 0x00000007b7f00000,0x00000007b8000000] [id=16148]
  0x000001f44f261800 WatcherThread [stack: 0x00000007b8d00000,0x00000007b8e00000] [id=16204]
  0x000001f428d4d000 GCTaskThread "GC Thread#0" [stack: 0x00000007b7a00000,0x00000007b7b00000] [id=2088]
  0x000001f428dab800 ConcurrentGCThread "G1 Main Marker" [stack: 0x00000007b7b00000,0x00000007b7c00000] [id=20372]
  0x000001f428dad800 ConcurrentGCThread "G1 Conc#0" [stack: 0x00000007b7c00000,0x00000007b7d00000] [id=18356]
  0x000001f44e38d800 ConcurrentGCThread "G1 Refine#0" [stack: 0x00000007b7d00000,0x00000007b7e00000] [id=19688]
  0x000001f44e390800 ConcurrentGCThread "G1 Young RemSet Sampling" [stack: 0x00000007b7e00000,0x00000007b7f00000] [id=13076]

Threads with active compile tasks:

VM state:at safepoint (normal execution)

VM Mutex/Monitor currently owned by a thread:  ([mutex/lock_event])
[0x000001f428d34a30] Threads_lock - owner thread: 0x000001f44e4a3000

Heap address: 0x00000004d8000000, size: 4032 MB, Compressed Oops mode: Zero based, Oop shift amount: 3
Narrow klass base: 0x0000000000000000, Narrow klass shift: 3
Compressed class space size: 1073741824 Address: 0x00000005d4000000

Heap:
 garbage-first heap   total 258048K, used 13312K [0x00000004d8000000, 0x00000005d4000000)
  region size 1024K, 9 young (9216K), 0 survivors (0K)
 Metaspace       used 9455K, capacity 9622K, committed 9984K, reserved 1058816K
  class space    used 853K, capacity 905K, committed 1024K, reserved 1048576K
Heap Regions: E=young(eden), S=young(survivor), O=old, HS=humongous(starts), HC=humongous(continues), CS=collection set, F=free, A=archive, TAMS=top-at-mark-start (previous, next)
|   0|0x00000004d8000000, 0x00000004d8100000, 0x00000004d8100000|100%|HS|  |TAMS 0x00000004d8000000, 0x00000004d8000000| Complete 
|   1|0x00000004d8100000, 0x00000004d8200000, 0x00000004d8200000|100%|HS|  |TAMS 0x00000004d8100000, 0x00000004d8100000| Complete 
|   2|0x00000004d8200000, 0x00000004d8300000, 0x00000004d8300000|100%|HC|  |TAMS 0x00000004d8200000, 0x00000004d8200000| Complete 
|   3|0x00000004d8300000, 0x00000004d8400000, 0x00000004d8400000|100%|HS|  |TAMS 0x00000004d8300000, 0x00000004d8300000| Complete 
|   4|0x00000004d8400000, 0x00000004d8500000, 0x00000004d8500000|100%|HS|  |TAMS 0x00000004d8400000, 0x00000004d8400000| Complete 
|   5|0x00000004d8500000, 0x00000004d8600000, 0x00000004d8600000|100%|HC|  |TAMS 0x00000004d8500000, 0x00000004d8500000| Complete 
|   6|0x00000004d8600000, 0x00000004d8600000, 0x00000004d8700000|  0%| F|  |TAMS 0x00000004d8600000, 0x00000004d8600000| Untracked 
|   7|0x00000004d8700000, 0x00000004d8700000, 0x00000004d8800000|  0%| F|  |TAMS 0x00000004d8700000, 0x00000004d8700000| Untracked 
|   8|0x00000004d8800000, 0x00000004d8800000, 0x00000004d8900000|  0%| F|  |TAMS 0x00000004d8800000, 0x00000004d8800000| Untracked 
|   9|0x00000004d8900000, 0x00000004d8900000, 0x00000004d8a00000|  0%| F|  |TAMS 0x00000004d8900000, 0x00000004d8900000| Untracked 
|  10|0x00000004d8a00000, 0x00000004d8a00000, 0x00000004d8b00000|  0%| F|  |TAMS 0x00000004d8a00000, 0x00000004d8a00000| Untracked 
|  11|0x00000004d8b00000, 0x00000004d8b00000, 0x00000004d8c00000|  0%| F|  |TAMS 0x00000004d8b00000, 0x00000004d8b00000| Untracked 
|  12|0x00000004d8c00000, 0x00000004d8c00000, 0x00000004d8d00000|  0%| F|  |TAMS 0x00000004d8c00000, 0x00000004d8c00000| Untracked 
|  13|0x00000004d8d00000, 0x00000004d8d00000, 0x00000004d8e00000|  0%| F|  |TAMS 0x00000004d8d00000, 0x00000004d8d00000| Untracked 
|  14|0x00000004d8e00000, 0x00000004d8e00000, 0x00000004d8f00000|  0%| F|  |TAMS 0x00000004d8e00000, 0x00000004d8e00000| Untracked 
|  15|0x00000004d8f00000, 0x00000004d8f00000, 0x00000004d9000000|  0%| F|  |TAMS 0x00000004d8f00000, 0x00000004d8f00000| Untracked 
|  16|0x00000004d9000000, 0x00000004d9000000, 0x00000004d9100000|  0%| F|  |TAMS 0x00000004d9000000, 0x00000004d9000000| Untracked 
|  17|0x00000004d9100000, 0x00000004d9100000, 0x00000004d9200000|  0%| F|  |TAMS 0x00000004d9100000, 0x00000004d9100000| Untracked 
|  18|0x00000004d9200000, 0x00000004d9200000, 0x00000004d9300000|  0%| F|  |TAMS 0x00000004d9200000, 0x00000004d9200000| Untracked 
|  19|0x00000004d9300000, 0x00000004d9300000, 0x00000004d9400000|  0%| F|  |TAMS 0x00000004d9300000, 0x00000004d9300000| Untracked 
|  20|0x00000004d9400000, 0x00000004d9400000, 0x00000004d9500000|  0%| F|  |TAMS 0x00000004d9400000, 0x00000004d9400000| Untracked 
|  21|0x00000004d9500000, 0x00000004d9500000, 0x00000004d9600000|  0%| F|  |TAMS 0x00000004d9500000, 0x00000004d9500000| Untracked 
|  22|0x00000004d9600000, 0x00000004d9600000, 0x00000004d9700000|  0%| F|  |TAMS 0x00000004d9600000, 0x00000004d9600000| Untracked 
|  23|0x00000004d9700000, 0x00000004d9700000, 0x00000004d9800000|  0%| F|  |TAMS 0x00000004d9700000, 0x00000004d9700000| Untracked 
|  24|0x00000004d9800000, 0x00000004d9800000, 0x00000004d9900000|  0%| F|  |TAMS 0x00000004d9800000, 0x00000004d9800000| Untracked 
|  25|0x00000004d9900000, 0x00000004d9900000, 0x00000004d9a00000|  0%| F|  |TAMS 0x00000004d9900000, 0x00000004d9900000| Untracked 
|  26|0x00000004d9a00000, 0x00000004d9a00000, 0x00000004d9b00000|  0%| F|  |TAMS 0x00000004d9a00000, 0x00000004d9a00000| Untracked 
|  27|0x00000004d9b00000, 0x00000004d9b00000, 0x00000004d9c00000|  0%| F|  |TAMS 0x00000004d9b00000, 0x00000004d9b00000| Untracked 
|  28|0x00000004d9c00000, 0x00000004d9c00000, 0x00000004d9d00000|  0%| F|  |TAMS 0x00000004d9c00000, 0x00000004d9c00000| Untracked 
|  29|0x00000004d9d00000, 0x00000004d9d00000, 0x00000004d9e00000|  0%| F|  |TAMS 0x00000004d9d00000, 0x00000004d9d00000| Untracked 
|  30|0x00000004d9e00000, 0x00000004d9e00000, 0x00000004d9f00000|  0%| F|  |TAMS 0x00000004d9e00000, 0x00000004d9e00000| Untracked 
|  31|0x00000004d9f00000, 0x00000004d9f00000, 0x00000004da000000|  0%| F|  |TAMS 0x00000004d9f00000, 0x00000004d9f00000| Untracked 
|  32|0x00000004da000000, 0x00000004da000000, 0x00000004da100000|  0%| F|  |TAMS 0x00000004da000000, 0x00000004da000000| Untracked 
|  33|0x00000004da100000, 0x00000004da100000, 0x00000004da200000|  0%| F|  |TAMS 0x00000004da100000, 0x00000004da100000| Untracked 
|  34|0x00000004da200000, 0x00000004da200000, 0x00000004da300000|  0%| F|  |TAMS 0x00000004da200000, 0x00000004da200000| Untracked 
|  35|0x00000004da300000, 0x00000004da300000, 0x00000004da400000|  0%| F|  |TAMS 0x00000004da300000, 0x00000004da300000| Untracked 
|  36|0x00000004da400000, 0x00000004da400000, 0x00000004da500000|  0%| F|  |TAMS 0x00000004da400000, 0x00000004da400000| Untracked 
|  37|0x00000004da500000, 0x00000004da500000, 0x00000004da600000|  0%| F|  |TAMS 0x00000004da500000, 0x00000004da500000| Untracked 
|  38|0x00000004da600000, 0x00000004da600000, 0x00000004da700000|  0%| F|  |TAMS 0x00000004da600000, 0x00000004da600000| Untracked 
|  39|0x00000004da700000, 0x00000004da700000, 0x00000004da800000|  0%| F|  |TAMS 0x00000004da700000, 0x00000004da700000| Untracked 
|  40|0x00000004da800000, 0x00000004da800000, 0x00000004da900000|  0%| F|  |TAMS 0x00000004da800000, 0x00000004da800000| Untracked 
|  41|0x00000004da900000, 0x00000004da900000, 0x00000004daa00000|  0%| F|  |TAMS 0x00000004da900000, 0x00000004da900000| Untracked 
|  42|0x00000004daa00000, 0x00000004daa00000, 0x00000004dab00000|  0%| F|  |TAMS 0x00000004daa00000, 0x00000004daa00000| Untracked 
|  43|0x00000004dab00000, 0x00000004dab00000, 0x00000004dac00000|  0%| F|  |TAMS 0x00000004dab00000, 0x00000004dab00000| Untracked 
|  44|0x00000004dac00000, 0x00000004dac00000, 0x00000004dad00000|  0%| F|  |TAMS 0x00000004dac00000, 0x00000004dac00000| Untracked 
|  45|0x00000004dad00000, 0x00000004dad00000, 0x00000004dae00000|  0%| F|  |TAMS 0x00000004dad00000, 0x00000004dad00000| Untracked 
|  46|0x00000004dae00000, 0x00000004dae00000, 0x00000004daf00000|  0%| F|  |TAMS 0x00000004dae00000, 0x00000004dae00000| Untracked 
|  47|0x00000004daf00000, 0x00000004daf00000, 0x00000004db000000|  0%| F|  |TAMS 0x00000004daf00000, 0x00000004daf00000| Untracked 
|  48|0x00000004db000000, 0x00000004db000000, 0x00000004db100000|  0%| F|  |TAMS 0x00000004db000000, 0x00000004db000000| Untracked 
|  49|0x00000004db100000, 0x00000004db100000, 0x00000004db200000|  0%| F|  |TAMS 0x00000004db100000, 0x00000004db100000| Untracked 
|  50|0x00000004db200000, 0x00000004db200000, 0x00000004db300000|  0%| F|  |TAMS 0x00000004db200000, 0x00000004db200000| Untracked 
|  51|0x00000004db300000, 0x00000004db300000, 0x00000004db400000|  0%| F|  |TAMS 0x00000004db300000, 0x00000004db300000| Untracked 
|  52|0x00000004db400000, 0x00000004db400000, 0x00000004db500000|  0%| F|  |TAMS 0x00000004db400000, 0x00000004db400000| Untracked 
|  53|0x00000004db500000, 0x00000004db500000, 0x00000004db600000|  0%| F|  |TAMS 0x00000004db500000, 0x00000004db500000| Untracked 
|  54|0x00000004db600000, 0x00000004db600000, 0x00000004db700000|  0%| F|  |TAMS 0x00000004db600000, 0x00000004db600000| Untracked 
|  55|0x00000004db700000, 0x00000004db700000, 0x00000004db800000|  0%| F|  |TAMS 0x00000004db700000, 0x00000004db700000| Untracked 
|  56|0x00000004db800000, 0x00000004db800000, 0x00000004db900000|  0%| F|  |TAMS 0x00000004db800000, 0x00000004db800000| Untracked 
|  57|0x00000004db900000, 0x00000004db900000, 0x00000004dba00000|  0%| F|  |TAMS 0x00000004db900000, 0x00000004db900000| Untracked 
|  58|0x00000004dba00000, 0x00000004dba00000, 0x00000004dbb00000|  0%| F|  |TAMS 0x00000004dba00000, 0x00000004dba00000| Untracked 
|  59|0x00000004dbb00000, 0x00000004dbb00000, 0x00000004dbc00000|  0%| F|  |TAMS 0x00000004dbb00000, 0x00000004dbb00000| Untracked 
|  60|0x00000004dbc00000, 0x00000004dbc00000, 0x00000004dbd00000|  0%| F|  |TAMS 0x00000004dbc00000, 0x00000004dbc00000| Untracked 
|  61|0x00000004dbd00000, 0x00000004dbd00000, 0x00000004dbe00000|  0%| F|  |TAMS 0x00000004dbd00000, 0x00000004dbd00000| Untracked 
|  62|0x00000004dbe00000, 0x00000004dbe00000, 0x00000004dbf00000|  0%| F|  |TAMS 0x00000004dbe00000, 0x00000004dbe00000| Untracked 
|  63|0x00000004dbf00000, 0x00000004dbf00000, 0x00000004dc000000|  0%| F|  |TAMS 0x00000004dbf00000, 0x00000004dbf00000| Untracked 
|  64|0x00000004dc000000, 0x00000004dc000000, 0x00000004dc100000|  0%| F|  |TAMS 0x00000004dc000000, 0x00000004dc000000| Untracked 
|  65|0x00000004dc100000, 0x00000004dc100000, 0x00000004dc200000|  0%| F|  |TAMS 0x00000004dc100000, 0x00000004dc100000| Untracked 
|  66|0x00000004dc200000, 0x00000004dc200000, 0x00000004dc300000|  0%| F|  |TAMS 0x00000004dc200000, 0x00000004dc200000| Untracked 
|  67|0x00000004dc300000, 0x00000004dc300000, 0x00000004dc400000|  0%| F|  |TAMS 0x00000004dc300000, 0x00000004dc300000| Untracked 
|  68|0x00000004dc400000, 0x00000004dc400000, 0x00000004dc500000|  0%| F|  |TAMS 0x00000004dc400000, 0x00000004dc400000| Untracked 
|  69|0x00000004dc500000, 0x00000004dc500000, 0x00000004dc600000|  0%| F|  |TAMS 0x00000004dc500000, 0x00000004dc500000| Untracked 
|  70|0x00000004dc600000, 0x00000004dc600000, 0x00000004dc700000|  0%| F|  |TAMS 0x00000004dc600000, 0x00000004dc600000| Untracked 
|  71|0x00000004dc700000, 0x00000004dc700000, 0x00000004dc800000|  0%| F|  |TAMS 0x00000004dc700000, 0x00000004dc700000| Untracked 
|  72|0x00000004dc800000, 0x00000004dc800000, 0x00000004dc900000|  0%| F|  |TAMS 0x00000004dc800000, 0x00000004dc800000| Untracked 
|  73|0x00000004dc900000, 0x00000004dc900000, 0x00000004dca00000|  0%| F|  |TAMS 0x00000004dc900000, 0x00000004dc900000| Untracked 
|  74|0x00000004dca00000, 0x00000004dca00000, 0x00000004dcb00000|  0%| F|  |TAMS 0x00000004dca00000, 0x00000004dca00000| Untracked 
|  75|0x00000004dcb00000, 0x00000004dcb00000, 0x00000004dcc00000|  0%| F|  |TAMS 0x00000004dcb00000, 0x00000004dcb00000| Untracked 
|  76|0x00000004dcc00000, 0x00000004dcc00000, 0x00000004dcd00000|  0%| F|  |TAMS 0x00000004dcc00000, 0x00000004dcc00000| Untracked 
|  77|0x00000004dcd00000, 0x00000004dcd00000, 0x00000004dce00000|  0%| F|  |TAMS 0x00000004dcd00000, 0x00000004dcd00000| Untracked 
|  78|0x00000004dce00000, 0x00000004dce00000, 0x00000004dcf00000|  0%| F|  |TAMS 0x00000004dce00000, 0x00000004dce00000| Untracked 
|  79|0x00000004dcf00000, 0x00000004dcf00000, 0x00000004dd000000|  0%| F|  |TAMS 0x00000004dcf00000, 0x00000004dcf00000| Untracked 
|  80|0x00000004dd000000, 0x00000004dd000000, 0x00000004dd100000|  0%| F|  |TAMS 0x00000004dd000000, 0x00000004dd000000| Untracked 
|  81|0x00000004dd100000, 0x00000004dd100000, 0x00000004dd200000|  0%| F|  |TAMS 0x00000004dd100000, 0x00000004dd100000| Untracked 
|  82|0x00000004dd200000, 0x00000004dd200000, 0x00000004dd300000|  0%| F|  |TAMS 0x00000004dd200000, 0x00000004dd200000| Untracked 
|  83|0x00000004dd300000, 0x00000004dd300000, 0x00000004dd400000|  0%| F|  |TAMS 0x00000004dd300000, 0x00000004dd300000| Untracked 
|  84|0x00000004dd400000, 0x00000004dd400000, 0x00000004dd500000|  0%| F|  |TAMS 0x00000004dd400000, 0x00000004dd400000| Untracked 
|  85|0x00000004dd500000, 0x00000004dd500000, 0x00000004dd600000|  0%| F|  |TAMS 0x00000004dd500000, 0x00000004dd500000| Untracked 
|  86|0x00000004dd600000, 0x00000004dd600000, 0x00000004dd700000|  0%| F|  |TAMS 0x00000004dd600000, 0x00000004dd600000| Untracked 
|  87|0x00000004dd700000, 0x00000004dd700000, 0x00000004dd800000|  0%| F|  |TAMS 0x00000004dd700000, 0x00000004dd700000| Untracked 
|  88|0x00000004dd800000, 0x00000004dd800000, 0x00000004dd900000|  0%| F|  |TAMS 0x00000004dd800000, 0x00000004dd800000| Untracked 
|  89|0x00000004dd900000, 0x00000004dd900000, 0x00000004dda00000|  0%| F|  |TAMS 0x00000004dd900000, 0x00000004dd900000| Untracked 
|  90|0x00000004dda00000, 0x00000004dda00000, 0x00000004ddb00000|  0%| F|  |TAMS 0x00000004dda00000, 0x00000004dda00000| Untracked 
|  91|0x00000004ddb00000, 0x00000004ddb00000, 0x00000004ddc00000|  0%| F|  |TAMS 0x00000004ddb00000, 0x00000004ddb00000| Untracked 
|  92|0x00000004ddc00000, 0x00000004ddc00000, 0x00000004ddd00000|  0%| F|  |TAMS 0x00000004ddc00000, 0x00000004ddc00000| Untracked 
|  93|0x00000004ddd00000, 0x00000004ddd00000, 0x00000004dde00000|  0%| F|  |TAMS 0x00000004ddd00000, 0x00000004ddd00000| Untracked 
|  94|0x00000004dde00000, 0x00000004dde00000, 0x00000004ddf00000|  0%| F|  |TAMS 0x00000004dde00000, 0x00000004dde00000| Untracked 
|  95|0x00000004ddf00000, 0x00000004ddf00000, 0x00000004de000000|  0%| F|  |TAMS 0x00000004ddf00000, 0x00000004ddf00000| Untracked 
|  96|0x00000004de000000, 0x00000004de000000, 0x00000004de100000|  0%| F|  |TAMS 0x00000004de000000, 0x00000004de000000| Untracked 
|  97|0x00000004de100000, 0x00000004de100000, 0x00000004de200000|  0%| F|  |TAMS 0x00000004de100000, 0x00000004de100000| Untracked 
|  98|0x00000004de200000, 0x00000004de200000, 0x00000004de300000|  0%| F|  |TAMS 0x00000004de200000, 0x00000004de200000| Untracked 
|  99|0x00000004de300000, 0x00000004de300000, 0x00000004de400000|  0%| F|  |TAMS 0x00000004de300000, 0x00000004de300000| Untracked 
| 100|0x00000004de400000, 0x00000004de400000, 0x00000004de500000|  0%| F|  |TAMS 0x00000004de400000, 0x00000004de400000| Untracked 
| 101|0x00000004de500000, 0x00000004de500000, 0x00000004de600000|  0%| F|  |TAMS 0x00000004de500000, 0x00000004de500000| Untracked 
| 102|0x00000004de600000, 0x00000004de600000, 0x00000004de700000|  0%| F|  |TAMS 0x00000004de600000, 0x00000004de600000| Untracked 
| 103|0x00000004de700000, 0x00000004de700000, 0x00000004de800000|  0%| F|  |TAMS 0x00000004de700000, 0x00000004de700000| Untracked 
| 104|0x00000004de800000, 0x00000004de800000, 0x00000004de900000|  0%| F|  |TAMS 0x00000004de800000, 0x00000004de800000| Untracked 
| 105|0x00000004de900000, 0x00000004de900000, 0x00000004dea00000|  0%| F|  |TAMS 0x00000004de900000, 0x00000004de900000| Untracked 
| 106|0x00000004dea00000, 0x00000004dea00000, 0x00000004deb00000|  0%| F|  |TAMS 0x00000004dea00000, 0x00000004dea00000| Untracked 
| 107|0x00000004deb00000, 0x00000004deb00000, 0x00000004dec00000|  0%| F|  |TAMS 0x00000004deb00000, 0x00000004deb00000| Untracked 
| 108|0x00000004dec00000, 0x00000004dec00000, 0x00000004ded00000|  0%| F|  |TAMS 0x00000004dec00000, 0x00000004dec00000| Untracked 
| 109|0x00000004ded00000, 0x00000004ded00000, 0x00000004dee00000|  0%| F|  |TAMS 0x00000004ded00000, 0x00000004ded00000| Untracked 
| 110|0x00000004dee00000, 0x00000004dee00000, 0x00000004def00000|  0%| F|  |TAMS 0x00000004dee00000, 0x00000004dee00000| Untracked 
| 111|0x00000004def00000, 0x00000004def00000, 0x00000004df000000|  0%| F|  |TAMS 0x00000004def00000, 0x00000004def00000| Untracked 
| 112|0x00000004df000000, 0x00000004df000000, 0x00000004df100000|  0%| F|  |TAMS 0x00000004df000000, 0x00000004df000000| Untracked 
| 113|0x00000004df100000, 0x00000004df100000, 0x00000004df200000|  0%| F|  |TAMS 0x00000004df100000, 0x00000004df100000| Untracked 
| 114|0x00000004df200000, 0x00000004df200000, 0x00000004df300000|  0%| F|  |TAMS 0x00000004df200000, 0x00000004df200000| Untracked 
| 115|0x00000004df300000, 0x00000004df300000, 0x00000004df400000|  0%| F|  |TAMS 0x00000004df300000, 0x00000004df300000| Untracked 
| 116|0x00000004df400000, 0x00000004df400000, 0x00000004df500000|  0%| F|  |TAMS 0x00000004df400000, 0x00000004df400000| Untracked 
| 117|0x00000004df500000, 0x00000004df500000, 0x00000004df600000|  0%| F|  |TAMS 0x00000004df500000, 0x00000004df500000| Untracked 
| 118|0x00000004df600000, 0x00000004df600000, 0x00000004df700000|  0%| F|  |TAMS 0x00000004df600000, 0x00000004df600000| Untracked 
| 119|0x00000004df700000, 0x00000004df700000, 0x00000004df800000|  0%| F|  |TAMS 0x00000004df700000, 0x00000004df700000| Untracked 
| 120|0x00000004df800000, 0x00000004df800000, 0x00000004df900000|  0%| F|  |TAMS 0x00000004df800000, 0x00000004df800000| Untracked 
| 121|0x00000004df900000, 0x00000004df900000, 0x00000004dfa00000|  0%| F|  |TAMS 0x00000004df900000, 0x00000004df900000| Untracked 
| 122|0x00000004dfa00000, 0x00000004dfa00000, 0x00000004dfb00000|  0%| F|  |TAMS 0x00000004dfa00000, 0x00000004dfa00000| Untracked 
| 123|0x00000004dfb00000, 0x00000004dfb00000, 0x00000004dfc00000|  0%| F|  |TAMS 0x00000004dfb00000, 0x00000004dfb00000| Untracked 
| 124|0x00000004dfc00000, 0x00000004dfc00000, 0x00000004dfd00000|  0%| F|  |TAMS 0x00000004dfc00000, 0x00000004dfc00000| Untracked 
| 125|0x00000004dfd00000, 0x00000004dfd00000, 0x00000004dfe00000|  0%| F|  |TAMS 0x00000004dfd00000, 0x00000004dfd00000| Untracked 
| 126|0x00000004dfe00000, 0x00000004dfe00000, 0x00000004dff00000|  0%| F|  |TAMS 0x00000004dfe00000, 0x00000004dfe00000| Untracked 
| 127|0x00000004dff00000, 0x00000004dff00000, 0x00000004e0000000|  0%| F|  |TAMS 0x00000004dff00000, 0x00000004dff00000| Untracked 
| 128|0x00000004e0000000, 0x00000004e0000000, 0x00000004e0100000|  0%| F|  |TAMS 0x00000004e0000000, 0x00000004e0000000| Untracked 
| 129|0x00000004e0100000, 0x00000004e0100000, 0x00000004e0200000|  0%| F|  |TAMS 0x00000004e0100000, 0x00000004e0100000| Untracked 
| 130|0x00000004e0200000, 0x00000004e0200000, 0x00000004e0300000|  0%| F|  |TAMS 0x00000004e0200000, 0x00000004e0200000| Untracked 
| 131|0x00000004e0300000, 0x00000004e0300000, 0x00000004e0400000|  0%| F|  |TAMS 0x00000004e0300000, 0x00000004e0300000| Untracked 
| 132|0x00000004e0400000, 0x00000004e0400000, 0x00000004e0500000|  0%| F|  |TAMS 0x00000004e0400000, 0x00000004e0400000| Untracked 
| 133|0x00000004e0500000, 0x00000004e0500000, 0x00000004e0600000|  0%| F|  |TAMS 0x00000004e0500000, 0x00000004e0500000| Untracked 
| 134|0x00000004e0600000, 0x00000004e0600000, 0x00000004e0700000|  0%| F|  |TAMS 0x00000004e0600000, 0x00000004e0600000| Untracked 
| 135|0x00000004e0700000, 0x00000004e0700000, 0x00000004e0800000|  0%| F|  |TAMS 0x00000004e0700000, 0x00000004e0700000| Untracked 
| 136|0x00000004e0800000, 0x00000004e0800000, 0x00000004e0900000|  0%| F|  |TAMS 0x00000004e0800000, 0x00000004e0800000| Untracked 
| 137|0x00000004e0900000, 0x00000004e0900000, 0x00000004e0a00000|  0%| F|  |TAMS 0x00000004e0900000, 0x00000004e0900000| Untracked 
| 138|0x00000004e0a00000, 0x00000004e0a00000, 0x00000004e0b00000|  0%| F|  |TAMS 0x00000004e0a00000, 0x00000004e0a00000| Untracked 
| 139|0x00000004e0b00000, 0x00000004e0b00000, 0x00000004e0c00000|  0%| F|  |TAMS 0x00000004e0b00000, 0x00000004e0b00000| Untracked 
| 140|0x00000004e0c00000, 0x00000004e0c00000, 0x00000004e0d00000|  0%| F|  |TAMS 0x00000004e0c00000, 0x00000004e0c00000| Untracked 
| 141|0x00000004e0d00000, 0x00000004e0d00000, 0x00000004e0e00000|  0%| F|  |TAMS 0x00000004e0d00000, 0x00000004e0d00000| Untracked 
| 142|0x00000004e0e00000, 0x00000004e0e00000, 0x00000004e0f00000|  0%| F|  |TAMS 0x00000004e0e00000, 0x00000004e0e00000| Untracked 
| 143|0x00000004e0f00000, 0x00000004e0f00000, 0x00000004e1000000|  0%| F|  |TAMS 0x00000004e0f00000, 0x00000004e0f00000| Untracked 
| 144|0x00000004e1000000, 0x00000004e1000000, 0x00000004e1100000|  0%| F|  |TAMS 0x00000004e1000000, 0x00000004e1000000| Untracked 
| 145|0x00000004e1100000, 0x00000004e1100000, 0x00000004e1200000|  0%| F|  |TAMS 0x00000004e1100000, 0x00000004e1100000| Untracked 
| 146|0x00000004e1200000, 0x00000004e1200000, 0x00000004e1300000|  0%| F|  |TAMS 0x00000004e1200000, 0x00000004e1200000| Untracked 
| 147|0x00000004e1300000, 0x00000004e1300000, 0x00000004e1400000|  0%| F|  |TAMS 0x00000004e1300000, 0x00000004e1300000| Untracked 
| 148|0x00000004e1400000, 0x00000004e1400000, 0x00000004e1500000|  0%| F|  |TAMS 0x00000004e1400000, 0x00000004e1400000| Untracked 
| 149|0x00000004e1500000, 0x00000004e1500000, 0x00000004e1600000|  0%| F|  |TAMS 0x00000004e1500000, 0x00000004e1500000| Untracked 
| 150|0x00000004e1600000, 0x00000004e1600000, 0x00000004e1700000|  0%| F|  |TAMS 0x00000004e1600000, 0x00000004e1600000| Untracked 
| 151|0x00000004e1700000, 0x00000004e1700000, 0x00000004e1800000|  0%| F|  |TAMS 0x00000004e1700000, 0x00000004e1700000| Untracked 
| 152|0x00000004e1800000, 0x00000004e1800000, 0x00000004e1900000|  0%| F|  |TAMS 0x00000004e1800000, 0x00000004e1800000| Untracked 
| 153|0x00000004e1900000, 0x00000004e1900000, 0x00000004e1a00000|  0%| F|  |TAMS 0x00000004e1900000, 0x00000004e1900000| Untracked 
| 154|0x00000004e1a00000, 0x00000004e1a00000, 0x00000004e1b00000|  0%| F|  |TAMS 0x00000004e1a00000, 0x00000004e1a00000| Untracked 
| 155|0x00000004e1b00000, 0x00000004e1b00000, 0x00000004e1c00000|  0%| F|  |TAMS 0x00000004e1b00000, 0x00000004e1b00000| Untracked 
| 156|0x00000004e1c00000, 0x00000004e1c00000, 0x00000004e1d00000|  0%| F|  |TAMS 0x00000004e1c00000, 0x00000004e1c00000| Untracked 
| 157|0x00000004e1d00000, 0x00000004e1d00000, 0x00000004e1e00000|  0%| F|  |TAMS 0x00000004e1d00000, 0x00000004e1d00000| Untracked 
| 158|0x00000004e1e00000, 0x00000004e1e00000, 0x00000004e1f00000|  0%| F|  |TAMS 0x00000004e1e00000, 0x00000004e1e00000| Untracked 
| 159|0x00000004e1f00000, 0x00000004e1f00000, 0x00000004e2000000|  0%| F|  |TAMS 0x00000004e1f00000, 0x00000004e1f00000| Untracked 
| 160|0x00000004e2000000, 0x00000004e2000000, 0x00000004e2100000|  0%| F|  |TAMS 0x00000004e2000000, 0x00000004e2000000| Untracked 
| 161|0x00000004e2100000, 0x00000004e2100000, 0x00000004e2200000|  0%| F|  |TAMS 0x00000004e2100000, 0x00000004e2100000| Untracked 
| 162|0x00000004e2200000, 0x00000004e2200000, 0x00000004e2300000|  0%| F|  |TAMS 0x00000004e2200000, 0x00000004e2200000| Untracked 
| 163|0x00000004e2300000, 0x00000004e2300000, 0x00000004e2400000|  0%| F|  |TAMS 0x00000004e2300000, 0x00000004e2300000| Untracked 
| 164|0x00000004e2400000, 0x00000004e2400000, 0x00000004e2500000|  0%| F|  |TAMS 0x00000004e2400000, 0x00000004e2400000| Untracked 
| 165|0x00000004e2500000, 0x00000004e2500000, 0x00000004e2600000|  0%| F|  |TAMS 0x00000004e2500000, 0x00000004e2500000| Untracked 
| 166|0x00000004e2600000, 0x00000004e2600000, 0x00000004e2700000|  0%| F|  |TAMS 0x00000004e2600000, 0x00000004e2600000| Untracked 
| 167|0x00000004e2700000, 0x00000004e2700000, 0x00000004e2800000|  0%| F|  |TAMS 0x00000004e2700000, 0x00000004e2700000| Untracked 
| 168|0x00000004e2800000, 0x00000004e2800000, 0x00000004e2900000|  0%| F|  |TAMS 0x00000004e2800000, 0x00000004e2800000| Untracked 
| 169|0x00000004e2900000, 0x00000004e2900000, 0x00000004e2a00000|  0%| F|  |TAMS 0x00000004e2900000, 0x00000004e2900000| Untracked 
| 170|0x00000004e2a00000, 0x00000004e2a00000, 0x00000004e2b00000|  0%| F|  |TAMS 0x00000004e2a00000, 0x00000004e2a00000| Untracked 
| 171|0x00000004e2b00000, 0x00000004e2b00000, 0x00000004e2c00000|  0%| F|  |TAMS 0x00000004e2b00000, 0x00000004e2b00000| Untracked 
| 172|0x00000004e2c00000, 0x00000004e2c00000, 0x00000004e2d00000|  0%| F|  |TAMS 0x00000004e2c00000, 0x00000004e2c00000| Untracked 
| 173|0x00000004e2d00000, 0x00000004e2d00000, 0x00000004e2e00000|  0%| F|  |TAMS 0x00000004e2d00000, 0x00000004e2d00000| Untracked 
| 174|0x00000004e2e00000, 0x00000004e2e00000, 0x00000004e2f00000|  0%| F|  |TAMS 0x00000004e2e00000, 0x00000004e2e00000| Untracked 
| 175|0x00000004e2f00000, 0x00000004e2f00000, 0x00000004e3000000|  0%| F|  |TAMS 0x00000004e2f00000, 0x00000004e2f00000| Untracked 
| 176|0x00000004e3000000, 0x00000004e3000000, 0x00000004e3100000|  0%| F|  |TAMS 0x00000004e3000000, 0x00000004e3000000| Untracked 
| 177|0x00000004e3100000, 0x00000004e3100000, 0x00000004e3200000|  0%| F|  |TAMS 0x00000004e3100000, 0x00000004e3100000| Untracked 
| 178|0x00000004e3200000, 0x00000004e3200000, 0x00000004e3300000|  0%| F|  |TAMS 0x00000004e3200000, 0x00000004e3200000| Untracked 
| 179|0x00000004e3300000, 0x00000004e3300000, 0x00000004e3400000|  0%| F|  |TAMS 0x00000004e3300000, 0x00000004e3300000| Untracked 
| 180|0x00000004e3400000, 0x00000004e3400000, 0x00000004e3500000|  0%| F|  |TAMS 0x00000004e3400000, 0x00000004e3400000| Untracked 
| 181|0x00000004e3500000, 0x00000004e3500000, 0x00000004e3600000|  0%| F|  |TAMS 0x00000004e3500000, 0x00000004e3500000| Untracked 
| 182|0x00000004e3600000, 0x00000004e3600000, 0x00000004e3700000|  0%| F|  |TAMS 0x00000004e3600000, 0x00000004e3600000| Untracked 
| 183|0x00000004e3700000, 0x00000004e3700000, 0x00000004e3800000|  0%| F|  |TAMS 0x00000004e3700000, 0x00000004e3700000| Untracked 
| 184|0x00000004e3800000, 0x00000004e3800000, 0x00000004e3900000|  0%| F|  |TAMS 0x00000004e3800000, 0x00000004e3800000| Untracked 
| 185|0x00000004e3900000, 0x00000004e3900000, 0x00000004e3a00000|  0%| F|  |TAMS 0x00000004e3900000, 0x00000004e3900000| Untracked 
| 186|0x00000004e3a00000, 0x00000004e3a00000, 0x00000004e3b00000|  0%| F|  |TAMS 0x00000004e3a00000, 0x00000004e3a00000| Untracked 
| 187|0x00000004e3b00000, 0x00000004e3b00000, 0x00000004e3c00000|  0%| F|  |TAMS 0x00000004e3b00000, 0x00000004e3b00000| Untracked 
| 188|0x00000004e3c00000, 0x00000004e3c00000, 0x00000004e3d00000|  0%| F|  |TAMS 0x00000004e3c00000, 0x00000004e3c00000| Untracked 
| 189|0x00000004e3d00000, 0x00000004e3d00000, 0x00000004e3e00000|  0%| F|  |TAMS 0x00000004e3d00000, 0x00000004e3d00000| Untracked 
| 190|0x00000004e3e00000, 0x00000004e3e00000, 0x00000004e3f00000|  0%| F|  |TAMS 0x00000004e3e00000, 0x00000004e3e00000| Untracked 
| 191|0x00000004e3f00000, 0x00000004e3f00000, 0x00000004e4000000|  0%| F|  |TAMS 0x00000004e3f00000, 0x00000004e3f00000| Untracked 
| 192|0x00000004e4000000, 0x00000004e4000000, 0x00000004e4100000|  0%| F|  |TAMS 0x00000004e4000000, 0x00000004e4000000| Untracked 
| 193|0x00000004e4100000, 0x00000004e4100000, 0x00000004e4200000|  0%| F|  |TAMS 0x00000004e4100000, 0x00000004e4100000| Untracked 
| 194|0x00000004e4200000, 0x00000004e4200000, 0x00000004e4300000|  0%| F|  |TAMS 0x00000004e4200000, 0x00000004e4200000| Untracked 
| 195|0x00000004e4300000, 0x00000004e4300000, 0x00000004e4400000|  0%| F|  |TAMS 0x00000004e4300000, 0x00000004e4300000| Untracked 
| 196|0x00000004e4400000, 0x00000004e4400000, 0x00000004e4500000|  0%| F|  |TAMS 0x00000004e4400000, 0x00000004e4400000| Untracked 
| 197|0x00000004e4500000, 0x00000004e4500000, 0x00000004e4600000|  0%| F|  |TAMS 0x00000004e4500000, 0x00000004e4500000| Untracked 
| 198|0x00000004e4600000, 0x00000004e4600000, 0x00000004e4700000|  0%| F|  |TAMS 0x00000004e4600000, 0x00000004e4600000| Untracked 
| 199|0x00000004e4700000, 0x00000004e4700000, 0x00000004e4800000|  0%| F|  |TAMS 0x00000004e4700000, 0x00000004e4700000| Untracked 
| 200|0x00000004e4800000, 0x00000004e4800000, 0x00000004e4900000|  0%| F|  |TAMS 0x00000004e4800000, 0x00000004e4800000| Untracked 
| 201|0x00000004e4900000, 0x00000004e4900000, 0x00000004e4a00000|  0%| F|  |TAMS 0x00000004e4900000, 0x00000004e4900000| Untracked 
| 202|0x00000004e4a00000, 0x00000004e4a00000, 0x00000004e4b00000|  0%| F|  |TAMS 0x00000004e4a00000, 0x00000004e4a00000| Untracked 
| 203|0x00000004e4b00000, 0x00000004e4b00000, 0x00000004e4c00000|  0%| F|  |TAMS 0x00000004e4b00000, 0x00000004e4b00000| Untracked 
| 204|0x00000004e4c00000, 0x00000004e4c00000, 0x00000004e4d00000|  0%| F|  |TAMS 0x00000004e4c00000, 0x00000004e4c00000| Untracked 
| 205|0x00000004e4d00000, 0x00000004e4d00000, 0x00000004e4e00000|  0%| F|  |TAMS 0x00000004e4d00000, 0x00000004e4d00000| Untracked 
| 206|0x00000004e4e00000, 0x00000004e4e00000, 0x00000004e4f00000|  0%| F|  |TAMS 0x00000004e4e00000, 0x00000004e4e00000| Untracked 
| 207|0x00000004e4f00000, 0x00000004e4f00000, 0x00000004e5000000|  0%| F|  |TAMS 0x00000004e4f00000, 0x00000004e4f00000| Untracked 
| 208|0x00000004e5000000, 0x00000004e5000000, 0x00000004e5100000|  0%| F|  |TAMS 0x00000004e5000000, 0x00000004e5000000| Untracked 
| 209|0x00000004e5100000, 0x00000004e5100000, 0x00000004e5200000|  0%| F|  |TAMS 0x00000004e5100000, 0x00000004e5100000| Untracked 
| 210|0x00000004e5200000, 0x00000004e5200000, 0x00000004e5300000|  0%| F|  |TAMS 0x00000004e5200000, 0x00000004e5200000| Untracked 
| 211|0x00000004e5300000, 0x00000004e5300000, 0x00000004e5400000|  0%| F|  |TAMS 0x00000004e5300000, 0x00000004e5300000| Untracked 
| 212|0x00000004e5400000, 0x00000004e5400000, 0x00000004e5500000|  0%| F|  |TAMS 0x00000004e5400000, 0x00000004e5400000| Untracked 
| 213|0x00000004e5500000, 0x00000004e5500000, 0x00000004e5600000|  0%| F|  |TAMS 0x00000004e5500000, 0x00000004e5500000| Untracked 
| 214|0x00000004e5600000, 0x00000004e5600000, 0x00000004e5700000|  0%| F|  |TAMS 0x00000004e5600000, 0x00000004e5600000| Untracked 
| 215|0x00000004e5700000, 0x00000004e5700000, 0x00000004e5800000|  0%| F|  |TAMS 0x00000004e5700000, 0x00000004e5700000| Untracked 
| 216|0x00000004e5800000, 0x00000004e5800000, 0x00000004e5900000|  0%| F|  |TAMS 0x00000004e5800000, 0x00000004e5800000| Untracked 
| 217|0x00000004e5900000, 0x00000004e5900000, 0x00000004e5a00000|  0%| F|  |TAMS 0x00000004e5900000, 0x00000004e5900000| Untracked 
| 218|0x00000004e5a00000, 0x00000004e5a00000, 0x00000004e5b00000|  0%| F|  |TAMS 0x00000004e5a00000, 0x00000004e5a00000| Untracked 
| 219|0x00000004e5b00000, 0x00000004e5b00000, 0x00000004e5c00000|  0%| F|  |TAMS 0x00000004e5b00000, 0x00000004e5b00000| Untracked 
| 220|0x00000004e5c00000, 0x00000004e5c00000, 0x00000004e5d00000|  0%| F|  |TAMS 0x00000004e5c00000, 0x00000004e5c00000| Untracked 
| 221|0x00000004e5d00000, 0x00000004e5d00000, 0x00000004e5e00000|  0%| F|  |TAMS 0x00000004e5d00000, 0x00000004e5d00000| Untracked 
| 222|0x00000004e5e00000, 0x00000004e5e00000, 0x00000004e5f00000|  0%| F|  |TAMS 0x00000004e5e00000, 0x00000004e5e00000| Untracked 
| 223|0x00000004e5f00000, 0x00000004e5f00000, 0x00000004e6000000|  0%| F|  |TAMS 0x00000004e5f00000, 0x00000004e5f00000| Untracked 
| 224|0x00000004e6000000, 0x00000004e6000000, 0x00000004e6100000|  0%| F|  |TAMS 0x00000004e6000000, 0x00000004e6000000| Untracked 
| 225|0x00000004e6100000, 0x00000004e6100000, 0x00000004e6200000|  0%| F|  |TAMS 0x00000004e6100000, 0x00000004e6100000| Untracked 
| 226|0x00000004e6200000, 0x00000004e6200000, 0x00000004e6300000|  0%| F|  |TAMS 0x00000004e6200000, 0x00000004e6200000| Untracked 
| 227|0x00000004e6300000, 0x00000004e6300000, 0x00000004e6400000|  0%| F|  |TAMS 0x00000004e6300000, 0x00000004e6300000| Untracked 
| 228|0x00000004e6400000, 0x00000004e6400000, 0x00000004e6500000|  0%| F|  |TAMS 0x00000004e6400000, 0x00000004e6400000| Untracked 
| 229|0x00000004e6500000, 0x00000004e6500000, 0x00000004e6600000|  0%| F|  |TAMS 0x00000004e6500000, 0x00000004e6500000| Untracked 
| 230|0x00000004e6600000, 0x00000004e6600000, 0x00000004e6700000|  0%| F|  |TAMS 0x00000004e6600000, 0x00000004e6600000| Untracked 
| 231|0x00000004e6700000, 0x00000004e6700000, 0x00000004e6800000|  0%| F|  |TAMS 0x00000004e6700000, 0x00000004e6700000| Untracked 
| 232|0x00000004e6800000, 0x00000004e6800000, 0x00000004e6900000|  0%| F|  |TAMS 0x00000004e6800000, 0x00000004e6800000| Untracked 
| 233|0x00000004e6900000, 0x00000004e6900000, 0x00000004e6a00000|  0%| F|  |TAMS 0x00000004e6900000, 0x00000004e6900000| Untracked 
| 234|0x00000004e6a00000, 0x00000004e6a00000, 0x00000004e6b00000|  0%| F|  |TAMS 0x00000004e6a00000, 0x00000004e6a00000| Untracked 
| 235|0x00000004e6b00000, 0x00000004e6b00000, 0x00000004e6c00000|  0%| F|  |TAMS 0x00000004e6b00000, 0x00000004e6b00000| Untracked 
| 236|0x00000004e6c00000, 0x00000004e6c00000, 0x00000004e6d00000|  0%| F|  |TAMS 0x00000004e6c00000, 0x00000004e6c00000| Untracked 
| 237|0x00000004e6d00000, 0x00000004e6d00000, 0x00000004e6e00000|  0%| F|  |TAMS 0x00000004e6d00000, 0x00000004e6d00000| Untracked 
| 238|0x00000004e6e00000, 0x00000004e6e00000, 0x00000004e6f00000|  0%| F|  |TAMS 0x00000004e6e00000, 0x00000004e6e00000| Untracked 
| 239|0x00000004e6f00000, 0x00000004e6f00000, 0x00000004e7000000|  0%| F|  |TAMS 0x00000004e6f00000, 0x00000004e6f00000| Untracked 
| 240|0x00000004e7000000, 0x00000004e7000000, 0x00000004e7100000|  0%| F|  |TAMS 0x00000004e7000000, 0x00000004e7000000| Untracked 
| 241|0x00000004e7100000, 0x00000004e7100000, 0x00000004e7200000|  0%| F|  |TAMS 0x00000004e7100000, 0x00000004e7100000| Untracked 
| 242|0x00000004e7200000, 0x00000004e7200000, 0x00000004e7300000|  0%| F|  |TAMS 0x00000004e7200000, 0x00000004e7200000| Untracked 
| 243|0x00000004e7300000, 0x00000004e73f7828, 0x00000004e7400000| 96%| E|  |TAMS 0x00000004e7300000, 0x00000004e7300000| Complete 
| 244|0x00000004e7400000, 0x00000004e7500000, 0x00000004e7500000|100%| E|CS|TAMS 0x00000004e7400000, 0x00000004e7400000| Complete 
| 245|0x00000004e7500000, 0x00000004e7600000, 0x00000004e7600000|100%| E|  |TAMS 0x00000004e7500000, 0x00000004e7500000| Complete 
| 246|0x00000004e7600000, 0x00000004e7700000, 0x00000004e7700000|100%| E|CS|TAMS 0x00000004e7600000, 0x00000004e7600000| Complete 
| 247|0x00000004e7700000, 0x00000004e7800000, 0x00000004e7800000|100%| E|CS|TAMS 0x00000004e7700000, 0x00000004e7700000| Complete 
| 248|0x00000004e7800000, 0x00000004e7900000, 0x00000004e7900000|100%| E|CS|TAMS 0x00000004e7800000, 0x00000004e7800000| Complete 
| 249|0x00000004e7900000, 0x00000004e7a00000, 0x00000004e7a00000|100%| E|CS|TAMS 0x00000004e7900000, 0x00000004e7900000| Complete 
| 250|0x00000004e7a00000, 0x00000004e7b00000, 0x00000004e7b00000|100%| E|CS|TAMS 0x00000004e7a00000, 0x00000004e7a00000| Complete 
| 251|0x00000004e7b00000, 0x00000004e7c00000, 0x00000004e7c00000|100%| E|CS|TAMS 0x00000004e7b00000, 0x00000004e7b00000| Complete 

Card table byte_map: [0x000001f442b80000,0x000001f443360000] _byte_map_base: 0x000001f4404c0000

Marking Bits (Prev, Next): (CMBitMap*) 0x000001f428d98d98, (CMBitMap*) 0x000001f428d98dd0
 Prev Bits: [0x000001f443b40000, 0x000001f447a40000)
 Next Bits: [0x000001f447a40000, 0x000001f44b940000)

Polling page: 0x000001f428bd0000

Metaspace:

Usage:
  Non-class:      8.51 MB capacity,     8.40 MB ( 99%) used,   107.17 KB (  1%) free+waste,     7.81 KB ( <1%) overhead. 
      Class:    905.00 KB capacity,   853.05 KB ( 94%) used,    48.88 KB (  5%) free+waste,     3.06 KB ( <1%) overhead. 
       Both:      9.40 MB capacity,     9.23 MB ( 98%) used,   156.05 KB (  2%) free+waste,    10.88 KB ( <1%) overhead. 

Virtual space:
  Non-class space:       10.00 MB reserved,       8.75 MB ( 88%) committed 
      Class space:        1.00 GB reserved,       1.00 MB ( <1%) committed 
             Both:        1.01 GB reserved,       9.75 MB ( <1%) committed 

Chunk freelists:
   Non-Class:  6.38 KB
       Class:  2.88 KB
        Both:  9.25 KB

CodeHeap 'non-profiled nmethods': size=120000Kb used=165Kb max_used=165Kb free=119834Kb
 bounds [0x000001f43a410000, 0x000001f43a680000, 0x000001f441940000]
CodeHeap 'profiled nmethods': size=120000Kb used=833Kb max_used=833Kb free=119167Kb
 bounds [0x000001f432ee0000, 0x000001f433150000, 0x000001f43a410000]
CodeHeap 'non-nmethods': size=5760Kb used=1155Kb max_used=1169Kb free=4604Kb
 bounds [0x000001f432940000, 0x000001f432bb0000, 0x000001f432ee0000]
 total_blobs=912 nmethods=546 adapters=286
 compilation: enabled
              stopped_count=0, restarted_count=0
 full_count=0

Compilation events (10 events):
Event: 0.514 Thread 0x000001f44edbc000  542 %     3       com.integratedgraphics.ifs.vendor.ByteBlockReader::findRef @ 27 (152 bytes)
Event: 0.516 Thread 0x000001f44edbc000 nmethod 542% 0x000001f432fa9810 code [0x000001f432fa9c60, 0x000001f432fabbe0]
Event: 0.516 Thread 0x000001f44edbc000  543       3       com.integratedgraphics.ifs.vendor.ByteBlockReader::findRef (152 bytes)
Event: 0.518 Thread 0x000001f44edbc000 nmethod 543 0x000001f432fac790 code [0x000001f432facbe0, 0x000001f432faea80]
Event: 0.518 Thread 0x000001f44eea4000  544 %     4       com.integratedgraphics.ifs.vendor.ByteBlockReader::findRef @ 27 (152 bytes)
Event: 0.530 Thread 0x000001f44edbc000  545       3       java.lang.Integer::stringSize (47 bytes)
Event: 0.530 Thread 0x000001f44edbc000 nmethod 545 0x000001f432faf610 code [0x000001f432faf7c0, 0x000001f432fafa58]
Event: 0.530 Thread 0x000001f44edbc000  546       3       java.lang.Integer::getChars (131 bytes)
Event: 0.531 Thread 0x000001f44edbc000 nmethod 546 0x000001f432fafb10 code [0x000001f432fafce0, 0x000001f432fb0178]
Event: 0.536 Thread 0x000001f44eea4000 nmethod 544% 0x000001f43a438590 code [0x000001f43a438740, 0x000001f43a439098]

GC Heap History (0 events):
No events

Deoptimization events (4 events):
Event: 0.256 Thread 0x000001f428d38800 Uncommon trap: reason=unstable_if action=reinterpret pc=0x000001f43a41ce3c method=java.util.HashMap.putVal(ILjava/lang/Object;Ljava/lang/Object;ZZ)Ljava/lang/Object; @ 181 c2
Event: 0.333 Thread 0x000001f428d38800 Uncommon trap: reason=unstable_if action=reinterpret pc=0x000001f43a41d77c method=java.lang.String.isLatin1()Z @ 10 c2
Event: 0.419 Thread 0x000001f428d38800 Uncommon trap: reason=unstable_if action=reinterpret pc=0x000001f43a42f788 method=org.eclipse.jdt.launching.internal.org.objectweb.asm.ClassReader.readUtf(II[C)Ljava/lang/String; @ 41 c2
Event: 0.536 Thread 0x000001f428d38800 Uncommon trap: reason=unstable_if action=reinterpret pc=0x000001f43a438eb8 method=com.integratedgraphics.ifs.vendor.ByteBlockReader.findRef(I)V @ 144 c2

Classes redefined (2 events):
Event: 561.366 Thread 0x000001f44e4a3000 redefined class name=com.integratedgraphics.ifs.vendor.mestrelab.MagicByteBlockReader, count=1
Event: 994.188 Thread 0x000001f44e4a3000 redefined class name=com.integratedgraphics.ifs.vendor.mestrelab.MagicByteBlockReader, count=2

Internal exceptions (1 events):
Event: 0.402 Thread 0x000001f428d38800 Exception <a 'java/lang/NoSuchMethodError'{0x00000004e7698db8}: java.lang.invoke.DirectMethodHandle$Holder.invokeSpecialIFC(Ljava/lang/Object;Ljava/lang/Object;I)I> (0x00000004e7698db8) thrown at [./open/src/hotspot/share/interpreter/linkResolver.cpp, lin

Events (10 events):
Event: 994.203 Executing VM operation: GetOwnedMonitorInfo done
Event: 994.203 Executing VM operation: GetCurrentContendedMonitor
Event: 994.203 Executing VM operation: GetCurrentContendedMonitor done
Event: 994.203 Executing VM operation: GetCurrentContendedMonitor
Event: 994.203 Executing VM operation: GetCurrentContendedMonitor done
Event: 994.203 Executing VM operation: GetOwnedMonitorInfo
Event: 994.203 Executing VM operation: GetOwnedMonitorInfo done
Event: 994.304 Executing VM operation: GetFrameLocation
Event: 994.304 Executing VM operation: GetFrameLocation done
Event: 994.304 Executing VM operation: GetOrSetLocal


Dynamic libraries:
0x00007ff6b3dd0000 - 0x00007ff6b3ddf000 	C:\Program Files\Java\jdk-11.0.8\bin\javaw.exe
0x00007ffd19b30000 - 0x00007ffd19d25000 	C:\WINDOWS\SYSTEM32\ntdll.dll
0x00007ffd189e0000 - 0x00007ffd18a9d000 	C:\WINDOWS\System32\KERNEL32.DLL
0x00007ffd17620000 - 0x00007ffd178e8000 	C:\WINDOWS\System32\KERNELBASE.dll
0x00007ffd17920000 - 0x00007ffd17a20000 	C:\WINDOWS\System32\ucrtbase.dll
0x00007ffd0ff50000 - 0x00007ffd0ff68000 	C:\Program Files\Java\jdk-11.0.8\bin\jli.dll
0x00007ffd0ff30000 - 0x00007ffd0ff45000 	C:\Program Files\Java\jdk-11.0.8\bin\VCRUNTIME140.dll
0x00007ffd18be0000 - 0x00007ffd18c8c000 	C:\WINDOWS\System32\ADVAPI32.dll
0x00007ffd18360000 - 0x00007ffd183fe000 	C:\WINDOWS\System32\msvcrt.dll
0x00007ffd182c0000 - 0x00007ffd1835b000 	C:\WINDOWS\System32\sechost.dll
0x00007ffd17ba0000 - 0x00007ffd17ccb000 	C:\WINDOWS\System32\RPCRT4.dll
0x00007ffd18410000 - 0x00007ffd185b0000 	C:\WINDOWS\System32\USER32.dll
0x00007ffd178f0000 - 0x00007ffd17912000 	C:\WINDOWS\System32\win32u.dll
0x00007ffd00c60000 - 0x00007ffd00efa000 	C:\WINDOWS\WinSxS\amd64_microsoft.windows.common-controls_6595b64144ccf1df_6.0.19041.1052_none_60b8f8fd71f5e8cb\COMCTL32.dll
0x00007ffd18bb0000 - 0x00007ffd18bda000 	C:\WINDOWS\System32\GDI32.dll
0x00007ffd17270000 - 0x00007ffd1737b000 	C:\WINDOWS\System32\gdi32full.dll
0x00007ffd17b00000 - 0x00007ffd17b9d000 	C:\WINDOWS\System32\msvcp_win.dll
0x00007ffd035b0000 - 0x00007ffd035ba000 	C:\WINDOWS\SYSTEM32\VERSION.dll
0x00007ffd18930000 - 0x00007ffd18960000 	C:\WINDOWS\System32\IMM32.DLL
0x00007ffd0c4b0000 - 0x00007ffd0c54b000 	C:\Program Files\Java\jdk-11.0.8\bin\msvcp140.dll
0x00007ffc9ad60000 - 0x00007ffc9b846000 	C:\Program Files\Java\jdk-11.0.8\bin\server\jvm.dll
0x00007ffd18400000 - 0x00007ffd18408000 	C:\WINDOWS\System32\PSAPI.DLL
0x00007ffcf9290000 - 0x00007ffcf9299000 	C:\WINDOWS\SYSTEM32\WSOCK32.dll
0x00007ffcfd9c0000 - 0x00007ffcfd9e7000 	C:\WINDOWS\SYSTEM32\WINMM.dll
0x00007ffd18760000 - 0x00007ffd187cb000 	C:\WINDOWS\System32\WS2_32.dll
0x00007ffd15b40000 - 0x00007ffd15b52000 	C:\WINDOWS\SYSTEM32\kernel.appcore.dll
0x00007ffd0ff20000 - 0x00007ffd0ff30000 	C:\Program Files\Java\jdk-11.0.8\bin\verify.dll
0x00007ffd15170000 - 0x00007ffd15354000 	C:\WINDOWS\SYSTEM32\DBGHELP.DLL
0x00007ffcf8770000 - 0x00007ffcf879c000 	C:\WINDOWS\SYSTEM32\dbgcore.DLL
0x00007ffd17a20000 - 0x00007ffd17aa3000 	C:\WINDOWS\System32\bcryptPrimitives.dll
0x00007ffd0eb80000 - 0x00007ffd0eba8000 	C:\Program Files\Java\jdk-11.0.8\bin\java.dll
0x00007ffd0ff10000 - 0x00007ffd0ff1a000 	C:\Program Files\Java\jdk-11.0.8\bin\jimage.dll
0x00007ffcf1690000 - 0x00007ffcf16c8000 	C:\Program Files\Java\jdk-11.0.8\bin\jdwp.dll
0x00007ffd0c7d0000 - 0x00007ffd0c7de000 	C:\Program Files\Java\jdk-11.0.8\bin\instrument.dll
0x00007ffd0eaa0000 - 0x00007ffd0eab6000 	C:\Program Files\Java\jdk-11.0.8\bin\zip.dll
0x00007ffd18c90000 - 0x00007ffd193cf000 	C:\WINDOWS\System32\SHELL32.dll
0x00007ffd153a0000 - 0x00007ffd15b30000 	C:\WINDOWS\SYSTEM32\windows.storage.dll
0x00007ffd17f60000 - 0x00007ffd182b5000 	C:\WINDOWS\System32\combase.dll
0x00007ffd16ce0000 - 0x00007ffd16d0c000 	C:\WINDOWS\SYSTEM32\Wldp.dll
0x00007ffd195c0000 - 0x00007ffd1966e000 	C:\WINDOWS\System32\SHCORE.dll
0x00007ffd188b0000 - 0x00007ffd18905000 	C:\WINDOWS\System32\shlwapi.dll
0x00007ffd171b0000 - 0x00007ffd171cf000 	C:\WINDOWS\SYSTEM32\profapi.dll
0x00007ffd09160000 - 0x00007ffd0916a000 	C:\Program Files\Java\jdk-11.0.8\bin\dt_socket.dll
0x00007ffd16a50000 - 0x00007ffd16aba000 	C:\WINDOWS\System32\mswsock.dll
0x00007ffd16740000 - 0x00007ffd1680c000 	C:\WINDOWS\SYSTEM32\DNSAPI.dll
0x00007ffd166f0000 - 0x00007ffd1672b000 	C:\WINDOWS\SYSTEM32\IPHLPAPI.DLL
0x00007ffd19ae0000 - 0x00007ffd19ae8000 	C:\WINDOWS\System32\NSI.dll
0x00007ffd0ebc0000 - 0x00007ffd0ec3f000 	C:\WINDOWS\System32\fwpuclnt.dll
0x00007ffd17490000 - 0x00007ffd174b7000 	C:\WINDOWS\System32\bcrypt.dll
0x00007ffd0c860000 - 0x00007ffd0c86a000 	C:\Windows\System32\rasadhlp.dll
0x00007ffd0ea80000 - 0x00007ffd0ea99000 	C:\Program Files\Java\jdk-11.0.8\bin\net.dll
0x00007ffd0f3e0000 - 0x00007ffd0f4eb000 	C:\WINDOWS\SYSTEM32\WINHTTP.dll
0x00007ffd0ea60000 - 0x00007ffd0ea72000 	C:\Program Files\Java\jdk-11.0.8\bin\nio.dll

dbghelp: loaded successfully - version: 4.0.5 - missing functions: none
symbol engine: initialized successfully - sym options: 0x614 - pdb path: .;C:\Program Files\Java\jdk-11.0.8\bin;C:\WINDOWS\SYSTEM32;C:\WINDOWS\WinSxS\amd64_microsoft.windows.common-controls_6595b64144ccf1df_6.0.19041.1052_none_60b8f8fd71f5e8cb;C:\Program Files\Java\jdk-11.0.8\bin\server

VM Arguments:
jvm_args: -agentlib:jdwp=transport=dt_socket,suspend=y,address=localhost:50450 -javaagent:C:\Users\hansonr\jee-2021-03\eclipse\configuration\org.eclipse.osgi\412\0\.cp\lib\javaagent-shaded.jar -Dfile.encoding=UTF-8 
java_command: com.integratedgraphics.ifs.ExtractorTest
java_class_path (initial): C:\Users\hansonr\git\IUPAC-FAIRSpec\bin;C:\Users\hansonr\git\IUPAC-FAIRSpec\lib\Jmol.jar
Launcher Type: SUN_STANDARD

[Global flags]
     intx CICompilerCount                          = 4                                         {product} {ergonomic}
     uint ConcGCThreads                            = 2                                         {product} {ergonomic}
     uint G1ConcRefinementThreads                  = 8                                         {product} {ergonomic}
   size_t G1HeapRegionSize                         = 1048576                                   {product} {ergonomic}
    uintx GCDrainStackTargetSize                   = 64                                        {product} {ergonomic}
   size_t InitialHeapSize                          = 264241152                                 {product} {ergonomic}
   size_t MarkStackSize                            = 4194304                                   {product} {ergonomic}
   size_t MaxHeapSize                              = 4227858432                                {product} {ergonomic}
   size_t MaxNewSize                               = 2536505344                                {product} {ergonomic}
   size_t MinHeapDeltaBytes                        = 1048576                                   {product} {ergonomic}
    uintx NonNMethodCodeHeapSize                   = 5836300                                {pd product} {ergonomic}
    uintx NonProfiledCodeHeapSize                  = 122910970                              {pd product} {ergonomic}
    uintx ProfiledCodeHeapSize                     = 122910970                              {pd product} {ergonomic}
    uintx ReservedCodeCacheSize                    = 251658240                              {pd product} {ergonomic}
     bool SegmentedCodeCache                       = true                                      {product} {ergonomic}
     bool UseCompressedClassPointers               = true                                 {lp64_product} {ergonomic}
     bool UseCompressedOops                        = true                                 {lp64_product} {ergonomic}
     bool UseG1GC                                  = true                                      {product} {ergonomic}
     bool UseLargePagesIndividualAllocation        = false                                  {pd product} {ergonomic}

Logging:
Log output configuration:
 #0: stdout all=warning uptime,level,tags
 #1: stderr all=off uptime,level,tags

Environment Variables:
JAVA_HOME=C:\Progra~1\Java\jdk-11.0.8
CLASSPATH=.;c:\temp\dist\dist\djmolplatform1
PATH=C:\Program Files\PerkinElmerInformatics\ChemOffice2020\ChemScript\Lib;C:\Program Files\Common Files\Oracle\Java\javapath;C:\Program Files (x86)\Common Files\Oracle\Java\javapath;C:\WINDOWS\system32;C:\WINDOWS;C:\WINDOWS\System32\Wbem;C:\WINDOWS\System32\WindowsPowerShell\v1.0\;C:\WINDOWS\System32\OpenSSH\;c:\d_drive\work;c:\temp\dist\dist\djmolplatform1;C:\Users\hansonr\AppData\Local\Microsoft\WindowsApps;
USERNAME=hansonr
OS=Windows_NT
PROCESSOR_IDENTIFIER=Intel64 Family 6 Model 142 Stepping 12, GenuineIntel



---------------  S Y S T E M  ---------------

OS: Windows 10 , 64 bit Build 19041 (10.0.19041.1023)

CPU:total 8 (initial active 8) (4 cores per cpu, 2 threads per core) family 6 model 142 stepping 12, cmov, cx8, fxsr, mmx, sse, sse2, sse3, ssse3, sse4.1, sse4.2, popcnt, avx, avx2, aes, clmul, erms, rtm, 3dnowpref, lzcnt, ht, tsc, tscinvbit, bmi1, bmi2, adx, fma

Memory: 4k page, system-wide physical 16124M (7028M free)
TotalPageFile size 29436M (AvailPageFile size 15066M)
current process WorkingSet (physical memory assigned to process): 56M, peak: 60M
current process commit charge ("private bytes"): 341M, peak: 344M

vm_info: Java HotSpot(TM) 64-Bit Server VM (11.0.8+10-LTS) for windows-amd64 JRE (11.0.8+10-LTS), built on Jun 16 2020 05:53:08 by "mach5one" with unknown MS VC++:1916

END.
