===============================
! found Test 0 acs.joc.0c00770/22567817
Extracting C:\Users\hansonr\git\IUPAC-FAIRSpec\.\extract\acs.joc.0c00770\IFS-extract.json
0.1.0-alpha
2 objects found
=====
extractObjects from file:///c:/temp/iupac/zip
extractObjects to C:\Users\hansonr\git\IUPAC-FAIRSpec\file:\c:\temp\iupac\ifs
found object {IFS.finding.aid.object::{IFS.finding.aid.source.data.uri::https://ndownloader.figshare.com/files/22567817}|{id=IFS.structure.param.compound.id::*}.zip|{IFS.nmr.representation.vender.dataset::<id>_{IFS.nmr.param.expt::*}/}}
pattern: ^(?<id>[^|/]+)\Q.zip|\E(?<IFS0nmr0representation0vender0dataset>\k<id>\Q_\E(?<IFS0nmr0param0expt>[^|/]+)\Q/\E)$
found 25 objects
found object {IFS.finding.aid.object::{IFS.finding.aid.source.data.uri::https://ndownloader.figshare.com/files/22567817}|{id=IFS.structure.param.compound.id::*}.zip|{IFS.nmr.representation.vender.dataset::<id>.mnova}}
pattern: ^(?<id>[^|/]+)\Q.zip|\E(?<IFS0nmr0representation0vender0dataset>\k<id>\Q.mnova\E)$
found 11 objects
! IFSFindingAid extraction complete:
! https://ndownloader.figshare.com/files/22567817
! 11 structures 36 specdata 36 structure-spec bindings
found 811 files
===============================
! found Test 1 acs.orglett.0c00571/21975525
Extracting C:\Users\hansonr\git\IUPAC-FAIRSpec\.\extract\acs.orglett.0c00571\IFS-extract.json
0.1.0-alpha
3 objects found
=====
extractObjects from file:///c:/temp/iupac/zip
extractObjects to C:\Users\hansonr\git\IUPAC-FAIRSpec\file:\c:\temp\iupac\ifs
found object {IFS.finding.aid.object::{IFS.finding.aid.source.data.uri::https://ndownloader.figshare.com/files/21975525}|FID for Publication/{id=IFS.structure.param.compound.id::*}.zip|<id>/{IFS.structure.representation.mol.2d::<id>.mol}}
pattern: ^\QFID for Publication/\E(?<id>[^|/]+)\Q.zip|\E\k<id>\Q/\E(?<IFS0structure0representation0mol02d>\k<id>\Q.mol\E)$
found 30 objects
found object {IFS.finding.aid.object::{IFS.finding.aid.source.data.uri::https://ndownloader.figshare.com/files/21975525}|FID for Publication/{id=IFS.structure.param.compound.id::*}.zip|<id>/{IFS.nmr.representation.vender.dataset::{IFS.nmr.param.expt::*}-NMR.zip}}
pattern: ^\QFID for Publication/\E(?<id>[^|/]+)\Q.zip|\E\k<id>\Q/\E(?<IFS0nmr0representation0vender0dataset>(?<IFS0nmr0param0expt>[^|/]+)\Q-NMR.zip\E)$
found 73 objects
found object {IFS.finding.aid.object::{IFS.finding.aid.source.data.uri::https://ndownloader.figshare.com/files/21975525}|FID for Publication/{id=IFS.structure.param.compound.id::*}.zip|<id>/HRMS.zip|**/{IFS.ms.representation.pdf::*.pdf}}
pattern: ^\QFID for Publication/\E(?<id>[^|/]+)\Q.zip|\E\k<id>\Q/HRMS.zip|\E(?:[^/]+/)*(?<IFS0ms0representation0pdf>[^|/]+\Q.pdf\E)$
found 30 objects
! IFSFindingAid extraction complete:
! https://ndownloader.figshare.com/files/21975525
! 30 structures 103 specdata 103 structure-spec bindings
found 3481 files
===============================
! found Test 2 acs.orglett.0c00624/21947274
Extracting C:\Users\hansonr\git\IUPAC-FAIRSpec\.\extract\acs.orglett.0c00624\IFS-extract.json
0.1.0-alpha
1 objects found
=====
extractObjects from file:///c:/temp/iupac/zip
extractObjects to C:\Users\hansonr\git\IUPAC-FAIRSpec\file:\c:\temp\iupac\ifs
found object {IFS.finding.aid.object::{IFS.finding.aid.source.data.uri::https://ndownloader.figshare.com/files/21947274}|primary NMR data/{id=IFS.structure.param.compound.id::*}/{IFS.nmr.representation.vender.dataset::<id>-{IFS.nmr.param.expt::*}/}}
pattern: ^\Qprimary NMR data/\E(?<id>[^|/]+)\Q/\E(?<IFS0nmr0representation0vender0dataset>\k<id>\Q-\E(?<IFS0nmr0param0expt>[^|/]+)\Q/\E)$
found 80 objects
! IFSFindingAid extraction complete:
! https://ndownloader.figshare.com/files/21947274
! 41 structures 80 specdata 80 structure-spec bindings
found 1425 files
===============================
! found Test 3 acs.orglett.0c00755/22150197
Extracting C:\Users\hansonr\git\IUPAC-FAIRSpec\.\extract\acs.orglett.0c00755\IFS-extract.json
0.1.0-alpha
1 objects found
=====
extractObjects from file:///c:/temp/iupac/zip
extractObjects to C:\Users\hansonr\git\IUPAC-FAIRSpec\file:\c:\temp\iupac\ifs
found object {IFS.finding.aid.object::{IFS.finding.aid.source.data.uri::https://ndownloader.figshare.com/files/22150197}|NMR/{id=IFS.structure.param.compound.id::*}/{IFS.nmr.representation.vender.dataset::{IFS.nmr.param.expt::*}/}}
pattern: ^\QNMR/\E(?<id>[^|/]+)\Q/\E(?<IFS0nmr0representation0vender0dataset>(?<IFS0nmr0param0expt>[^|/]+)\Q/\E)$
found 78 objects
! IFSFindingAid extraction complete:
! https://ndownloader.figshare.com/files/22150197
! 26 structures 78 specdata 78 structure-spec bindings
found 2489 files
===============================
! found Test 4 acs.orglett.0c00788/22125318
Extracting C:\Users\hansonr\git\IUPAC-FAIRSpec\.\extract\acs.orglett.0c00788\IFS-extract.json
0.1.0-alpha
1 objects found
=====
extractObjects from file:///c:/temp/iupac/zip
extractObjects to C:\Users\hansonr\git\IUPAC-FAIRSpec\file:\c:\temp\iupac\ifs
found object {IFS.finding.aid.object::{IFS.finding.aid.source.data.uri::https://ndownloader.figshare.com/files/22125318}|{IFS.nmr.representation.vender.dataset::{IFS.structure.param.compound.id::*-*}-{IFS.nmr.param.expt::*}.jdf}}
pattern: ^(?<IFS0nmr0representation0vender0dataset>(?<IFS0structure0param0compound0id>([^-]+(?:-[^-]+)*))\Q-\E(?<IFS0nmr0param0expt>[^|/]+)\Q.jdf\E)$
found 82 objects
! IFSFindingAid extraction complete:
! https://ndownloader.figshare.com/files/22125318
! 40 structures 82 specdata 82 structure-spec bindings
found 82 files
===============================
! found Test 5 acs.orglett.0c00874/22233351
Extracting C:\Users\hansonr\git\IUPAC-FAIRSpec\.\extract\acs.orglett.0c00874\IFS-extract.json
0.1.0-alpha
1 objects found
=====
extractObjects from file:///c:/temp/iupac/zip
extractObjects to C:\Users\hansonr\git\IUPAC-FAIRSpec\file:\c:\temp\iupac\ifs
found object {IFS.finding.aid.object::{IFS.finding.aid.source.data.uri::https://ndownloader.figshare.com/files/22233351}|NMR FID files/{id=IFS.structure.param.compound.id::*}/{IFS.nmr.representation.vender.dataset::{IFS.nmr.param.expt::*}/}*}
pattern: ^\QNMR FID files/\E(?<id>[^|/]+)\Q/\E(?<IFS0nmr0representation0vender0dataset>(?<IFS0nmr0param0expt>[^|/]+)\Q/\E)[^|/]+$
found 690 objects
! IFSFindingAid extraction complete:
! https://ndownloader.figshare.com/files/22233351
! 36 structures 690 specdata 690 structure-spec bindings
found 1865 files
===============================
! found Test 6 acs.orglett.0c00967/22111341
Extracting C:\Users\hansonr\git\IUPAC-FAIRSpec\.\extract\acs.orglett.0c00967\IFS-extract.json
0.1.0-alpha
2 objects found
=====
extractObjects from file:///c:/temp/iupac/zip
extractObjects to C:\Users\hansonr\git\IUPAC-FAIRSpec\file:\c:\temp\iupac\ifs
found object {IFS.finding.aid.object::{IFS.finding.aid.source.data.uri::https://ndownloader.figshare.com/files/22111341}|{id=IFS.structure.param.compound.id::*}//{IFS.nmr.representation.vender.dataset::<id>-{IFS.nmr.param.expt::*}/}}
pattern: ^(?<id>[^|/]+)\Q//\E(?<IFS0nmr0representation0vender0dataset>\k<id>\Q-\E(?<IFS0nmr0param0expt>[^|/]+)\Q/\E)$
found 0 objects
found object {IFS.finding.aid.object::{IFS.finding.aid.source.data.uri::https://ndownloader.figshare.com/files/22111341}|{id=IFS.structure.param.compound.id::*}/{IFS.nmr.representation.vender.dataset::<id>-{IFS.nmr.param.expt::*}.jdf}}
pattern: ^(?<id>[^|/]+)\Q/\E(?<IFS0nmr0representation0vender0dataset>\k<id>\Q-\E(?<IFS0nmr0param0expt>[^|/]+)\Q.jdf\E)$
found 3 objects
! IFSFindingAid extraction complete:
! https://ndownloader.figshare.com/files/22111341
! 3 structures 3 specdata 3 structure-spec bindings
found 1569 files
===============================
! found Test 7 acs.orglett.0c01022/22195341
Extracting C:\Users\hansonr\git\IUPAC-FAIRSpec\.\extract\acs.orglett.0c01022\IFS-extract.json
0.1.0-alpha
2 objects found
=====
extractObjects from file:///c:/temp/iupac/zip
extractObjects to C:\Users\hansonr\git\IUPAC-FAIRSpec\file:\c:\temp\iupac\ifs
found object {IFS.finding.aid.object::{IFS.finding.aid.source.data.uri::https://ndownloader.figshare.com/files/22195341}|NMR DATA/product/{IFS.nmr.representation.vender.dataset::{id=IFS.structure.param.compound.id::*}-{IFS.nmr.param.expt::*}.mnova}}
pattern: ^\QNMR DATA/product/\E(?<IFS0nmr0representation0vender0dataset>(?<id>[^|/]+)\Q-\E(?<IFS0nmr0param0expt>[^|/]+)\Q.mnova\E)$
found 57 objects
found object {IFS.finding.aid.object::{IFS.finding.aid.source.data.uri::https://ndownloader.figshare.com/files/22195341}|NMR DATA/starting material/{IFS.nmr.representation.vender.dataset::{id=IFS.structure.param.compound.id::*}-{IFS.nmr.param.expt::*}.mnova}}
pattern: ^\QNMR DATA/starting material/\E(?<IFS0nmr0representation0vender0dataset>(?<id>[^|/]+)\Q-\E(?<IFS0nmr0param0expt>[^|/]+)\Q.mnova\E)$
found 8 objects
! IFSFindingAid extraction complete:
! https://ndownloader.figshare.com/files/22195341
! 33 structures 65 specdata 65 structure-spec bindings
found 69 files
===============================
! found Test 8 acs.orglett.0c01043/22232721
Extracting C:\Users\hansonr\git\IUPAC-FAIRSpec\.\extract\acs.orglett.0c01043\IFS-extract.json
0.1.0-alpha
1 objects found
=====
extractObjects from file:///c:/temp/iupac/zip
extractObjects to C:\Users\hansonr\git\IUPAC-FAIRSpec\file:\c:\temp\iupac\ifs
found object {IFS.finding.aid.object::{IFS.finding.aid.source.data.uri::https://ndownloader.figshare.com/files/22232721}|metadataNMR/{IFS.nmr.representation.vender.dataset::NMR spectra.mnova}}
pattern: ^\QmetadataNMR/\E(?<IFS0nmr0representation0vender0dataset>\QNMR spectra.mnova\E)$
found 1 objects
! IFSFindingAid extraction complete:
! https://ndownloader.figshare.com/files/22232721
! 0 structures 1 specdata 0 structure-spec bindings
found 2 files
===============================
! found Test 9 acs.orglett.0c01153/22284726,22284729
Extracting C:\Users\hansonr\git\IUPAC-FAIRSpec\.\extract\acs.orglett.0c01153\IFS-extract.json
0.1.0-alpha
4 objects found
=====
extractObjects from file:///c:/temp/iupac/zip
extractObjects to C:\Users\hansonr\git\IUPAC-FAIRSpec\file:\c:\temp\iupac\ifs
found object {IFS.finding.aid.object::{IFS.finding.aid.source.data.uri::https://ndownloader.figshare.com/files/22284726}|*.zip|{id=IFS.structure.param.compound.id::*}/{IFS.nmr.representation.vender.dataset::{IFS.nmr.param.expt::*}.zip}}
pattern: ^[^|/]+\Q.zip|\E(?<id>[^|/]+)\Q/\E(?<IFS0nmr0representation0vender0dataset>(?<IFS0nmr0param0expt>[^|/]+)\Q.zip\E)$
found 34 objects
found object {IFS.finding.aid.object::{IFS.finding.aid.source.data.uri::https://ndownloader.figshare.com/files/22284729}|*.zip|{id=IFS.structure.param.compound.id::*}/{IFS.nmr.representation.vender.dataset::{IFS.nmr.param.expt::*}.zip}}
pattern: ^[^|/]+\Q.zip|\E(?<id>[^|/]+)\Q/\E(?<IFS0nmr0representation0vender0dataset>(?<IFS0nmr0param0expt>[^|/]+)\Q.zip\E)$
found 30 objects
found object {IFS.finding.aid.object::{IFS.finding.aid.source.data.uri::https://ndownloader.figshare.com/files/22284726}|*.zip|{id=IFS.structure.param.compound.id::*}/{IFS.structure.representation.cdx::*.cdx}}
pattern: ^[^|/]+\Q.zip|\E(?<id>[^|/]+)\Q/\E(?<IFS0structure0representation0cdx>[^|/]+\Q.cdx\E)$
found 9 objects
found object {IFS.finding.aid.object::{IFS.finding.aid.source.data.uri::https://ndownloader.figshare.com/files/22284729}|*.zip|{id=IFS.structure.param.compound.id::*}/{IFS.structure.representation.cdx::*.cdx}}
pattern: ^[^|/]+\Q.zip|\E(?<id>[^|/]+)\Q/\E(?<IFS0structure0representation0cdx>[^|/]+\Q.cdx\E)$
found 10 objects
! IFSFindingAid extraction complete:
! https://ndownloader.figshare.com/files/22284726
! 39 structures 64 specdata 64 structure-spec bindings
found 3985 files
===============================
! found Test 10 acs.orglett.0c01197/22491647
Extracting C:\Users\hansonr\git\IUPAC-FAIRSpec\.\extract\acs.orglett.0c01197\IFS-extract.json
0.1.0-alpha
2 objects found
=====
extractObjects from file:///c:/temp/iupac/zip
extractObjects to C:\Users\hansonr\git\IUPAC-FAIRSpec\file:\c:\temp\iupac\ifs
found object {IFS.finding.aid.object::{IFS.finding.aid.source.data.uri::https://ndownloader.figshare.com/files/22491647}|products/{IFS.nmr.representation.vender.dataset::{id=IFS.structure.param.compound.id::*}.mnova}}
pattern: ^\Qproducts/\E(?<IFS0nmr0representation0vender0dataset>(?<id>[^|/]+)\Q.mnova\E)$
found 46 objects
found object {IFS.finding.aid.object::{IFS.finding.aid.source.data.uri::https://ndownloader.figshare.com/files/22491647}|Substrate/{IFS.nmr.representation.vender.dataset::{id=IFS.structure.param.compound.id::*}.mnova}}
pattern: ^\QSubstrate/\E(?<IFS0nmr0representation0vender0dataset>(?<id>[^|/]+)\Q.mnova\E)$
found 15 objects
! IFSFindingAid extraction complete:
! https://ndownloader.figshare.com/files/22491647
! 61 structures 61 specdata 61 structure-spec bindings
found 63 files
===============================
! found Test 11 acs.orglett.0c01277/22613762
Extracting C:\Users\hansonr\git\IUPAC-FAIRSpec\.\extract\acs.orglett.0c01277\IFS-extract.json
0.1.0-alpha
1 objects found
=====
extractObjects from file:///c:/temp/iupac/zip
extractObjects to C:\Users\hansonr\git\IUPAC-FAIRSpec\file:\c:\temp\iupac\ifs
found object {IFS.finding.aid.object::{IFS.finding.aid.source.data.uri::https://ndownloader.figshare.com/files/22613762}|{IFS.nmr.representation.vender.dataset::alkylation orginal FID submitted/{id=IFS.structure.param.compound.id::*}/{IFS.nmr.param.expt::*}/}}
pattern: ^(?<IFS0nmr0representation0vender0dataset>\Qalkylation orginal FID submitted/\E(?<id>[^|/]+)\Q/\E(?<IFS0nmr0param0expt>[^|/]+)\Q/\E)$
found 124 objects
! IFSFindingAid extraction complete:
! https://ndownloader.figshare.com/files/22613762
! 63 structures 124 specdata 124 structure-spec bindings
found 6245 files
===============================
! found Test 12 acs.orglett.0c01297/22612484
Extracting C:\Users\hansonr\git\IUPAC-FAIRSpec\.\extract\acs.orglett.0c01297\IFS-extract.json
0.1.0-alpha
1 objects found
=====
extractObjects from file:///c:/temp/iupac/zip
extractObjects to C:\Users\hansonr\git\IUPAC-FAIRSpec\file:\c:\temp\iupac\ifs
found object {IFS.finding.aid.object::{IFS.finding.aid.source.data.uri::https://ndownloader.figshare.com/files/22612484}|NMR fids/{IFS.nmr.representation.vender.dataset::{id=IFS.structure.param.compound.id::*}/{IFS.nmr.param.expt::*}/}}
pattern: ^\QNMR fids/\E(?<IFS0nmr0representation0vender0dataset>(?<id>[^|/]+)\Q/\E(?<IFS0nmr0param0expt>[^|/]+)\Q/\E)$
found 58 objects
! IFSFindingAid extraction complete:
! https://ndownloader.figshare.com/files/22612484
! 29 structures 58 specdata 58 structure-spec bindings
found 1707 files
DONE failed=0
